Case #1: 1 0
Case #2: 8 3
Case #3: 5 1
Case #4: 4 2
Case #5: 3 1
Case #6: 9 3
Case #7: 10 10
Case #8: 7 2
Case #9: 0 0
Case #10: 0 0
Case #11: 0 0
Case #12: 8 3
Case #13: 8 8
Case #14: 3 2
Case #15: 10 5
Case #16: 8 6
Case #17: 0 0
Case #18: 7 2
Case #19: 10 10
Case #20: 8 8
Case #21: 9 3
Case #22: 4 4
Case #23: 8 2
Case #24: 10 10
Case #25: 6 3
Case #26: 1 1
Case #27: 1 1
Case #28: 6 1
Case #29: 2 1
Case #30: 7 2
Case #31: 6 2
Case #32: 1 1
Case #33: 3 3
Case #34: 0 0
Case #35: 7 2
Case #36: 9 1
Case #37: 0 0
Case #38: 6 1
Case #39: 9 5
Case #40: 7 1
Case #41: 7 1
Case #42: 8 3
Case #43: 0 0
Case #44: 7 1
Case #45: 8 8
Case #46: 7 1
Case #47: 1 1
Case #48: 5 5
Case #49: 0 0
Case #50: 0 0
