dissembling hasty-witted horn-beast
pribbling flap-mouthed horn-beast
reeky motley-minded horn-beast
gleeking tardy-gaited mumble-news
frothy weather-bitten horn-beast
reeky knotty-pated horn-beast
lumpish rough-hewn horn-beast
dissembling flap-mouthed horn-beast
currish milk-livered horn-beast
fawning onion-eyed horn-beast
gorbellied fen-sucked horn-beast
rank hedge-born horn-beast
unmuzzled common-kissing horn-beast
villainous common-kissing horn-beast
warped tickle-brained horn-beast
jarring spur-galled horn-beast
venomed clapper-clawed horn-beast
saucy base-court horn-beast
gleeking doghearted lewdster
mammering motley-minded horn-beast
dankish milk-livered horn-beast
droning fool-born horn-beast
wayward pox-marked horn-beast
errant rump-fed strumpet
dissembling ill-breeding horn-beast
fobbing fly-bitten strumpet
frothy full-gorged horn-beast
clouted full-gorged horn-beast
dissembling folly-fallen horn-beast
rank doghearted horn-beast
yeasty base-court horn-beast
spongy rump-fed horn-beast
beslubbering knotty-pated horn-beast
bawdy knotty-pated strumpet
warped fly-bitten lewdster
frothy rump-fed horn-beast
infectious milk-livered horn-beast
surly plume-plucked horn-beast
spongy folly-fallen horn-beast
gorbellied sheep-biting horn-beast
tottering full-gorged horn-beast
dankish folly-fallen lewdster
vain tickle-brained horn-beast
fobbing pox-marked horn-beast
unmuzzled pox-marked lewdster
bootless hedge-born horn-beast
spongy weather-bitten horn-beast
weedy pox-marked horn-beast
mammering onion-eyed horn-beast
tottering half-faced horn-beast
spleeny base-court horn-beast
qualling crook-pated horn-beast
vain guts-griping horn-beast
goatish elf-skinned mumble-news
jarring tardy-gaited strumpet
surly clapper-clawed miscreant
frothy dread-bolted clotpole
frothy beef-witted horn-beast
artless clapper-clawed strumpet
gorbellied ill-nurtured strumpet
fobbing milk-livered lewdster
jarring unchin-snouted horn-beast
frothy crook-pated horn-beast
beslubbering beef-witted lewdster
mammering milk-livered horn-beast
clouted base-court horn-beast
saucy full-gorged horn-beast
gorbellied common-kissing horn-beast
roguish crook-pated horn-beast
artless onion-eyed horn-beast
lumpish dread-bolted horn-beast
fawning toad-spotted clotpole
bawdy milk-livered horn-beast
reeky plume-plucked horn-beast
jarring flap-mouthed strumpet
beslubbering guts-griping horn-beast
frothy toad-spotted horn-beast
wayward weather-bitten horn-beast
saucy flap-mouthed clotpole
unmuzzled pottle-deep horn-beast
vain tardy-gaited mumble-news
warped tardy-gaited horn-beast
puny base-court horn-beast
saucy half-faced horn-beast
rank crook-pated horn-beast
mammering knotty-pated lewdster
spleeny flap-mouthed horn-beast
impertinent fool-born horn-beast
rank base-court horn-beast
surly full-gorged horn-beast
frothy onion-eyed horn-beast
yeasty clapper-clawed strumpet
roguish plume-plucked horn-beast
jarring rough-hewn horn-beast
goatish pottle-deep horn-beast
lumpish tickle-brained horn-beast
puking toad-spotted horn-beast
artless shard-borne mumble-news
surly plume-plucked lewdster
vain motley-minded horn-beast
saucy fly-bitten bum-bailey
errant doghearted horn-beast
beslubbering tardy-gaited horn-beast
roguish folly-fallen horn-beast
lumpish beetle-headed lewdster
surly base-court horn-beast
warped tickle-brained lewdster
beslubbering fool-born horn-beast
vain dread-bolted horn-beast
beslubbering crook-pated bum-bailey
mammering flap-mouthed horn-beast
pribbling dread-bolted horn-beast
wayward elf-skinned horn-beast
puking milk-livered horn-beast
rank elf-skinned horn-beast
ruttish weather-bitten horn-beast
reeky motley-minded lewdster
ruttish pottle-deep horn-beast
mangled pox-marked clotpole
cockered motley-minded horn-beast
weedy clapper-clawed horn-beast
tottering milk-livered lewdster
loggerheaded hasty-witted horn-beast
mammering pottle-deep horn-beast
frothy rough-hewn horn-beast
puny fat-kidneyed lewdster
droning fly-bitten horn-beast
vain crook-pated lewdster
artless elf-skinned horn-beast
vain sheep-biting horn-beast
infectious toad-spotted bum-bailey
saucy tickle-brained horn-beast
dissembling plume-plucked horn-beast
cockered unchin-snouted horn-beast
spongy shard-borne horn-beast
weedy milk-livered horn-beast
warped rough-hewn lewdster
spleeny beef-witted horn-beast
reeky fly-bitten horn-beast
bawdy common-kissing horn-beast
paunchy crook-pated horn-beast
spleeny folly-fallen horn-beast
puny guts-griping horn-beast
lumpish hasty-witted horn-beast
mangled rump-fed mammet
dissembling reeling-ripe horn-beast
spleeny doghearted horn-beast
mammering hasty-witted clotpole
beslubbering guts-griping lewdster
cockered onion-eyed horn-beast
droning toad-spotted mammet
saucy tickle-brained clotpole
spleeny clapper-clawed ratsbane
mammering beetle-headed clotpole
beslubbering dread-bolted horn-beast
reeky unchin-snouted horn-beast
vain hasty-witted horn-beast
mammering base-court strumpet
paunchy hasty-witted horn-beast
venomed full-gorged horn-beast
gleeking toad-spotted horn-beast
unmuzzled elf-skinned bum-bailey
cockered tickle-brained lewdster
cockered beetle-headed horn-beast
artless unchin-snouted horn-beast
unmuzzled full-gorged horn-beast
surly milk-livered horn-beast
froward folly-fallen horn-beast
dissembling sheep-biting horn-beast
spleeny weather-bitten horn-beast
warped full-gorged horn-beast
beslubbering rough-hewn strumpet
rank pottle-deep horn-beast
beslubbering onion-eyed horn-beast
errant milk-livered fustilarian
vain sheep-biting lewdster
cockered fool-born lewdster
reeky clapper-clawed horn-beast
tottering onion-eyed horn-beast
mangled weather-bitten horn-beast
roguish beef-witted horn-beast
pribbling folly-fallen horn-beast
fawning motley-minded horn-beast
unmuzzled knotty-pated lewdster
pribbling milk-livered horn-beast
puking toad-spotted lewdster
bootless fly-bitten horn-beast
spongy base-court horn-beast
paunchy ill-nurtured horn-beast
surly toad-spotted varlot
bawdy unchin-snouted horn-beast
mammering common-kissing horn-beast
surly milk-livered miscreant
artless common-kissing nut-hook
rank hasty-witted clotpole
venomed plume-plucked lewdster
jarring reeling-ripe horn-beast
venomed elf-skinned lewdster
cockered dismal-dreaming horn-beast
qualling dread-bolted horn-beast
roguish guts-griping strumpet
fawning clapper-clawed bum-bailey
warped sheep-biting horn-beast
bootless ill-breeding horn-beast
mammering weather-bitten horn-beast
fawning ill-breeding horn-beast
mammering shard-borne horn-beast
bootless flap-mouthed horn-beast
rank fat-kidneyed strumpet
spleeny fen-sucked horn-beast
roguish hell-hated horn-beast
dankish hedge-born horn-beast
villainous weather-bitten horn-beast
lumpish flap-mouthed horn-beast
jarring fool-born horn-beast
paunchy beef-witted horn-beast
warped toad-spotted lewdster
mangled fool-born horn-beast
clouted sheep-biting horn-beast
craven folly-fallen horn-beast
goatish weather-bitten horn-beast
jarring flap-mouthed horn-beast
spongy fly-bitten horn-beast
spongy hedge-born horn-beast
rank weather-bitten lewdster
ruttish milk-livered horn-beast
paunchy beetle-headed horn-beast
saucy motley-minded horn-beast
mangled rough-hewn strumpet
frothy doghearted clotpole
qualling pottle-deep horn-beast
infectious beef-witted horn-beast
jarring dread-bolted horn-beast
bawdy plume-plucked horn-beast
venomed milk-livered strumpet
artless hedge-born lewdster
rank rough-hewn lewdster
saucy hasty-witted strumpet
ruttish crook-pated horn-beast
gorbellied pottle-deep horn-beast
warped pottle-deep horn-beast
tottering hasty-witted mammet
gorbellied toad-spotted miscreant
wayward milk-livered horn-beast
vain rump-fed horn-beast
weedy common-kissing horn-beast
puny sheep-biting horn-beast
dissembling fly-bitten clotpole
warped motley-minded lewdster
surly milk-livered varlot
roguish milk-livered bum-bailey
droning ill-breeding horn-beast
roguish rough-hewn clotpole
froward toad-spotted bum-bailey
warped dread-bolted horn-beast
gorbellied milk-livered horn-beast
yeasty clapper-clawed horn-beast
warped onion-eyed horn-beast
jarring pox-marked horn-beast
pribbling hasty-witted horn-beast
errant toad-spotted horn-beast
villainous fly-bitten strumpet
saucy rude-growing horn-beast
surly fool-born horn-beast
jarring elf-skinned horn-beast
lumpish clapper-clawed horn-beast
gorbellied hasty-witted clotpole
reeky hasty-witted horn-beast
rank rough-hewn horn-beast
errant tardy-gaited lewdster
droning reeling-ripe lewdster
mammering plume-plucked horn-beast
frothy tardy-gaited horn-beast
qualling flap-mouthed horn-beast
impertinent base-court lewdster
beslubbering clapper-clawed clotpole
infectious hell-hated horn-beast
spleeny milk-livered bum-bailey
unmuzzled elf-skinned lewdster
spleeny tickle-brained horn-beast
rank elf-skinned clotpole
rank fly-bitten horn-beast
infectious unchin-snouted horn-beast
mammering rough-hewn horn-beast
churlish rump-fed strumpet
beslubbering crook-pated clotpole
droning sheep-biting horn-beast
venomed milk-livered horn-beast
tottering rump-fed strumpet
dissembling plume-plucked lewdster
reeky pottle-deep lewdster
infectious hasty-witted horn-beast
puking fly-bitten horn-beast
reeky dread-bolted horn-beast
venomed folly-fallen horn-beast
roguish unchin-snouted horn-beast
artless knotty-pated miscreant
vain knotty-pated lewdster
rank tickle-brained ratsbane
dissembling tardy-gaited horn-beast
errant crook-pated horn-beast
droning clapper-clawed wagtail
reeky fat-kidneyed lewdster
gleeking toad-spotted lewdster
mewling fool-born horn-beast
beslubbering motley-minded horn-beast
rank dread-bolted horn-beast
spleeny hasty-witted horn-beast
warped crook-pated horn-beast
vain doghearted lewdster
droning toad-spotted clotpole
mammering clapper-clawed clotpole
mammering full-gorged horn-beast
saucy toad-spotted clotpole
gorbellied sheep-biting strumpet
bootless onion-eyed horn-beast
vain fool-born lewdster
paunchy hell-hated horn-beast
jarring folly-fallen horn-beast
cockered toad-spotted horn-beast
gorbellied flap-mouthed lewdster
infectious knotty-pated horn-beast
mammering motley-minded bum-bailey
lumpish tardy-gaited horn-beast
infectious rough-hewn horn-beast
gorbellied tardy-gaited horn-beast
spongy common-kissing lewdster
droning tickle-brained miscreant
warped doghearted lewdster
venomed clapper-clawed lewdster
surly half-faced horn-beast
clouted ill-breeding horn-beast
errant rough-hewn strumpet
droning tickle-brained horn-beast
roguish flap-mouthed horn-beast
vain idle-headed horn-beast
currish crook-pated horn-beast
surly unchin-snouted horn-beast
reeky flap-mouthed horn-beast
dankish clapper-clawed horn-beast
infectious pox-marked lewdster
mangled fly-bitten miscreant
droning fly-bitten wagtail
beslubbering boil-brained lewdster
warped folly-fallen lewdster
errant elf-skinned lewdster
weedy rump-fed horn-beast
yeasty guts-griping horn-beast
yeasty dread-bolted horn-beast
unmuzzled elf-skinned horn-beast
fobbing clapper-clawed lewdster
dissembling rough-hewn horn-beast
puking swag-bellied horn-beast
droning pottle-deep lewdster
pribbling plume-plucked horn-beast
fawning beef-witted horn-beast
cockered hasty-witted horn-beast
puking elf-skinned horn-beast
bootless toad-spotted horn-beast
infectious clapper-clawed bum-bailey
cockered dread-bolted horn-beast
infectious tardy-gaited horn-beast
clouted tickle-brained horn-beast
mammering hasty-witted bum-bailey
roguish dread-bolted horn-beast
froward pottle-deep horn-beast
bootless beef-witted horn-beast
dankish guts-griping horn-beast
mangled fool-born bum-bailey
roguish tickle-brained horn-beast
surly pottle-deep horn-beast
infectious fly-bitten horn-beast
frothy flap-mouthed lewdster
cockered folly-fallen horn-beast
fobbing elf-skinned mammet
saucy fen-sucked horn-beast
rank folly-fallen horn-beast
gorbellied fly-bitten clotpole
surly rough-hewn horn-beast
bootless elf-skinned lewdster
unmuzzled plume-plucked horn-beast
rank fool-born horn-beast
mangled fen-sucked strumpet
fobbing onion-eyed horn-beast
jarring tickle-brained strumpet
fobbing clapper-clawed horn-beast
venomed reeling-ripe horn-beast
tottering dread-bolted horn-beast
beslubbering tickle-brained strumpet
clouted half-faced horn-beast
impertinent fool-born lewdster
mangled rump-fed clotpole
fobbing swag-bellied lewdster
venomed crook-pated horn-beast
rank clapper-clawed mammet
pribbling motley-minded horn-beast
roguish full-gorged horn-beast
churlish fat-kidneyed horn-beast
venomed fat-kidneyed horn-beast
rank fly-bitten miscreant
mangled tardy-gaited horn-beast
beslubbering full-gorged horn-beast
saucy common-kissing horn-beast
pribbling milk-livered lewdster
saucy milk-livered horn-beast
impertinent folly-fallen lewdster
infectious base-court horn-beast
infectious swag-bellied horn-beast
mammering hedge-born horn-beast
spongy common-kissing horn-beast
saucy clapper-clawed ratsbane
warped hasty-witted horn-beast
mammering unchin-snouted horn-beast
impertinent hell-hated horn-beast
beslubbering dismal-dreaming horn-beast
spongy elf-skinned horn-beast
bootless flap-mouthed lewdster
frothy milk-livered strumpet
saucy toad-spotted strumpet
unmuzzled rough-hewn horn-beast
artless spur-galled horn-beast
reeky onion-eyed horn-beast
rank pox-marked fustilarian
fawning toad-spotted bum-bailey
churlish clapper-clawed horn-beast
beslubbering beef-witted horn-beast
frothy dismal-dreaming horn-beast
spleeny fly-bitten horn-beast
reeky fool-born horn-beast
yeasty crook-pated horn-beast
unmuzzled pox-marked horn-beast
surly hedge-born horn-beast
spongy fat-kidneyed horn-beast
gorbellied toad-spotted clotpole
vain spur-galled horn-beast
cockered toad-spotted lewdster
dankish fen-sucked horn-beast
gorbellied flap-mouthed horn-beast
spongy reeling-ripe lewdster
droning dizzy-eyed lewdster
frothy unchin-snouted horn-beast
infectious elf-skinned horn-beast
wayward swag-bellied horn-beast
rank common-kissing horn-beast
surly shard-borne horn-beast
impertinent elf-skinned horn-beast
pribbling swag-bellied horn-beast
bootless rough-hewn horn-beast
pribbling clapper-clawed horn-beast
rank milk-livered horn-beast
rank pox-marked bum-bailey
fawning dread-bolted horn-beast
weedy toad-spotted horn-beast
paunchy shard-borne mumble-news
vain crook-pated horn-beast
puny rump-fed lewdster
impertinent hasty-witted horn-beast
fawning fat-kidneyed horn-beast
fawning folly-fallen horn-beast
jarring tickle-brained horn-beast
mangled rump-fed horn-beast
gorbellied reeling-ripe horn-beast
currish elf-skinned horn-beast
unmuzzled hedge-born horn-beast
impertinent unchin-snouted horn-beast
rank fat-kidneyed horn-beast
jarring ill-nurtured horn-beast
rank pottle-deep lewdster
fawning clay-brained horn-beast
bawdy weather-bitten lewdster
fawning knotty-pated mumble-news
venomed dread-bolted lewdster
dissembling fat-kidneyed horn-beast
surly tickle-brained strumpet
jarring elf-skinned strumpet
unmuzzled folly-fallen lewdster
tottering hasty-witted lewdster
vain elf-skinned horn-beast
puny knotty-pated miscreant
venomed ill-nurtured horn-beast
vain elf-skinned lewdster
droning tardy-gaited horn-beast
churlish clapper-clawed lewdster
mangled rough-hewn clotpole
roguish milk-livered skainsmate
yeasty fen-sucked horn-beast
tottering swag-bellied lewdster
warped elf-skinned horn-beast
mammering hasty-witted horn-beast
beslubbering weather-bitten horn-beast
surly ill-breeding horn-beast
paunchy idle-headed horn-beast
gorbellied weather-bitten horn-beast
dissembling base-court horn-beast
bootless fen-sucked horn-beast
warped dread-bolted lewdster
errant toad-spotted clotpole
mangled rough-hewn horn-beast
fawning toad-spotted lewdster
beslubbering ill-breeding horn-beast
