RRGYUTOVQHZIAQASROBXZPRPWZQSMLETOBHNWZQ
IKLLJKLKJJKKJJJKLLIJKKLIKKLIKLIKLKIJLJJ
OQNLLPNOKQLPQNLLRMRNLPNOJPLPOROMNQNQMRM
DIRTVRTWNRTXARTGMRTEMRTIURTUIRTXURTFRTE
SPOTRSVVOQQSSVVTWVUPQQRQSVVTVSPOPTWRQMO
QBBREBBFSBBTKBBLOBBPMBBNIBBJGBBHUCBBDAA
ZOPLOFNXDMGDZBTJLEJNCRLUQQALWPONEBHWIQP
OPOHLVCHPBGXYRBRKVQAMQSQVGCNCNDGPTYHUDJ
ZUZTWVEYMKWMGUCWTTCYUCWJIDLVZRFVNOJLZXL
NKLLTXWRBKNFLSVTTHNVWTPTPUZDKAYLBINILKA
RMUWZYXSYNEFLWUBOBNGAWJBQLITCIPLZETCIPL
OIMXMXGFRRXGPTOYOYPJOHUFUFOIGFRRPJOHIPT
FAAGJAAKRAASNAAOHAAILAAMPAAQDAAETBAACAA
IBODEBOFYBOVCBOTQBOYABOXJBZBBBOIWBOZBOQ
RNMPNSNLTROLLNPOMPLNNLOKPONSOLRNOKMOSTR
JIPNLWLSNWQPTOQMMLOTSISWPPMKMWILKXHLONJ
QPRTNTNKJNTNNTNKUJNTQNOLOTQMNOLPISRSRSS
CDCDJJIIEEFEGHGGMMNNOOPOKLKKRRQQSABABAB
FPNCLCHVVWFPCHVWUHLLEUHLHVWFWFPNLLCHLLC
NLCCQLCBMLCMILCGELCJPLCWALCFLPLCNLCXLCJ
NOQPOQPWPWOUQRNOPUVTOUPUWOUPUPUVRNOQPWO
WZRQCTXDEGHXJMBERKKTQRQPSOMXHDKRJZSSFRK
OKJMRNOKLPPSNOKNJMRRSPKPOKSPPSRNRROKNLP
NMMNLKLLJJJJGGGGOPOOEEFERRRRDDCDABBBAAA
HINMPSERONIFGSHHUNPGMHSPRJQLJTPULOFTFPO
DCDAEFFFEDDCDDCDFEDDAACCBBEFABEEFBAEFFF
UFLTLDMVCKVPROLZOWNHSSOBUSPDIDMFGXCPSEC
ONLKKJPIQHLNLNJKJKONLMKJLKHNPIQHHNQPOPA
JVTNQPORMIPWVWQPTNLLPLJMLLPLPWVWJMMIVJV
MDLMMMCLMHECLMHEECMMCMMCMCLJCLJJDLMHECM
XBOYYHRRUDYLRWIQEKCUNRMEUXGILMLUQPFORSN
PNNWFNNJENNCRNNHJNNXKNNCPNNRCNNZONNUONN
GHWGRBGPBIYXHOSNCIXKLHZOXLXSCMTKBTQIUMN
OXRPSXXSWQRVOSNPRVXNSUOXOOSUXNOSUOXRPXX
CFKQKICJFNHFIIKEFCKERMQQNJKGKCIOHMIEDOM
NSLQMPQQSLSTMSNSLQSTSTMPQQQMQMSLQMMSTTR
URUTSRTUTVVSSSWVWWURVSTSSUUSRRSTRRWVRVR
ZDYOJDYRYDYDLDYNTDYIIDYSWDYQYDYQDDYADYX
FBDCHGCHEGHFBHEEEEHEBFEBCGECEEFECCCEDFH
QSNPPRSORQMRQOOPOQQSQMNOOQOORNOQRPRNRQM
PONLSQPQRQQQRQSSQNNQLPQRQPOPLQPRRSLRPNR
TRVWSXRTXPSXPPTRZSVQVUSXPSXRPTOPSXUPXWP
QKSXJXOXRUJXUJXOQKSXUSLJUSLJTHHJXQKSXVR
LNJYYQKKLOFDDXYVRCHLHBFLKFNSVJIYYWSJYEH
VMGHOBVHGHFMUKOBPTGHDPPTGHUKVHUHUHOKDPA
NSIZPXOTWVHMIHRYTKEIYCUJXXVWMHONJMUPTFX
AAPAUAPNIAPZCAPNCAPOZAPCAAPADAPLOAPIAPZ
WNGJGWJSQUOQWVNJSOFWQLWQQMNWJIIGGMHKSQQ
FFVMENZICWJFITWPBTYOLJWKHZDDHASEPROAVCR
AHZRARUTCIWJAEWWWWVGVLNBELTBRZOEPQYOMPG
KRPTTUUUUQPPKUSKPJKOLJNKPRPPUPPQQSLNHML
CKKNWIOJGAYXBMXAVVUYCMJFINXKXHHTPOASOXH
LPZXYWNPMOZALUUGVBVZWTKXVVIFIFICTYNHZSA
JJJJFFFFHGGGPPPPDDDCNMMMKKLLQRQRABBABBA
UYJKKDETQHBIOCRHVUGPAERLWHMRFVSQBRNZXRJ
IEPOIBQTERCOHNEIJFMGDRDEBGHIDRDEMFEQQTT
JWDDKYTCICHXKYTCBAWQVKYJIGBWDSKAXYHLVOE
EXWOSHMKFKEYJWJOVIMKUHBHRKHLGLUKAEIMBLD
LJLJKJJLKKLLLKJKKJLJJKJJLLJKLJKLKJKLLJL
KQOLVVNJEFVVCMRSKKNEBFIVEFVVRSKTLHKKNAA
QSWGIHSXYWQQQMSMMTHKKZVQGJIIQLIJXWGNHXY
RBDJMWUODJLPGURURUDBDBQULPGUQUMWWMQERBA
QOWFAVATECUOZJTDGFBHTHMOETCEMZWHCRBWQQP
RPWROWHMWPFGORKWWOJVMISTVMPRRLUOGPPTTHW
HZXCJGEBMQUXAUHFSZHNMQLUMRXKKSKXDRELDRE
FCEAABGFFECGAEEFGBCFDDEAGEFFBBDDFFCCEEB
MMNMRRQRLLKLOPPOEFEFCCDCIJIJHHHGSTBAABA
FHGKLJLLEFFHFKJHIJEGLLEKLEKLIKHGGLFLLFE
HXBPBDDVDVSGTMDERQMHAFDPUCCIYXNFMLKCIOL
KJDIBEDBKHBKAJDFBCAKIAJBBABAGJBBDBCJGCG
RUGRWKDRDRUGPNVMUGRPRPNVKDRUJWKDGRPNVML
LVNKUUISVVBWXPXJJGVVQDDBUISBFWCNAOUEJST
VPTLLLSVMQRVVMPQQQQNQNMKOPVOPRKTSLMPAAA
YFKFLAOLHDWWIDYFXZIUWHVCLGDRWLGDWKCBGYD
QYAYUUBIQUCJUZSOUWKYGFXWRMNXRZUADUICJYY
EAUEHVBKVBKJPWHVAUEIWEAUJWEAKJWEWHVBKJW
IHJNMLNLLJIMMMLNIMMLNLJIJNLJHJNLKIHJIMM
MHHNWHHXOHHPSHHTUHHVQHHRYHHZKHHLIHHJAAA
OBBPGBBHKBBLEBBFMBBNQBBRIBBJSBBTCBBDAAA
VVVWVWWVVWVWVWWVWVVVVVWVWVVVWVWVWVWVVVW
LKJLPWQZLRXKJDQZNCLWZHWBFNYLYWOAAWGQZCO
RSRTSRRTRSRRSSSRSSSRTRRSSRRTSTRTSSSRRRT
PEEQREESTEEULEEMHEEINEEOVEEWJEEKXEFEEGA
LWMUWMUPUVURFLWMIUVUPIUVUPIUMUPIVURXFLW
DNNSLGEKJPDRSBIKJMFMQPNNDLONHQMMDDOIJMA
KRSIOBYYFYKMRQZITUHMLPDLHIGTTUHMHQJUAHC
LGLILIJNLIJFLHNIGLLHMGMGLGLGJFLIJNMGGLA
LFGGKKMJGGNLOKKMGNLOOLFGLOKKFGGNNLOKMJK
SAERERCBJKHFIAORFTFLFLSACBIAORFLHFIAJKA
QHDWHDWSGOGQKLNPOGQHRKLNSRKLWSRKGQHDWSR
QPPQWPPWGPPKLPPMJPPJLPNPDPPPQPPOUPPNPPP
POAKRAPOWDYVJVEZGPTVJXCXMOFBFZZCEASJDYA
HOQNNLPJNIGIPJQHOLKOMQRHRHIOOPGKLIKKGIG
SYYPVQVTRSSWXQUSSPSVSWTUWTXSPUYSUXSSSTR
ZIOSQVHEJSPUPIWMPWMOXLNICAAWBATFSYMITAA
VFLYQCCFJAJRGJASEKWFUULTWDBQMQUEIYBQYMA
KLKLLMMMMMMKKMLMLMMLKLMMLKKLMLMKMMKMKLK
TRSQJRSDHRSXMRSBGRSVGRLRLRSKWRSCCRSFRSP
VVRTUSURURUTSURUSUSUUVVRTUSURTUSVRTUSUS
WZLSZHJFSWQATDYTJSWQNQPKZRKTLLZRCLEBNYS
MOHNRPLFOMLDNEJORODRFFGHDSDRORMRHLLMCPO
NGFHLFONFOHNNIJLLGNLKHKKKINFJFINHIMOMMJ
QQJOJKNKOLMJLRMMMKJMMQQKKIOQOQQPKOMLROL
FDHQEPCOEABTSLDFLZIBHTFBMVFXTZJGAMLVLAA
RSSUPPPPSTUPURSQURSQRSQSPRQQRSQSRUUTAAA
NNMMEEEEPOPOJIIJHHHHQQQRDDCDLLKLBAABAAB
JHSSELEOJPPFIELEKFNIRKRNDQSERDSKGSDOFLI
KKPKFQXDDBFUJKRIKFHMCJYUEURIKFHMFLNZUEN
BSHDMHIGQNESJOLCDNGFTGQLJEQNQTIEBQTOPRA
SIWRCNOHRSMJTUNTTUMUBJAXOUSOIGYXMUJBPIN
QWCECEZXDPMQTMCBVVLYWUALPIKVWUALFVXGUQN
SSRTSRSRSTRRTRRRTSTSSTSTTSSSSSSSTRTSTSS
WONOSIMWTPKOOHLVRPUTOWMPPVVTWUIWTLHLPPS
OQLNRSEEKDBRTFRSGFOQNJISISTFBRGFLNJANJA
MCIEEMEFJKKALCOLFJMFFOALCEDJLFHMAFKMKAL
FXOYTTMDQBKWLJTSVSJVSAOWMKLBJOXZPJOXQJW
EDEBDEBDDEEBEKEDDCHDCHDEEBDCKEDEBDCHDEE
RMYNMMYIMMYKPMYMQMYXOMYAHMYMXMYSFMYTMYH
LVOLVVLNORVROSLRVPMPORVRRNRMUVUNVTRMMUQ
PXAEIXATPXXACXAVCXANXXAEYXAWGXAOVXASXAM
YNSTTZUOUOQYZUOQYOWWQYOWOQYONSTZTYNSTZU
EBBFIBBJOBBPQBBRKBBLMBBNGBBHSBBTUCBBDAA
BNTIEBYSPYMPWENTIRGIZCXZVFPEEPOBOBYUVQO
DLCFPVAKRGSGVRNYNYKLVZBCNVWYXMQKYQQQAVY
AOIJYMYAMYAHHVNAVNAOYAHVOIJAAHVNNAOIJAH
RAASJAAKDAAEHAAIPAAQFAAGNAAOLAAMBAACAAA
FVXNLLSUWYHPWHHFBPSXHRMJXOWXMATXJURIVBW
ZZLXOOGJGWPAVSNHWPFCUCIQTYTXCMRKDSRDFGA
MRGNYRGSYURGHRGBARGOURGIERGFMRGSCRGRRGX
SIXOWITEKYWLCCHLOAZLXZKVOGQQLFEPZTTNAIA
EEFEKKKLPOOOQRQRCDCCJJJJGGGHMMNMBBAAAAA
PWMWYOXTSYVZKGYEUDLNROOIQXRCYVZIQIEHJVB
QJSRIJKINRQRNMKNORRPROJQPNSPRKROIOKOROI
RTOIQIQOQMMQVCJNKMRHYDAVXDDASCETQGRMMQC
UYYIMAVBTGMNQYEAOEFKMUUKEDFITRSLESKXYCW
NNKNMNLLLKKMNMMLNKNLNMMLMMMKLMNLNLKKNKM
EJZPFJZJBJZAMJZQQJZPHJZFQJZOWJZBXJZPAAA
DGEHHAAHFLKDEBBJBIGFHLDEABCLFKHALKADBDB
BGGICBAGCAABGIACIIBGACFAIFCBFACAAGHABIF
UOCAHOCTLOCHUOCOUOCUUOCBEOCAUOCVOOCOOCO
QBBREBBFOBBPSBBTGBBHMBBNIBBJKBBLUBCBBDA
XDGVKKXDKXDGGVMAAVYMVMAAVYMIAAVYDGVMAAV
LLKLEEFFDDDDNMMNJIIIHHGHQRRQPOOOTBBBBBB
EBBGSQFGQYCYYGBEGJSJPRQSQBDQGHDKJFWOIRQ
PSYUXSRNORQQTPORPORQWSTPWTPSSTPOWYWSRNO
QBBRGBBHOBBPMBBNEBBFSBBTKBBLIBBJCBBDAAA
WJXFVYFQFQLSXFLNLSZULGWJVMHSLNVYZUOEVMA
LSTGHEPPHIZXSIYGIRXFMEKYSIYGRJIGPRYYOVG
HHYYUHYXKHYXMHYRTHYKCHYIIHYNHHYUOHYAHYG
KSMHSSMTQSMUEPSMNSMYPSMSNSMNMSMPNSMMSMB
OPPOEEFFHGHHIJJIQQRRMMMNKLLKCCCDSSAAAAB
WVVXXXXVWXVVXWXXVVVVWVWWVVWXXWXWXWVWWWX
GCRLTEFHEEJIDVIVDOVWETTPIVCYNIPEHVWFJLE
CSLSLSRNSLSRPPCSSRNVPCSLVDJONVDJRNVDJOP
SQGIYQGCKQGGJQGIPQGMFQGEVQGFNQGWBQGJQGB
EISPISPFHFFSFSGKSGKLSPFQLEISKLEIFFSGKLE
PIIQTIIUVIIWXIIYRIISZIIALIIMNIIOJIIKAAA
MEHXSEHJCEHLSEHJNESETEHOVEHZUEHQCEHSEHB
RRQWORVRRRQWTTTVRRQWTTVPWOOPQWSWUUUTPTA
TNQWMLLSVTMLPXLVMLUQVURWWWWSLSSWSRUUPML
QQRRNNNMJJIJGGGGEEFFCCDCLLLLPPOOBABABAA
SKOLLOIWWPLTLJRWIQWLWHQMWLJWMLPLLIHUPQI
RQPTUOTNQOQRQORUNSUQPQRRRRUOQPNPTOSRNPQ
VMQTMSSQOTVPTMTQOTQVQNRUPPQQQQOOUOMMSNO
ZFFCIFQAVCAJLPMKYMVOOVMKGAKUJCEJSEMGKRT
NOXLWSRSTXNWSWXXYQLYUTMYYMUNLLQOOPWRMXT
KBGJBGJHBEEDJHHBHBEEGJHHEDHJGKBGHHBEEDH
HCCILCCMJCCKPCCQFCCGNCCOTCCURCCSDCCEAAA
GHHGLKLLCDCDPPPOQRRREFFFIIIINMNMSTBBBAA
NONRVPWTOTKUSHNILQLTHMTSLNOTRNMHMJWWTUR
QPHYKMPCHCPRZOTOYSSAXAVKIMHAMFQPXDIWNUA
NLLKQLLKRRQNQNKPRKPOLKRRONRKKPQLPONLKQN
FCKMASIJUWQBUWQBUUJMKSNZVFDKFHQLFZFXILA
VNKOMLNTLNTJRVVRUQPVNSPKVVYJMLNTPVVYJKU
FRAVBGXHYXUMEFXNAJOHHLMMDTATVAGWINKKJTN
ESCJESCAASCVFSCITSCULSASGSCJPSCYNSCXSCI
NMNNQRRQEEEFDDCDGHHGLKLLIJIJPOPPTSBABAA
BVWMULFNHONHNPUJELWTCABRKGRZLFNXJSJUILU
RRRQPOOODDCCNMMNEEFEJIIIHHGHLLLKBABBABB
IENRWVIBMHDBPTAUZDHOBSOTDYWUOBEBIFVNQPA
ESPODGLHDIESRCDGIPESESRCHHRSLHIPPODHHHA
QWSUWWMRUPQPWMRWOLOLLOLPQWSUWMRWWQQMWOA
KUQUVIGOQUPGUSVMMQKUVMMQGOUSFQJMPGPUFQA
QFIPHHKPDKCMNIHHKPEGIPNICNDKEGCNCMCBIHA
CKCIFDDHIHKGIIECHHCICJIDICHCFFCFGCEKKHI
OJEHIZQPMQVZOQGKQHVKZTOKOGFJEXRLBJBSNRY
QOHIGLQOOHIDIDGFHIDGLQOHJQGLRJQGORJQGLQ
FRHTDRHKKRHYYRHKGRHUQRHTRRHMCRHXPRZRHBA
QZXOUVTQRWWWOXQQTTUPWYQUZRZRQZRZPPQRNYQ
UVUSSRTYUVUUTUTUSUVSYUUWVQSVRXVTVVURTRR
LMJLMLFFIIMLFFMNKGILJLLMJLMLMNKGMLIGIIA
KMRTSLMTLQKRKORMQMPLMNOPRQPNNOMSRQPNQMN
JRCPQGCGJJENFFKZMYFHUTNUNCEFRYVGXGAURHM
UTVSVVTVVTTUTVTSUUSVSTSTVVTUUTVSSSSVTTV
ZWYCIWXCVJYSPSRAACJHEDSRHKVIBUDDMXLMAHG
DYFLHDQZRLSHPNOGTWUTLFLEMNVPMOEUZBKDQZR
KYIPNMRURUGLZWNMPIUOLEXSWFZWOGKYWLTXSWL
VOOWROOSBOOCFOOGXOOYTOOUDOOEZOOAPOOQAAA
MPVBJQOMFRMCVDBOBLHYMOAHHJRDHTBVFEPTBVB
RLKLTLKNTMJSNPSNTTQMOKKJOLMTPTLMRKNOTNR
FEFFJIJIQRRRNMNMDDDCOOOOHHGHLKKLTABBAAA
PJVVPMYMYMPVPJVVWJPJVTPXJVVTUJYPPVNQWYJ
HMTDJZNRMZVPFNTXYHBGKYTKFNHNJAWWPGYUABL
ZQMRLHGFFWIWOIJZNHYTWXWLIIOPNXWWXWWOPNL
OHFIJOEYOSNRHNOGAEWUNFYKZZYEFZZQUQLWUTE
GPQIFTNCMGGPDWFTNTDWQUEMPCNTNCMGQIXUQUA
PRRORQQPOORRRQOROORQRQRPPOPOPOPRRPPPPOR
KUCZVSECLOVDLBLPAKEQVYMCPAKETKLSADQYMXM
QAODDEJJOHGFAJDENDFCODNDHKAJGFHKJJQACOH
LOQJGVUGXQDVFREFNVWNRYDMSUHHAMQOZZUYCAA
QUKVSFCPLVLMVVDYCPWNATFNNNNYKTHCUQTZAAA
OJJPQJJRAJJBMJJNUJJVWJJXSJJTYJJZCKJJLAA
XTQNKTQWCTQWZTQZUTQFBTLTHTQISTQRLTQUTQY
MNNNGGHGIIJILLKKEFFERQRROOPOCCDCBABBABB
TSTUSRQQRSQQURTURSRQRQQQURQSURSQRRRURSQ
GOPGPUIIGGPUIIGOOUWGGVOUPGWSFKGVWGPQGGA
GOCKDOMGEMGEHEINFFOMMHEHEHEIOMGOKNLIHJA
LKLLHGHHFFEEIIJJRRRROOPPNMMMCCCDSTABABA
YBKADMQLCSCCAXCDMAOVIXDCKFJYTMLGPUHQMNV
IYOFQMCCDWGFRFJCTCQDEJRFXBUCIUQWDVSNQVV
IMELZTGEAYNROOXVGMYUMJRWGKCMZKCUFMQYLDB
MCQZTVPWAOUECOTDRAOUSGFEQNCDKVTBCZWICZR
VMJOTSPPISLTQHTMOXNKMHSJKXSQJRTVPPULJOM
QKGRURMWSPXQBJMLWLEIUJSBGQXUIXESRGCVXSU
EUZJZUZBEUZBTUZHVUZQZUZETUZHMUZDCUZXUZI
VQFKPRKMVGIZFUTAKHEJOXKHAECPSLIMCEMLUZS
IIIIDDCCNMNMPPOOGGHGQQRQFEEEKKKKTTSBBAA
DHBAAGADBAGADIBEADIBHBAGBEAEBDHBGADIBEA
VIKVTHRPLOUVDLILHDOEHCSLNDNSCMQNUCOMTHT
MORSIKLELIGKKOJMSNMCCHKREDRIFRPLRDGKJGE
DYCUGYCCBLHTMBLNFYAVVJJHEFZYIVMOLQXGYCC
IGIHLIGJJJGGKHGIMGJKHLILKJGHGIJMMHGMIKM
OTCVATCCFTCUXTCCSTCGITCWVTCISTCVOTSTCBA
USQRVSQAXSQWSSQRGBSQMSQHVSQHXSQKBSQOSQE
GGHGEEEEKLKKOPPODDCDQRRRIJJJMMNNAAABAAA
ZENGBXQHFJXGVTBMJMLRFUOTLRGEWMQGGYXDPFG
QNQNPQPQPQNPQOPNPNOQNNNQQNQQQPQOONNNOPP
YHLZVBCUCAUWWFXXNNUGKIVKVFOBUGFPLCLAVSK
VLPTASBDNKCTUZXOMFFDIGCOUNRRYWNJQSORREB
DQUVJPYHJPYHQDXYWLXEYHYQQUVFRTMVOFJWOFJ
XUEOEXUEJJASSPOWPOWEOWEXJASPASPOWEXUEOL
GGGGIIIIQQRQOPOOKLLLFFEFDDCDNMNMTTBBBBB
NTLGWUJUVWIRUHOLUPNLQQHGLVSTPLPVOLQJLHT
FJUPNCRXIWWYHSNCHWQTHSNCUFMVXCWHLFJUHSN
RQQQKKLKNMNNFFFEJIJIPPOPCCDDGHHHSSTABBA
IGHKILPSOPKDJKMISEIIRSEOSPFDDRIRKFDOHMJ
JLKJJLKJKJJLKJLKLKJLKKKKJLKLKKJLLKKKKKK
ZPEZOGUVORGIDKSTPGBSUXFEVDSGVDSGGXLXIJT
PMTPPUPLSLPSSURRNJLPLKKSOJONRNTMMLTVRKL
QFFRUFFVIFFJSFFTMFFNOFFPWFFXKFFLYFGFFHA
JAAKLAAMDAAEHAAIFAAGNAAOPAAQRAASBAACAAA
SBBTKBBLEBBFGBBHMBBNQBBRIBBJOBBPUBBCBBD
XVVXXVXXVXVXVVUWVXXVVWXXUWVWXXVVXXUUUXV
CKWUVDWTKFTWZYQQJEOTPWJSKFTWPOHYQVXYAAM
NZOKXDQKUTWXRIUHNFCGWJHTIXTWQCNFDNKAKUZ
SEBAQRHLXZWVCNAHVSSNJVQJVSSNRAEWQDZWBJY
FLIEFLHDIEOMHFCPJMPKLOJJCJGMDGDEFFGHCII
ZPRUSFQSPXUILAYHWKJHHOJMLAYHXPULCRUBZEP
POPPHGHGKKKLEFEFDDDDQRRRMNNNIJIJABBABBA
CQLJBSIKHEBMJKPHKKTDBOODMUHBDUDIDHEPIIC
TECHHFVERAEZJIFJPGLORGIALHFVNTPRPVLRSDS
MCPZMOZTWLAKNEFKIVKMGHWYGTPHLQWINFYGZYZ
HFEHGGHFGEGHHHFGHHFGHHFGHHGHGEGFHFEFEHA
OWOMJJSRXYGVYWTRAXLMHCXBGYLRDWFSXTKRVAW
JFNWRWCDWOROQZVDPOWVSSENISBXZZYTJXSJBBJ
VXVVVVXUUVUTVWVTVWUVUVXUUYYUTUWUUTYWYYV
JQXUSNKHSXNLVQPMSSWRHPUOJHVKPKKKSIJOAAA
NNHMQGFKJLQGSGPTHUSGPTHRFKOTOTHUHMWMJLA
PMMWFQJTVVPGPPJXZPUNWYDZPGBTZNXJQOVYHPH
VOYYCOYKROYWROYMUOYFQOYIOOYSIOYQEOYLOYT
OPLOSLFHSFNRHSFNKEFMIPLSMESLOKIPFEMFMOP
FEFEMMMNPPOPCCDDQRQQKKLLJJJJGGHGSABABAA
MLNFJKIHFIHKEMJKNDGNEMLNEMJKLFLFLNFNEML
KTYLGQBATBLFEJQQMUQVZZQCNYABNYABFWTWFSA
PJHFKCTELMIILAPSZFPBWNCJUMVXKRMGQKRMUIS
HETDWETARETWYETJXETOAETCQETRIETPVETZETP
TUOPRUTSOUQUUTSTROOTSTTTQRRUUTSTOOUQTRO
GHGHKLLLJJIJRQRRCDDCFFFEOPPONMMMSSTBBAA
NXXMKJUPSKIEFXWDEDRVGCUBNVBZSLJAVGPYVGP
EHEFFHIEHHHHGFGFIFHGHIGFFFEHHHHHIIGGFFF
KEADPJCCEOTCPASBCOHKDOTKBQQERSGPCELRONP
SUHBWAMVOJAJQCKUIVXHIWJHBERWOAQVMUYVOZS
SZGMFZGCCZGLOZGNGZGBYZGUAZGICZGLLZGVZGX
TUHQWQHZEVOKDHLJEGVLKYOOMMPIGTRFEGVLORM
SMJUJUXLNQSMQZZPXJSQSQSVXSXJZPLMXLXSVQZ
GUOSQGUOPPHOOKOOPHOKUOSPOSPPKOOTSPPHOKO
TRFMPOFNGBFMEUKCMGRPRRKTNNEEKDGRMFPSMMG
OYTYOYTIXYTXFYTEGYTHQYTTGYTEWYTTCYMYTMA
VQQWBQQCZQQADQQEXQQYTQQUFQQGHQQIRQQSAAA
MLOOKKNMKNNKNLKLLMNKNOKNKNLNMNMMOMMOMKO
GSBZAANTCRZJUOSXPOSRPFFWXKUNRHSVUKLHQHN
VMEXPFBWMUKCSGGDKFBCDMUKJYYEBKROFWIHWDH
CRIHCVXHHOZCRIHOZCRIVXHOOZCRIHOCXHOZCVX
ISHHPPPPPPMLHRPXGSISMLVOHHHRRWPPPXKIRWA
NKJOUJLNJOJTNHNKRUJLLNHNOJTKKJOJJLNHNKJ
JMRNNJMRKYUUMRNWUUTNUTNNRNWQNNJMYUUTNNJ
CGDVRJOUCEAHIXCGPISZUPRPQBUQWQNPVGBBVTN
GVVHAVVBEVVFKVVLCVVDMVVNIVVJYVVZWVVXAAA
WKVUQUMXWTKRULUXJNXOXSMJLUXSSMJORNJNJNX
XUXRATKWSASGJRQIWXBKDMZYRPMJVHDGZGLVAAA
XXPUZYRYZMSUURYXUXVZZRVWWTNWYWNZWYZWTMX
QYNRMFGQUVNNQMFGNNQMNQMFVNNQGQYNFGQYNRM
RPGUDHEHGUQJQJWDWXUKFHQHUKDHEHXMQHWXMRP
QWSUNNEESFMSTHEUJWHBIXDJYLCZTDKLSSFMZQP
HWINWWQPKITWOMTVVPHMQMIOPVSQNKPKIQRRSGH
VYHLQBNFHEXFPMESNYLNJAWMXMEOGDMWLHKZVKW
UBFVNBFHKBFWQBFJZBFLOBFWMBFDLBFGABMBFJA
OIUJMOTUHQQQIJLNJGRHKQKIUMGIQSHMNMGTIPK
JGGKTGGULGGMXGGYNGGOVGGWPGGQRGGSZGHGGIA
MHSGGXTYKKQLQPLKQNVLYLFKKPJQLEOMMSRUGIM
HUOEFFQLYIQVJWFGGJCDNXNJUTJQMDGZIHSAAAA
POOPHGHGQRQRJJJICCDDNNMMLLKKFEEFSTBBBAB
KFKHQKLNPYZWFHBFGYOUGUYIQDOHXRQSZOFJXKU
LEEMNEEOVEEWREESJEEKPEEQTEEUHEEIXEEFEEG
KJJKGGGJGHIIJJGIJHKIJIGHHKIHKGKHIJGGKKH
UTXVTWVXVTUXUVWWWXWUWTTWWTWXUXWTVUTUTTW
BBICADSDEJADFDJEICGNAUVFVFFDGNAUSDXLBBA
WYUWVSYOOOPVVTTRZWRVROTOOVSVRXZWVRQVRTR
HOPPHNKHHQKHPIMKHHKJQMIHKLHQJNMKKJNHJKQ
LRRRRVUNSSZXNQZKNXIWXZSTKRXRTTZLWJNNHYS
RTMFGCTQKJKCHYAKQFPRYAVTRLCYCLHGFYPIDXR
IXGXWXIXROVRKPWXXIXGPWXIXDROGXDRXGXDROV
TLFJRIZXLCIBXXLOOODFCRDCCQHBBBKUEVIULOO
YCAADTOCPGFUOVGQLKQAIMIWXFENVGQWYVLPVXP
BIVFOEIBGISJWCJNFFCLYMHWQITBEIBJZBAQULV
RGGSTGGULGGMPGGQNGGOVGGWJGGKXGGYHGGIAAA
JLLILJMHKMHJLJHLIMKJMHIHILHLHMHLKMMHLKK
YWSWPOOXNYPNWSWWWXPSPOOXPOOXWXPSOXWTWTU
VVVVVWVWUWVUWVWUUUWUUUUUUVUVVUWUVUUWVVV
OOQQPQOPQQQPQOQQPOQQQOPOQOQQOQPOOPOQPOO
CCDCJIJIGGGHRQQQLLKLNMMNOOPOEEFETABABAA
VHSTTHXAGUEFLCABNXTPJRSRUAVNFSNXDIVMLSJ
YILFPKBQHJTVGQWNOEMZRDLSOREWJDWBCDDXLEA
KHJTRQQMCGMBTJFRIRDYMLTCYESKVULTTTMNMIV
XSRFZVLJSMHKMSXTWUVWMWTJOPNKUHHLYAWUAAA
PKKQZKKAXKKYRKKSNKKOTKKUBKKCVKKWLKKMAAA
KJLLGGGIIKGDGIFKGDLGDLJJJJIKLGGGFKELKJA
IIIIKKKKPPOORRQQHGGHCCCCFEFFMNMNSTTABAA
ZJTBSRSOGUAIZJLTGMSIFKYVNZVJIDVENTZIAAA
AIRPAIRPAIRPAIRPAIRPAIRPAIRPAIRPAIRPAAA
KJHKKHGGMEJNMEJNNJJMGJNNEHHEHINMNLJENKK
OIKBKIRSRDCNOBULTUYHXRAILAORXUWYSZCORTR
IENOIENCFENMJENWNENVAENYCENVDENYCENENVA
JKECXEHJYKYXFPEOMLIYKSHUWYSFOEKKUFUNJCM
QUJHVIVCCGHRHCWWWHQBROCJIVRMBTQIMYIJKQV
PAAQLAAMFAAGHAAIJAAKRAASNAAODAAEBAACAAA
MBBNIBBJQBBRKBBLOBBPGBBHSBBTEBBFUCBBDAA
XWMQOOZWPTWXQUOTWRWYOUXPTNNOMXMOYMNXXTO
EFLVIUZHTAOKYLZOFHDAXDUJPXBRQMLSWEHBRVL
WVLSYWURWURORVVQXOXOPTUQLNWXQXXIIPLMSMT
MOEADSWEEBKGQNXFLXAYKUFTCEICXKLCCDKWKXH
QNKTNNKRINKYJNKAANKPDNKMQNKWANKKUNKINKM
HGGHRRRQFFEFMNMMPOOOLKKLJJJIDCCCSTAAAAB
MQTKSORQRQPRRMLNNKQLOOSTSPPTOOSTLSRPQNO
KLIETLILWLIMZLIHZLINULIDGLIMVLIGYLIFLIY
IZILAKMZGCQKENWCYEGOZILNWPULALNLKKBVLPD
KGGHFPZHWOUHFGXGEWPNKSTJZJWBOCOFIDRATGP
EOMCTDAMIDJSLVAGSJGIUYWADBCUHGZUXNWNESJ
VEEWJEEKPEEQLEEMREESTEEUNEEOHEEIXEFEEGA
GRRHARRBERRFWRRXCRRDYRRZIRRJURRVSRRTAAA
HGGGQQQQIJIIKKKLFFEFDDDDOOPPNMNMTSBBBBB
FARXGVJOVPKXUAQPFPTWZUICVVASDJOZXANNSLH
FTOZMSUZBVJNBWPATMMSXUYWOGXIOCQJVRHMXTC
KXWMMOPJVWWSLXTNFMKOABFJHBUOZVTJSDISIQR
FTEZEXTIQBZICSFOXHJKTPECSGQYXYLWCSHJBWA
VRWXPPENYTTRDMYTENVRYKDMQGKGWXYKKGPPLQG
VMZGLMMOCFCBPUYHJTLCJKKDWDIWBWYWUUAAAYY
SVUXVUXUVSVUXURXWWWTWTVSUXURWWTVTVSVWWW
CCCCNNNMEFFELLLLOPOPQRQRHGGGIIJJTTTBAAB
NTRQMRMFWXOISFUZHTUYSMJLNSUTIUTQOFMUAAA
JUUKLUUMDUUEHUUIFUUGBUUCZUUAXUUYNVUUWAA
UVZKRUWIGBLVDPLSYFXIVKEJAAMCFXQSPGWCLUV
KGWZLIAMXTGOQLFNLITJEXIQRALLOUCUKKBLIAM
EEFFDDCDLLKKPOPPGGGHIJJIMMNMRQRRSSTABAB
PNVXULWQLWQPQPNVVXYLYLWPLWPTNVXYXYLWQPN
JGGKXGGYRGGSPGGQNGGOTGGUVGGWLGGMZGHGGIA
JNKFBNKTGNKFFNKUINKCHNKFTNKRTNDNDNKYNKI
DCDCHGGHMNNMRQQRJJJILLKKOOOPFEEETAABBAA
WRMRULWNOPSTXXTLOLWIOUQIXTLSXRXKXPQKKXS
QBBRSBBTMBBNKBBLIBBJOBBPGBBHEBBFUBCBBDA
DKTDYJHXDERBMSASLVZTWWRTGGSLELVVIAGPETA
DFWVADAOUEAMDECCYBYOBRPRQBFFWRJTXZAZAZO
XYYYXZYYYYZYZZXYZYXZZXXYZYXYXYZZZYZXXZY
PNRSWHMGFJQGMGCQIFXHPNRSTIBWFXHPERWIFAA
EIZCBXWLBYOCUNDQAOVTWEYZRRGMXJONQGUKEEA
YKHNIYGNSLIVJEPMNSTLDVUEETDVEYHMSAOWDCK
IHDHEJHIKMGDIMGGGFKGLDFDGIFLLJKMHIDIMGG
JZUVLTMTYYRPPGHIJIHHXNMXRZJNIZUNDSEZRDS
QTPYTYGVKWAUBSDSNCPCINCPPHURRHYFWSDKBSD
PXIXEXIIDXIBVXIOAXIJGXICQXICAXIJAXIYXIU
OBDVCBDAUBDLTBDXKBDZSBDFDBDULBDQTRBDZAA
CEDECECFCFECEFCFCEDCEFCFCFECECFFCFFCCEC
IDONOONGQONQRONGDONVEONTHONLGONJOONPONA
JIIJCDDCQRRRFFEFLLKLOOOPHGHHNNMNSTABBBA
ZPZPVKYJPHZKDOGBBWRTMYZIVSLOSPWLELKSYKO
XYASGXYAOUXOTGXYASOUUXOMYASOATGXSOUXOMI
ONFJQFUWONFJKVVIOLIPWIMTETTLTESTFQWPVQR
JVMSGTNXXVWUJQGTWUJLMSJQJLWHNNXVIXNNXIX
IKSXHKSTDKSZUKSBQKSSAZKSZKSJDKSGOKSKKSW
EHGCBIMEBMJBMLBEENNMKNGGGNJBBIMBCFHKEFD
AHPOTGOLBSMMDVNBMMXIVBSOGRUNNLWGHKWCWGS
SVUNXVUPDVUEPVUSNVUUWVUOXVUPKVUBIVUDVUP
QRHPRMGNNQRHLPARARMGPARMMGNQHPJDGNQRHPJ
JMITJMITJMITJMITJMITJMITJMITJMITJMITAAA
TIAFHHXEMQLDVGIGHLYRBTLVEEOESRLJBOPEAAA
AWJYQGHCUTUOAVBXRLFOMVPEWOJEMVPEJVWZEPY
VVYRVSOLJLLXKQBNWVBHKQWAOKBCPJLBQULHAAA
CRTJRRTNIRTOHRTNIRTOIRTZDRTJIRTFYRTYRTE
EBBFIBBJKBBLOBBPMBBNSBBTGBBHQBBRUBCBBDA
CYQKHYVWHTSUALLAJEFJDBWAJIVZGJVVUXNBYWA
LPNIINNNIJMQIQHPOKOIILPIPQHNQHPONONPNNI
XTEITKAYISTKNVBRMDMKJUNGYBSMYBNRQSWNEGS
ZWVUZVRYYTWZQXWYTWUQWVZXZTZQXXWUYZUWXVW
YWNQEWNKEWNUAWNUGWNQJWNZIWNAIWNADWNOWND
SLOCYRECMMTCIBYVJIBQLMWPQHQGOXBWWPYWYPL
WRQUJGASNJPKGASEECLSJGASRJUYUIHRXYJHDEZ
EDFGGEGGGFEGDGEGFFGFFEDFFGFFGDDEDFEDFED
TLJNLJNVRLTLPUVSVULULOTRSVNNPOPOOTNOOUV
BOKLWOJHITTUSRXOVULRNDDFJHPXYIDVQOVPIEN
POOPHHHGLLLLEFEFRQRRDCCDIIIINMMNSAAAAAA
ZAKUHAKPTAKGRAKBJAKKADAKYAKVFAKCVAKDAKO
LAAMHAAIJAAKFAAGNAAORAASPAAQDAAETAABAAC
EQXYRQXKUQXCIQXKPQXHIQXFIQXHCQXZDQXHQXU
VGHDVGHDFNEDVWDOPFNEWVWDONPPGHDWUDEGHDW
WUNDMXELXHRMRUXXXKVPCEFTTSLWPFTCDVUEVBX
MLJOEIHAKMJCDGEFNJKDAIFOOGFNGBJKDDIPOBN
ANNBENNFYNNZQNNRSNNTCNNDUNNVWNNXONNPAAA
LOQMLKQOLOLNPMMSQOORKQOOQRPSKQRPQOORMLO
JAAKFAAGLAAMNAAODAAERAASPAAQHAAITBAACAA
SUSRSTSSRURSURURURSTUSRURURUTSSRSRURSTS
SGMMIRHKKHOPSIJHMMFKQLONOIONSIJHIKLFQNJ
OQPWPOQPPWUWWUWTVTUVUVXYPUQVSURUVSSSSSU
EHHFDDFIHIGDIIGJFKJEJIJIGEKHEHFEEDHJDEG
PYSOAZBQKZQJUVRFQEYHRZJMKEJQARZJPPGXTUO
MNONMMOMPQLQMMLQMOPQMLNLNMLNNQNMPMLNQNO
KKKKFFFENNMMHHHGIIIICDDCQRQROPPPBBABBAB
OSFCIZVOVHKWVFNAHVHKGIIIUXRQDEEHVMFXBKL
QFOQOQDSIXSPSPQLRDXQMKBKQLQFDSMCBKIXQMK
EBBFKBBLIBBJQBBRGBBHSBBTOBBPMBBNUBCBBDA
PUPATDTNGUDFTITDNUKTUDFAFAESTNPKBPLLGAA
PIIQVIIWZIIALIIMXIIYNIIOTIIURIISBJIIKAA
DNOTYPSRRNBFUUMXQZZNOEHLSIINHNACUUJBAAA
VKLLMIKILLRRRRRLQTVKKMSISIQTRLTHKIGHKMA
JIMIEMCDFMBAMCDMJEEHBFMBHAKCFMBAJEEHJJM
BYEYZRWKUUXBASKQWCYWMIOCAEGYURKWNTUKSAA
RSTTKPTUKQMTQPKQTUQPLMRSMTLMPOKPPMKRPOA
URVUQRUQUTRQVVUUUVVQQRTUUUQUQQVVVTRVQUV
UTQRQVRWPUWSSTRVTPWPPSRQXWXUVPPXWUWVUTT
GLEAELESNRJFFIJEJHSGIGOOQJBNAMOIOESONKQ
QTQQRTQSRRQTQQSQRSTSSQRSTSQRQRRRSQRRRRT
HBQHZXVWQREJJERWDTOPKYMEZITYJWHNEJHADUH
FNJTALENJUZDEGSXXSMBPCMHPMHWWERSGRIWLTK
MIEWXTBFEWPCGMNTVFMIPCGMBFVFCMFOFOQRXTA
TVQJDOSLNHBEUJRAZGYIWQGXQYWUWNNHHTUPXQZ
TNAVVYTNICCEJOROROICAVQDUCVYCEUCDMPUJOA
LAZHNXMZQUGFHTZAGTFXJDZKUWYFCUAJCQOLYNF
HGGGMMNMLLKKQQQQJIIICDCDEEFFOOPPTSSBBAB
NSKLIRTOLSXRZJMIRXIZSNROOZRNOPLSYYPZZWY
UNVGOSEQTYPYGEAFPAUBIZKLECIFYMIORDMHUHT
CDPTFJLRUCDPDPTCAIWCUFLFFJLRLFMGMUCDPAA
VQVSWRQVSRSVTVUWVWVSRUVVSTUTVRUVTWSRUQT
QRIQGOOQOKQNHGJNNNHLQFQMLRLGMFJFFJPKPIO
NAAODAAERAASPAAQJAAKFAAGHAAILAAMTBAACAA
ZNLGZNLTNNLWUNLJCNLTUNLPRNLKXNLFDNLMAAA
OPKRWPKQAPKNTPKUCPKZIPKQBPKSEPKTTPKKPKB
NQEFDQXYVVOQZOSJLTERWHTQJRXEBPDXSVAAPIL
NDHEULWNPEVNNGTGDRBEGPBPEXTGPLUDGKLDNNU
FAAGJAAKPAAQLAAMHAAIRAASDAAENAAOTABAACA
GXPTJXPGMXPBRXPEKXPIKXPOKXPIIXPDWXPQXPV
RXWHWHLFCPNLLFFPVCEGEGRQRQRXFPCPOJYVVCA
PSRSPTQSPRRRRSPRRRQSPRPTQSTSQSTSTSQQQPS
MSRANVKAAQTAHPBSMPFMZUMBEXQYWILIULHULHU
RAASJAAKDAAENAAOPAAQFAAGHAAILAAMTBAACAA
CNNDENNFUNNVWNNXQNNRYNNZANNBSNNTGONNPAA
LSHJMJIMPMMUKNWPLIJUKJLIOLSHQSROSROLSHJ
SGBJQOMBOBACEKQCACFFQCSGNFQOMBEKGMNFFGM
AGHVQXARGVCPBLEEKNMPEBMOMGBHRGICAABXJJA
CKSTXTWFOPUEYGIMITBHRWCHZMGNHKOCBUKTNAA
UMLSFCACIHAQYIMHCKNDHYOLCZVTDIVVHYOLKZH
RSTUTSTURTTTQVQVQUTTUTVVUSQQTQVSQQVQUSU
MPLQHJTRDDRLENJHLNTHQHILHITLRKEELDDPSGD
QQNMQQQQQPMQMQQQNMQQMQPMPMQQQNMQMQQQQQN
RUGUNVSVKPLTIOSLTIMJLSSNVQKKJTQRUQRQTTR
VKAUKAUSGAUOLAUYXAUOUAUIBAUUEAUISAUDAUL
SASPWBOHYTPJESGRUXFAFRUKLDVFLQVZRUKEPZG
FVXHXKCLFXOOJCQPYEJUINXTKCLGZWAMAQLQOXV
AXOBZMARZDSLWTMBSQWYSZLAYZNXJEHJUFPDHGP
DCRFKREDSGJIWTCPYTSTIZYMTJHWMXEKPMIMILS
MIKMWCFKTMYVJATNXZMPURYQESRFYBQVPTTLRAA
IQMDBXKQXAWGUSQJJWDUVUIXAOKRTXXAEOOSBHX
HGGGQQRRLLLLJIIJMMMNOPPPFEEEDCCCABAABAA
KKIKKIKKKIKJIJIIIJIIKKKJJIIJIIIKIJKJJJI
AJFJBINAFHCBDBLAHNJFABKGGCJDJHJHEGLDEEA
OOQOOQONOQNOMNQNNPPQOQNOONQMNQOOQQNOQQO
CFLNLFINQFFIFFIIOOPQQFFIDNMCFLNLCMDCMDC
CIEOZRYBGNILPBHBKVHPGLLGENIFZFEIMQXYMLZ
FGGKSZJBHGLXHWNXXSPNCAICNXDGHSNTIQJPDIJ
PPOOIIIINMNNKLLLGGHHFFFFCDCDRQQRTTSABBB
OOPPPPONOPPPPPPONNONPNNOONNNONNPNPPNOOP
XVJLJQOTSMIKJLRUIXVJLIVPVJLRLIVPIKKJQOT
QAVLQNNABORHRDHLGWNDRFOGJGNECDCCFVBKAAA
VKKWPKKQNKKORKKSBKKCZKKAXKKYTKKULKKMAAA
LEXFPJJUMRIUXFWGIUKMKMJNWGMRJNJEJEPJUNH
WBAGELXBZLONRACXVZNNNJZCJLRLLCFGYXWHAAA
MELIIHLHLGFVVIRLRHELLGWMXYTKSGIRKTVWVKS
MVMWSWUUMVRUXPTVXPRNSWWWXRXOXTPXUVXXOUX
RJXMPRRJGLMJULRWRWUFMJLULXPRUFGLLUDWLXA
PYHADBTEHADRUPYHYHADJDBTTEUPEUPYZJDBTEU
LNGYYBTVBJFNBJTQTKVKHTTKIIUCVGIGWLAVLGU
NNOMOMMNOMOMOONNONOONONONOONMOMMNOMONNO
PRITJVLPPLQOONORTNTKKQTLGNLJGKGGRNGGKHP
JKPXNOGVJPJONMMFGOVULEFLJBGICYKHOORBGIF
KMTPMGWEJPWYYUCTZKYMEJGJYFYXDSQYYRBVWFD
SUQWXYPXWWSOSQUQXYRPQWXSSSZYPYYSYZSTPOX
JJBKVLUJXFEDGIROFGQOEJUBIZUOMSLMAVHRDPE
LQMMKQONNPOLLPQPKQQPMONKNOQLPLMNQPLKQPQ
DOTJNNJUREEUUUKPISTGJPJRUFQNGNSRRDUOGOI
MQQCBGAOQQCCBRSDHBCREHJNCCHGQQCCGONBCRG
MDVQCJFTFFAEKXFIRJERUKJXFEGSVONJUNQITYK
CVXECFBXVBRVPKFDRBDRKFCOWDPKRJZFDJSNFWG
DTMKLXPBVOJNOVWSMEPHHRAPHLXPKHSLEPLEMVS
HLRMOMQTNNNHJLQOTPJKFKLGMGFFGOOJNKTMRPN
UVUWVUVWUUVUWUUXXVVVVVXXVVXXXWVVXUXVVXV
JATOBLXYHQXKMKDNDFMUFYQEKRHZMLSSDSFTICI
ZCRPSCRCICRNJCRDOCRZOCRMQCRBVCRJAKCRLAA
LMZZXUSGIONMXFBROYSUZWBABEYEJTFDQBCBKPY
MPOJNPIQINPIMMMPOJKIJKINPOJKKINPKMMMMPO
SRTWMITWWLBTXNBFUPJGJWGOXRBWBWWEKBTCGWE
GGZDPKTUCGKIPPUUJRBDVYMIGJYRNHCFMCCJIJA
HHFAJQRPTYJNRNPYZBZYOEMGPMQCZBZYUVDYOGR
MYDYVAHJMAQTYWLBJHJOIFDXIPCLAZVKGENXLVJ
QPPOOOOQQQPPOQPPQPOPPOPPPQQPPOPPQPQQQOP
NMGEMLJFJJGENQKSRFQFMOLLMGEJRFLIHHMNHSL
HAAIRAASDAAEJAAKLAAMPAAQNAAOFAAGTAABAAC
GGGGPOPPFEFFKKKKRRRQJJJINMMNCCDCSSAAAAA
JHLIBSOZYRSKAQRSYKATIGDOCNCDGLCZLIGFDRX
VVUVXXWWUUVVUXXWUXWWUUVVXUXXUVVUVVUUXVX
QHSUQHSKYHSJWHSEEHSOFHSUDHSTIHSGGHFHHSF
GIFJGGFIHGIHHGHGGIHIHIFGFHHHFJHFHIFGFJH
CPQFAPQZLPQOLPQOUPQEAPQYMPQEOPQGHPQBPQE
GQJBRUQYLMMIQEHSMOUJBRXONMJMDMOUTUKAQTK
HQPQOINMPQKHQPQKQKHOINMGMGLNKHOIHOINMGL
OWVAXCUEANAPVQBIDNQDXMEEANAPKDTHYUMWAQP
VOOOQTRVQJSMOOKQOOOKRVOOKQJSTRVOOKQJSMO
HPPNJQHHMIQKPNIHQLJMOKMJHINMNNIPMOLNJPQ
VRJWIZXTXWVITXIXOUVVZYUGGNJOXXMZWTHXGTV
RHYOHWRSULDTVARLGAZFBTWMOKNFOODTIRDAZFJ
TXPXEVEVESFATDASFSFAKFCOEMCUALPMMXACMFK
PVJQVQTSNIHRSVOGHQVLHIIUVVPVNIVUUTTVHPV
KOCALYTFSRTWHKHHLNAZSOWSAZHDNHJXJXTBLSQ
QESNFGJRGKQGLPUEKQGEKGLEOJLSPUTOMRUGUNE
MGJUUGJSSWSXLJGVXWKLVQITIKXMVGHILSHGRJV
FVGUCTKUIUSURQWKJRLRBVROCIHNYTJESNCIWUA
RRLHLSSOIMRLUPPQHTTLSQKQTJTHRLSSPPNPPNP
DEGDGDCDFGFFCDFDFFGAGAEBEGDEEBGFCGFGFEG
IXLACECQIOHOIEACDNNOEWFCLLFUSEZVZTPZDAA
RXLTUXLDPXLHAXLOJXLTTXLXAXLORXLXLXLGXLT
DSPUASDZOGTRUEVIRURRWVHFYBCSMYTVVWVHQHS
TKLIYDEILEOZJZZXLEOZZXZKOZDJEMWOWOSDEIC
VJNHKOWOWOIJWIKONTPJPJUJNHWIIJGUUJLGVJA
OPOPQRQQLKLLMMNMIJIIHGHGDDCCEFEFSAAAAAA
FFEELKLKJIIIGGGGDCDCNMMNQRRQPPPPTAABBAA
LQWBHQWTQQWQGQWPRCQWMQWTMQWCHQWWCQWUQWO
BYSTEYSARYSWXYSJAYSXUYSTDYSHKYSJYYDYSNA
XWHYHGYXGPRZZZISKRNLSUYHHXUHIXGGLTXGJJK
OKHQOKHAFKHHWKHKFKHPHKHHAKHVFKHWJKHDAAA
RAASPAAQHAAIDAAELAAMJAAKNAAOFAAGTABAACA
ZYMMUYMTJYMDHYMVNYMNGYMVMYMCMYMNZYMSAAA
VRHTTJTOUSSKKSDOOKOFRGFDFVNUFLEFOHFFQUR
IGIJKHGFHHHHIKFJKKIKGJJJGFIKIHJJHIIFKJJ
BCABBCBBBACBACAABCBBCABABCBABBBCCBACAAB
BTMBZFHGKFCJBTMBYKSKJGALSGSJEICILHYHQJH
XJCEOFMGQWXVPPQCWEYCJWIHWIMYXKSLHKXVSAA
ZMTTJVUMBVRSKMKOWVOSEIKTOFMNKUTLQPMOLAA
PVRVRTPQPSTRURQVVPVRRPQPVUSQQPSPQPRPTVR
OLCWZLCKPLCFRLCBDLCWGLCTYLRLWLCGXLCALCL
MWHGPPEADAWLFSULUREXAPDRGLKOFOGLQZEUREX
NMMNJJIJEFFFHHGHPOOPDCDDKLLLRRRQSAABBAA
KDDLUDDVQDDRIDDJSDDTMDDNODDPGDDHWEDDFAA
WYVVXXYYVWVVWXWWYYYVVWWYYXVVWYVVYXWWWYV
FSSWWWRZHXGWGUOUSLVXGOODSLVXKBUDDGIHDKP
YNNZSNNTANNBCNNDUNNVQNNRWNNXENNFGNNONNP
UZVHVHSTSTYRKWEMTICMTZJGJGUZYRTIEMCVTZA
QVJKIRTOPOQVPTUTTOSJSJVMUTIRIRPOJKQUPTA
LPOLJJNLJPPNPKJJLOKLLNOOOPKJLLNPJLKNJPL
LBESKKIPJIECIHNWFQQOMUJVDUIFGHLRPXUBBAA
KKKFBJVIQYYEVGPSOOJLJVLNTPYCGFTGJNDGTMV
KJJOZFYISJRDVWTMDOPFLFTTUMZBDWFJAPRRXAA
WVKTGLLKGDHWPMRRVURGTSVVRNJPRMWGKDTQKJP
JKKJJJKLLKLJKLJKLJJKJLJJKLKLJKLKLJKKKJJ
SRXMRTZSNTOLLPORMJOTUWZYYJQTTTUUTKSNVQR
PAAQJAAKHAAINAAORAASDAAEFAAGLAAMTBAACAA
FEEFGHGHJIJJPOOPCDCDNNNNQQQQKKKLTBABABB
GVRWTBWAEJJUVZGUZBQCLGFXFTJSBJKRZCZXOXR
LUXWPPVVNPJJNZSPVURPKVSXKZVSRIZMMKRLPKS
SRJVSSUNVSUJJSSUUJSSUNRKJVSUSUNRRJVSUJS
LKLKIJIJOOPOQQRRHHHHFFEFDCDDMMMMSABABAB
PKHONNLMFPFFNPSJNSNEKSIRGMQHGMROJMLLLIS
FJBIHSBPLKLPCBFJBIWMLPCBMELKWMHSBPWODSA
HNKJOWLYUROFBGEWDIQEBENWXAHUWGFPHJNGTOE
WPYKCPYNLPYUEPYHYPYBRPYKOPYVNPYVNPLPYLA
IJJHHIJJIIHJHJHIJHIJHIIHJIIHIIHIIHIIHJH
DBEEBDCCCDBCEEDBCDBDCDBCBEECCDBBBDEBBBC
OEIHOFNDIOEIODLJOHILKOGMJCJLGEKNHKHGHOD
VUANJZFHVYNJIPZEEKKNCDTXKSIHJPEKREAGMUN
IZEZQOEOHDQQJRDYYIKHGHRPYPRIZJOGOYGIUOY
SWDKWWWNFLTUNMAXJTWUWXVWYJJUWLXQOMZAKXA
ROTSNTSPOSNRQTNTONRORTSSRPOSSPONSSQTSRP
PPPPEFFEIIIIDCDCMMMMLKKLHGGGQQRRSABABAB
LNNNNLLLLLLMLLLNNLLNNLNMLMNNNNNLNNNLNNL
YXWNPQVRYXWNYXWNTXKLYXWNPRTXYXWNNMQUPYA
HGPESWVOTJHODVUQGLOFENRFVKKPLOXNVLWVLWV
SJJTUJJVWJJXYJJZOJJPMJJNQJJRAJJBCKJJLAA
DLGGPCGQQBEGHKFQQKHQGPJCHLEHQFMHGRQHRHP
WQOQMHJFQOQFGHLUUTWMIUTWGHLUFNFMCSWQOAA
QOHJRCSYAGQVDCPTOOZNFHYXTWVCYXOQKTXBOYI
IAVNZDYXTBMGIKDDYVWAOGBDITIYNFAMPGCROGB
QVJLMUQVINMUWINMNWINUQVJIMNWMNWIYIMNMUQ
PROPFROXAPROLROBFROTMROKJROTJROUIROEROU
QPBMPBMTHIJRIOQPSIOQMTHITHIJLSIOOQPBMTH
DCCCQQQRMNNMLKKLEEFFPPOOGHHHIJIJTTBBBBA
UBQCOIXABQCSUQTTPNMCVPZQSGFZLFSYGBRYHUE
UTLTXKQDXORXEWPXDITVVPQWTBUXWLOFFDENFUE
IPTLHIPTLVQIVIJHIJHHJHHIVQIHTLVQHHIPTLV
CFCROHDCOQOHFMNSDCFMNSRTRTDLCREKEKWSOQA
IQPBOQPRHQPBLQPLSQPLQQPJEQPHBQPLNQPVQPY
PQTNUFFNDZINXKJCXXPEENOAYAYNLTZVDHTLUAA
FPKOJWOWMHGJKUSCCMWNRSEFNBSROLUMWOWETQR
NKKKNNLKJNGHNGHJJKLIKGHLLHIJMJIKLGILIHL
XCGDKNBLXMZYKNBLGMROKOCMEBXJPIEJTPMAVIR
TTTTQSRTSSQSSQQSTSSTSTTTRTTSTTSSQSQSSQA
HZSDZOOSJGBKZPBPDRWEODKVNYNQTIJIZNZWEJO
QSYRRSYRSSRURSYRSRSYYXWUVSSRSRSYSYXWUXX
FZYLMNOCUULUHXESRGRMHYORITLNSGIZTLMPUPY
LAZNAHAUHBHFYUUTNCQKSHUJUMNCKYDPRKFSHUJ
SMACRMAHAMAJGMAUZMALNMATYMAJBYMATMAEMAC
IVZECVZLIVZFPVZKHVZTEVZTFHVZOVZEYVZJVZH
GHGHDCCCFFEEQQQRJIIIPPPOKLKKMNNMSTTBBBA
PJSJNOJSTKLTVPRLVUTOUNVVRTNJVRVPTKURNTK
OUTRQQQVOUTRQQVQVQROQQVQSOQUTRVVOQUSUOT
KRNOMOLLNMKKOIMHLIGFEJFNHNGRRHEMPQNIOGE
EKYYDEGOUSBNJEKYQWYYLPYLGLPYDEGOGOERJEK
NGGOPGGQXGGYRGGSTGGUJGGKLGGMVGGWHGGIAAA
LNVVLVMQMQVUSWXSMSNUNUTLXSMSVVSWTLNWLVA
EFFFNMNNIJIIOOOOLKLKCDDCHHHHRRRRSSBABAA
SEREPPQWHIRFSIDPCHFASUTTTGMJSFLPHXEJNZI
DXXDEPGTXHYKQFEHMBBZLKBJZVZKDNJZXZXLTPD
PRHLIKJMQPRHOQPRHLLIRHLLLIKJQOQPLLIKJMM
ENUSPGYKFWDSMFXKJKTOPJRTPFLVEUENPJRTMRT
VKAZVKANFKAAFKAECKAWKKAQRKAWYKATNKARKAW
WIHCPMGHGADXLDRAIUCIBTDVRZSTIOQGFRPXRZA
LISSPMYTMYTDAREQINUFFOBAWDXQULGPSDYZETF
PXXROSQOSRVZQTVUZUSNPVZQMORNVYUVOTZQUXV
AEYBDASTKVQPEQPQTNFEVPEFPIOPEQWHSBPXTBU
SDDTUDDVGDDHODDPQDDRIDDJKDDLMDDNWDDEDDF
IJSUTCSUSSMJUYKVLUMCCJYTJZJXGZCXKZCLAAA
EBBFQBBRSBBTOBBPKBBLIBBJGBBHMBBNCBBDAAA
CDDDOPOOGHHGEEFEIJIIRQRQMMNNLKKKBBBBBBB
TTMSSQPSQMURTNUTSSRRQUTQTMQTRSMURPPRURQ
RPOQXTSXONNVXOMQWOUNTRQPTOOWQXXNOTXVQXX
XVOTSWXTWHGBOOZSKUKNIBHAXJZZPNFTESYUAAA
QQXMWRXOOQXQNYURRRQYNQTYYXWYMXXNYWPYRTN
HOOWSYJGGOOMRNPNPNZZYCSCWZPNFIAZBHBPLVT
DDDCBCDBCBCCDDCBBCDDBCDCCBDCBDCDBBBBCDB
PAZWGYBAXUTBKMWZZFKQANPUXBZBVTLWFTTPNWA
FFKHHKGIKNHKMGGJFNKFKFKNGJIHIHFNKHMGILG
GRRPVDVZILJJKNVJBGYBMGMEIFZFTMPHZBTYTJA
SPXHJCOPUYTJJTYLKCSGYVZNURQHLQLRKAZFELA
TSTWCCHELUJIZJGPDWCQGLWMASWZSNRFGFSOAAA
JDLEEGQGGEORRRHQFPDJJRSRQNQSSPONRPMMIKF
UYSOWMDMNJDAFJRHWVVDDSTUSTUHNSZENMCBYQP
LDHGLKELIFLKGGEEHIFLJCCCFLKELKELFEJGJHI
MFFBYHCPUDUNPGLPWXIZOXLOULOWCJAHHJMCJKY
DNFGDNFCXNFLUNFQINFGZNFYFNFFSNFJKNFSNFJ
VOBPYRHOAXPZDYGJQRLAUAXEXEGTSOLCKQRLFZM
EWPNAYVZPUGBBLWHESIKFVAWXYAIFAYREBECQEW
URXSPURTOPPPTUQSSWTSSROUSSSXXSSQOXSSWPO
XMMYRMMSZMMAVMMWPMMQDMMEBMMCTMMUNMMOAAA
VESFTPSPOXZNRTUHJMXBRGQJVTQMBDRYQSYJXAA
LAKSXAKDNAKROAKQFAKJPNAKLAKDVAKWGAKIAKS
HQFJBJOIFEHQIJFJJOIJEHQFQFJBFJBJJBJOIJF
NLJSNIWIOQLTOMZXAHHIKSANEUXHYSMGOBEWJAA
SVSTUVRSRURTTRUTVRRUTRRTSTSSTSRVSRUTUVR
CPPDAPPBUPPVWPPXSPPTEPPFYPPZGPPHIPQPPRA
RIGKKISLSGRIGMRGSLLSLSGMGKKIGRSGRGNPJGA
NXNASTQTIQLXCPVXLKVLOMECBKYODFUIASZJTPU
HBBBAFYWNHBKBCMEEBGRNHBKNVAMTPHYASWXPLU
MYCEKEHFFHGQJQQBZKURURFZRLGAUDPFOYWOWEA
NAMRNPNFZTKMAZXIWALFEBCQFYFMCQILPZVXABS
MMNMKKLKRQRQCDCCIJIJPOPOHGGHFEFESAABAAA
KGEJEJKIAJBHFEAFFBKGAGFEAAFAGFEAKIAAFAG
UTZZSZWVWVXXVZYUVZSZYYUTYUYYZZUSXXVVVVZ
IOZFRBLCGWYVCGIKBIKPEBRCCYFRYIZYBNUDSLE
TUQSSRQTSRTUUQSUTQQSQTQQQQSRRTUQRQTQSRT
DGEGJIBCFHBAIIEGEBDKAHGBKBGBGJCGJEFJBLA
OTRTTRTPPSTNTNQONQOTSTNQNPSTRTPRQOTRNPS
ALTCMLTLRLTMGLTKNLTIOLTUELTJLLTENLVLTMA
WKJTNYJOJGYZEJBCATITMPQNHCBYRUUCLLMFTSA
MPNRRKKMQQLRKQNOROQKNKNLPOOQOPPPLNNKMRN
DSNECSNOVSNJMSNIXSNLASNAMSNMMSNKZSNFSNX
WIKLHWMUVRPHXRWHLXOKUIRLTUOVLRWWHPSPQWX
GRTZKYWZGRTZHSMNSRYHINFXOAFENOFTQKFDRER
DMMEBMMCTMMURMMSZMMAPMMQXMMYVMMWNMMOAAA
HEECCFFICJEDIJJCFHDHFJCFICHFCEBIDGCJEGC
KFELEMBCGNISGGIJCRKGJTERLDJPSJDKPTLFRLG
SDDTGDDHQDDRKDDLIDDJMDDNUDDVODDPWDDEDDF
PQCAOQCHXQCMXQCMLQCPLQCTPQCBYQCMUQCKQCN
RDHFUTKPQRGIFMQUPKTHMMRRIQQUHLGQUROOUFP
XWXWYWYXXWWYYXWYWXXWWWYYXWXXYWWWXWXYYXW
UPROOVRYTUUONTRTYWXUONXNTNOYNUQTWVRNRUN
MLBGGDRQTKRMGGLMGKMGKTSGMGSRLBGGKMGSHOJ
OKOFKFBIHNLLHLEJMOQJDHMLMOQJBCOBCGEGKOD
WWVYUVVVVYXTZZTUTTYWZVUWVUUVWYZZTZUTZZT
PKJQMJIRQLPIQLPISQTMSQTMQLLKJIRLSQTMPQA
HHGGNMMNRQRQPOPODCDCJIIJKLLKEEFETSSAABB
GBOJRYVDSKKQTCIAYKFEBBEOCARVMOUPTEYKSNE
QLJNPEBSFMBEEJHXNMJPTGSQXTWAAOTTSTGQYPS
DEHFDGHCEGFECGHDEDFFDEHCCHHEFCGHHHGGHGD
IBBJOBBPGBBHQBBRMBBNEBBFSBBTKBBLCBBDAAA
CDDDIJJIQRRQOPPOEEEEKKLKGGHHMNNNABBABBA
PTNRUNUOQTTUNRNMPTNRUSNUPUSUUTTUPUSUSUN
JVSPROHTYMRTPGXMTGMKMNMYPQORKWYMTSNZXVP
OBEBXSDUGQWVBSWKKKWXVUMOUSJUUEQAKYAIBJG
NFXPAMCWXPJNCWPNMCWPWPNFPNFXFXPJDDAMCAA
JPQQVGVMNMMKQLJKVMPRQQVGPRJPMKQQJKSMNMA
EEFEDCCCKLKKGGGHOOOPJJIIMMNNQQRQTAABBAA
LLLKCDDDEFEFQRQRMNMMJIIJGHGGPOOOSBBAAAA
PAAQNAAOJAAKFAAGLAAMDAAEHAAIRAASTAABAAC
RQQQHGGGDCCDOOPONNMMIIJILKLKFFFFTTAAAAA
ZQQAFQQGTQQUHQQIXQQYVQQWBQQCDQQERQQSAAA
PPOOKLLKGHHHMNNNEFEFJJIIRRRRCDDDTTBBBBB
YHTWOHTNUHTHIHTSFHTLIHTSYHTNMHTZXHTAHTC
OOOOEEEFMMMMCDDCLLKKIIJIGGGGQQQRTBAAAAA
JDVGQPEJRDNSJSTRPVGQSRGKSRUJKTQSKVONDMP
MYKIAYKJYYKAFYKZRYKKZYKPSYKFZYKQVYKBYKR
JKRPRTMOFHNOAPHVOLBATOPVTPMRRYFJUOSFNLA
RFLZJFLERFLEPFLMVFLOTFLOZFLWDFLPPFLVPFL
ISSUERJEAFCGTOUEEHLAORUXKBAAEGOCTKMFAFC
IACYOKTOHTLIGLPWLCONTPMJABFBGMEGQRRQNAA
QKJPNNNNNKJRMJKKPLKNRKLLKRQQMQLMJRQLPOM
MSGFMWBBWCLBFRNWUUPKQIPVXPJDPZCENSJZCEK
NMMNIIJJKLLKQRRROOPPEFEFDDDDHGHHTSBAABA
NIIOLIIMXIIYTIIUPIIQZIIAVIIWRIISBJIIKAA
KJBGGHDJJFKJGHKEKDEKFCBKBJGGECDBGFEFIDG
GEDDAENMJEKEENMDJAIDGGANAIDEECBLEDDLAJA
JJIIDDDDKLKLHHGGRRRQNNNMPOPPFEEESBBBBBA
MNLKLKMKKONLMKKKMNLKMNLKONLIPOKLMMNLJMK
UZBZHZBCZZBNWZBGPZBOZZBGSZBYVZBLSZBVAAA
JIIICCDDQQQRGHHGOPPPMNNMEFEEKKKLTABBBAA
JXKLHTHXSUQIDCUIJFJLCTOWWADZXREKSJWPAAA
DBBAKJICIDEGHFBFCGLLHHFGGLLACGDJDEEEHBL
TVRRTVSUUUSVTVSUSVVSSVVSUSVVVSURTVTTRRR
SVJUNNLVBKQAVWPDGJGTURKCHFRHABBLWIMHHNE
GOVUARUMMGKBCJHDSLMNCQKHNTZJZZEZTPEZJUL
ZJFRMJFGJJFMWJFKZJFSMJFWAJFYJJFCNTJFEAA
BFGDHHHFCEBFDHHHEBFGFCEBHFCEGBDHBDHHHFC
OIPLMCJOJCNFFWXPFKVMLUFTPOEFTVJQQMFPCKT
NEYRHNXUUWCEFTQEWCEZASIUVYOOMMKBSPZMTLA
WPKMPPNWKMKQMKQLTWPKLPPNKQLPQLPPSTWPKMK
PCCQLCCMNCCOFCCGTCCUHCCIJCCKRCCSVDCCEAA
TKNVMLVTNVIPVTKNPXLMIPXLKNVILVTKVIPXLMQ
POPODDCCQRQRHGGGJIIIMMMMLKLLEEEFSSSAABA
MLCLCBEBOHILBFKMKHKOLGBKKIGCGFHKNHINNCG
OEDMYEDWGETEAEDHEEDPCEDZTEDEYEDQUEDSEDL
IIIJMMMMHHGHPPOORRQQDDCCEFFFKKLKTTBBBBB
FMEVOAFHXUMRYTTULZURPTZZXZZEIHTNAEIIHTN
FGUHTZQSXCSVRIYEHVHRSYOUEBLXLTITUPDNQUF
JMFHJMFHQVLHMHJLQFTKMVHHIQHQHHNKVFTUUGI
CDDDHHHHRRRQKKLKIIIIFEEENNMMOOOOTSSABBB
QABTHLBKTMNPDPRHFJSPPMJCFJDFKPKQPLLFAFD
TUQMWJGMTKMPJTQBRWZXFVXURKKZAGIPDTNUUAA
IIIIJGHHGHHHHHKKMGIJGHHHHGJGGIKLLIGGIJG
PUUTPOPYUTYWTOTUWPUUSOZXXQOVUTWWNPOPXQO
PMDUIMDERMDZJMDIFMDRQMDLMMDEUMDVXMDCIMD
JJIIEEEFRQQQHHHHNMMMCCDCLKKKPOPPAABAABA
IRQLOSMITVOSLJHPRQQMQLTVQMIRHPRSMITJLJA
XAYEEEKSZNRWDSKGSNCWFUEVGWGJEVIRKDCTEDF
FFFELKLKPOOOIIJJDCCDQQRQGGGHNNNMBABABAA
NNMNGHGHOPOPIIJICDDCEEEEKLLLQRQRSBAAAAA
MJFUTXJIHPMJUTXJJITRJFUTITRMPMJFFUTXJIT
MHHNQHHRYHHZUHHVKHHLSHHTOHHPWHHXAHIHHJA
MTRMZUSTJULPPZLGONBDOGSNQVNPKYUOWJLSCQV
KCYLAFIHZGYEGIITEGDNLKCYRCBXEZLDMKBAATZ
LLLKOPPPQQRQNMNMCCDDJIIJEFFFGHHHTTAAABA
NLDUOENLOWLGLGYOJDKFIYOEKFJGJGOWYOSEIYA
JNTMUTMQQUNJQJTNTUNQPTTUNTUTJMTJMTUJQUP
KEUJUFPNMLAICUXRPNIKZEMFNZKIRNBMOKXPXRB
GJJKGGKHHLJGJIJJKJJGJKHIJJGGGJJKLJIJKHI
PKDACJOLKCHPEGMCPPGHHLIELEIIAJCPIICBHAK
LTDILCBLIWXNJIOUOQMJURNLLWTEZWULNYOWBAO
NFDPKHHGGQGGZNJHBZKSVWVCXRJBNJHJNIPKQHU
UHXXKHHHLHXBWHXWOHXXEHXKHHXZPHXMZHXTHXW
AKMAGBPXWFVQERZFSVHOYAOUEAFFDTAKZSDMKFX
SMDMKLFMEXVCLBSLQYYBVFYBXXNCQXXNSFKRXUG
VSVWVVTVVWSWWSWTTVUTSSVSSWTTTTWSUTUSSSA
FYNNCKTTJKEYRGZNWNZQQWOZPLYGALZOTRALTBA
GCCMLCEEEEJMJMHJHJCKCMFLIDDHCKGCFFIDHLC
GROCAUDOUQGWLWUVPAVEZPWBZOWXAOJYCRPPPJP
AQCPANJDKOIGUTKJHLHLGWDBNAMNQXUZVHMHMHD
UQETKUCIYUDHBPEAMDEZYCMQVSPQCAQNJYCMTLV
HCGGIMRPGBGWDMHWJALNSVIWKMGMSSWVDKHDXUZ
IJJIRQQRFFEFDCDCHHHGPPOOLLLKNMNNSSSBBBA
CEYGTNHVDLQGRBEICZFLRLMTRHWBMXXVSKYEYBA
GPXKQVDVLFKFKFUZXKURUZGPDVLFGLMQMQURGLA
GLLILILNNLJILJIGJIGLNNLJILNNIGLLNNNLNNN
GFGIFIHGFGHJHHFFJGHFJHIJIFIFFIJHHFGFJII
BADJKXQUMMMZSFBKXBLFIWFEWHLEUBADYLVGAHI
UHHVQHHRSHHTKHHLOHHPYHHZMHHNWHHXAHIHHJA
MBBNGBBHIBBJQBBRSBBTKBBLEBBFOBBPCBBDAAA
SUZOUKHNGALLIDRBGNGVDANFOAAOOGVZTOMPAAA
QTCPUPJFGHUPEQVVVVILJFQTPMGHCPYLYLMFEQA
LKLKHHHHQRQQFFFFOOOOCDCCIJIJNNMMABAABAA
EIJLECCIIKDEEHIIIEGDHKEELCJEDELFFLFHCKE
OKPBBRCUVEXTHPXDEEOOLXFGJCZHKTNURXHCZHW
NQSNTPRWXYMWKHMVQCBSRIVDETPRLPJSKZCMJGV
UOCQELJXQHVYMQYNNKJYJLHRJNOKCNZUWODQYCK
IHDAFAIHFAIHKCICIHDAKCICIEFKAKJIIEFKLFA
GAQLYIQXOEYIWCXAIRNNZMVQDGNLMVYDNRSDSEA
ITKIKERPPFJHOHOHFJJKFJJKOHSJJHFGOHOHOHS
JZCIZYKFKRVYPPTXPPTXOESXTFJROONEFJTOKZG
SQWTHRXGWWNEQOXIGFIGIOPWDOMOCQJUOWPHCFJ
QRRRJIIINNNMLKLLPOPOFFFFCCCCGHHHABAABAA
KRNSRXCPZQBLHNSTQAHENYNHUDJSDNTWDAYHMNY
IYPQTEFWHOKTUVJHEHYVHKFHQGNWWEIEVKNUKRU
FUJLRVCMOBURSKZNKZNBRACMBYMGAYSLMMFIRAQ
UJXUXIXPBYHTDDLBRXQXBTRMCTFDBWVXESYESBF
LCYJEQVTPPADDIDOFWTPALHEUGPNDXHBXBREEYR
GDEDDEDHEGFHFHGDFDEGDHFDGFHGDEGFHGDEDHF
TCCUHCCIPCCQNCCOFCCGRCCSLCCMJCCKDCCEAAA
TNWHQIQHMDZBTDFXGIQGEIFGUGJQFSDAFGINWBR
CABLBZZYMWYGPXFPDCHETRAUOXHEABLXNGPUSXQ
LPGHOPIBBOREHQOHEMEDNAJLNRFOHKEOOQKDGGN
KDEMIHILDDDELJFLCINMIILIMMCDEMIKMGNDGHI
MUVKMQUKHCXOZVYJBKYSNNVHUBAQLCIAKSXCUXZ
RRQRFFFFGHHHCCCCIIJILKLKOPOPNMNMTBABABB
FZONYWODXBAZGCZRYWVMNSOLWCDUPBAWJLBHWCD
WMUHTKWJQTHEDSIABKNIKJBSCKJBBXJMYBHYKMH
DJRXQSPXWOPPVBFGQHXRWEXMTFIUJZAUXRXVBFM
JGGKVGGWNGGORGGSPGGQTGGULGGMXGGYHGGIAAA
TPTSSWRSXWQORVPXUTOWXXUXSUPRWQPTRPPTSPU
LILKIKILKIKILJJKKLIJJLIKKIJLIJKILKLJKKL
XQWNLKLUBFWFLDNOLUBFWFLKLULZWNLDLZXUXQA
MNMNCCCCKKKLHHGHEEEFQRRROPPOJJJIAAAAAAA
LLLLOOOPQQRQEFEENMMNHGGHIJJJDDDDSTAAABA
BSSCFSSGHSSIVSSWJSSKDSSEXSSYZSSATSSUAAA
FVEEHCNPJCTZYFINKJKXFXJFJSYMXRKTZKJKFUQ
JQRONFJQOMNUFJQRUTLHQROMROMNNUTLMNUTLHO
VHXOHFQPQMREIBXWZVEFDKJYTWJHDDKJMBXLZZZ
RIULGNSTSTRIULUTSLHINSQQQQSLUTNSFFVPGNA
JIHIHGGJIHHHIJGJJIIJJHGJGIGIHGHGJHJIHJI
PFPQTHDVHDZOIJGIUZLAEBUNVMWLZQAGPFXOUBL
NAAOPAAQJAAKDAAERAASFAAGLAAMHAAIBAACAAA
JGGKVGGWLGGMXGGYRGGSPGGQNGGOTGGUZHGGIAA
TYRXSWUNYTNZTKPITQMZNVPQZTKPPRJRNVQUONN
LCCMRCCSPCCQJCCKNCCOTCCUFCCGHCCIVDCCEAA
XGVJNSUVZPBWUIDYNAPPJAJBGRWJWAOYBTLHJJI
MSKQSMLQPQKJQOSGJRMMOHMNQPHKNHVPKKUSIPO
VVXCMGYWHTILJDEFKSEUYOVTJUKRYOVTIUVZQGS
ZWWVYMTSZFDXMQGPYRMGHLGPYEDFAFHETQFOAAA
HMEBGWUUEKKRUPBHRODMHLWGRCHHMDIDBJNKUSR
QJKGQIZHZBGGPXJGPFOINLIBAWRWWRWWDGRZPMN
LVRURSKEZXEXRDOMJBUDATHXDFCBFRGKKJWFRGK
IXOQEBMFKAQWTSZKEBMFKDZQQKYPYHNDTHQZPFH
CPYHSKDHOZCTZZYBIENLDVVOUZWONFUFTHRHQFA
OXHYNUKDRNPAIBJLXDADTKMYPGYSMZIEQJSIFZH
VDWSQOIQDWSBJXQODWSBSBHDVRXGDWSBKRBZAAA
OPFFWPFHXPFKPPFIKPFPOPFTKPFLZPFOXPFKPFA
PKSMKSMOKMTPMOTULSKMSKMTOTUQMTPKTPKSMOT
RGGSTGGUJGGKNGGOVGGWPGGQLGGMXGGYZHGGIAA
CDDEEBBBDDEEBACEECDDADDCDCBDACBDCAEAEDB
IBEYMOLNKWBQQMKENOFDKOOROORCZZULGZKATKK
KJGJGHGHFGEGFIEJKJGJGIFJGFKEEJFGKGEEKKF
HGGGKLLLRRRQJJIIDDDCFFEFOOPPNNNNSSTBBBA
IIIICCCCGHHGLKLKQRQRPPOOFFFFMNMMTBBABAA
SQRRPRSPRPPPSPSQPQPRQQPQRSSPRRQQPPQQQRS
MFFNKFFLQFFRUFFVSFFTIFFJOFFPWFFXGFFHAAA
AUJPKRETTNTARETPTAUJNTAUETPNPNTNNTNTPNT
ZTOABYWIMUSNCIVJENZQDBKAWPXVDPXLUQLCGST
BUPUPSAOGFRYMXGSRYOVURSCAWOCGFBEGASDQBI
GNKEWSPFVVSEUEKBQVAYDMLOFSETOGKRELPLGOZ
SQDRNGLEUCOLYDVFPIYDTQWSQDRLUCOLGJLUCAA
SPOMWWPRZDNBPNBHZVMCPRHGRDHJLFRCTLJAOWR
PLBBVFMALHYNJQGQOZHZYZGDRGQFGLSPLWFXAAA
YTWYYGRJXKOQJSPWWTIXZVWQPZNZQSPYFULWHZP
HWFFLDKONVUKCCNRGUZHRDJKZRJEHDWMCYGXUEW
EEECCDFCCCCBBECBFCFBBFCCCCCBFCCCDDDECBC
JSGGARAPIRHGBPIRJLYKMZYTJSKRMXTMAJXMYRA
IIJJFEFFLLKLRRRRMNMMDCDCGHHHPPPOTBABABA
KRNMEEQNORENLROFIMLPHGHFHGHFLEHIGPKPJKJ
FKHMVYQAHDBCEGNOKKDRGKLCCLXNIJYBIQGINEB
EFECCDEEDEEFEFECFCEFECFFECDEEFFEDEEEDCF
PKKQVKKWNKKORKKSTKKUBKKCXKKYZKKALKKMAAA
JFWKTFWWCFWURFWUMFWMYFWLZFWVUFWZSFWDFWW
HHFFGHHFFGFFGHGHHFFGFGFFFHHHFGHGFHFHFFF
VOPUKLFGJPGGSLKQPPHMMQKUTVPPEOINNNFLMQK
BASZLIHUCEFWNADRJNQLRWJLSYEHKQPXAKCUWAA
NXYPSNVTVYWQPQRTVSPNNXYPUYXVQTNXYTNPAAA
SDDTUDDVQDDRKDDLODDPIDDJMDDNGDDHWDDEDDF
CASWUBWUTDNROFYXXINHXQGUWUQQTLHTDFAGGFG
GMPDFHBGEIPMKCMJIFJDKBFHBJQGCCIHBQMHQEG
SCGYVQFZRYMREJNYOOIXCJNARZSVQUOBRPCEJNY
JGGKNGGOXGGYVGGWRGGSPGGQLGGMTGGUZHGGIAA
IDUMVVCSHLFFIXKEWVVCMNTUHDSTTSPOIWRKUSW
OZLCPZLCCZLWSZLNTZLFLZLRDZLRIZLDPYZLUAA
LNKKLLNKMPLLNKNMLLPMMOKOKLMPMONOKKKNOOO
GFHGFGGHFEEGEHFGFEEHHFGHFGHFEGFEFHGEEGF
JJUFTIJJIJKQMTTIPUIJTIUQRTTIKQMTKUPUFKU
LLKLDDCCPOOPGGGGEFEEJJIIRQQQMMNMSSTABAA
ISGKKVPEHEEVMTVKMOFHEPNMVLTGKIOIIEERQKM
MQNUTTRPRPKTNFTTKQNFNUOISKQEQEMQLJSKTLJ
VJTWNRJWCRHCSZKDATDFZJLENXTADBRMTYXSKZM
OUTRINPHXCAHUAEYLPQQZQKYJJFVGQUGVNNEDKA
NDFKDMMEBDLULPIOVEQQFFUWNHRECFTUBEEUAAA
RMRDTUORBHWTADJBAHVANCLMWSIAMWAWOQFOVVN
AQFTHQDWCNVXGSHUKENGWIVUWNVEMRMCTFXFKAI
BSXUQAXHBLCXJTWMXWIXRKLNDPCVXOVKDAFSTGV
JLMMKJLKMLLKLMLMLLJKJKLJKMLLMLKMKJKJLMJ
OHFPFLKNKNEIFKFLEHNCEIEHIMFKNCJJJJEKOHA
BLPMXLPSILPCNLPSSLPMQLPGNLPMKLPGOLPELPE
RRRQKLKLJJJINNNMHHGGDCCCEEFFOPPPTTSBBBB
COQTTOQGSOQOAOQOIOQYPOQZYOUONOQZXOQUOQY
JQNGKAQDVPWPCUIFXFCRNNDXTTQCXFPHFWCRPHF
QXXOWPXRSSSQXRQXPUTVXOWOOVWPTVQRQRSSQOV
PAAQHAAIDAAERAASLAAMNAAOFAAGJAAKTAABAAC
REESTEEUPEEQLEEMNEEOJEEKHEEIVEEWXEFEEGA
NYQQEBRLSQGABHJANQCBNCGGPNQCEWSDOZQODSU
HINYXBMRBFDAPFEDCNRYMTXGLPHIYYCRPDFUAAA
IVWIUTLVWIVKYZUTVKJKLVXZJKLQHWYZLQMKHWA
HJHHGHJHIJHIJHHGIIIJHGHIIIJHGHIIHHGHIII
BSTKIMUVPVKFQASJFKLPFNSINKLKTVATWWUWSFN
SBBTIBBJEBBFOBBPMBBNKBBLQBBRGBBHCBBDAAA
RRTRUSTTTPQUTTRRRTRPRRSPTRPQRPQTSPRRRSP
CFBDGKFJEDBBAAIEFJGHADGKADJCBADJBDGAJJK
KRLPORMKLMJJLNMOPKIKNGOHQHRKGJPRNMRHMJR
GKJLHHLKIHJGHLKLHHILGKLGLKHHLLKHKHLHGJH
SWXPPNTRTRJZXPNTZJONWXPNRJZJJONSNTRJZJO
JHIGXGYNEVJHWEAJYNWEIGPMAJEVPMTJTJARVHA
BUOOHUODEUOODUOWBUOYIUOCRUOTOUOXIUORUOM
VHRRTRNIWPKRLKKRTSWPNIWQWQTSRRLKKRJQTRA
YJWLPZXETRZXCXSIWRZZHXJIKIWJERJINFIRAAA
MCIHEJFCJGNELCOIGCJMHOELEIHGIEGEMOMIEKJ
JWIVXOUPXZINNKZJMIPXJWYMIHUJYNKYVOHYYMX
SXECWVLHKQLBCKUEFNKZIMIHCYTCETSGNSXDGAA
UYSDUYSDUYSDUYSDUYSDUYSDUYSDUYSDUYSDAAA
QORRQPSNTPTQTQMNTQQPSNTQMNSNRRTPQMPSNQM
LLKLNMMNJIIJQRQQHGHGPOOODDDCEFFFBABABAA
DPMVCNKGKGDPTOCAXUHJCMOXTOCADPMVQTTOAAA
LKEXRDAISOQISSRGCBHCXNYTVDEGIMTOEGVMKZW
EFANNAAENMRBIFENRBEFRBEFAELDQIFEDCFRKAA
KMROULSKUUMKJLRUSLLOKUOJKKIKOLIKKPKSSLU
NFNHDJKAPENFHOSSOIMOMOHOKAPEEDOISSNSDJA
NOKGEJTWONRLHEXXUDJVRZSFTHFRMJNTHYINIQC
JPQACSKQALPKVSYIYHBXOMRJDODKOHBKNWPDODK
ROMUTQPOUJQSJPLULONLLTQPRPMKQLTMSTPKJKN
PRRNMLJGGRRTHFRMJVMLQQJVRNQQJGOIRMPRTHF
GYCWZKITSUAJLBHJCIBRFSMHUNJBITXIDBDBKIS
LAAMNAAORAASFAAGDAAEJAAKHAAIPAAQTBAACAA
AYZGMXEUQXXPQLWTOSZZCWFLEKAIUBJBWNACWFL
GMJJGIGGKHLJKHLJILIJGGGIKJKLJKHLHHKIJLG
RKIBSBNFULXDPUUEVIFGMESIZZLBRUEJZZRTTDL
KQWTXPMTPRLPLPWTWTXLQXWMWTXPXLQXMTOPPRA
AFJHMUNRIIRFPCWOUGSNWFCPVQIMEXOFKTMUVWO
YYQRVSWQNMOYRWWNSZPTQPVSTUUVRYNTTYNONTR
QVUWVTWRWQUNQOYVUQWTRZVXNPZQNWQQTURXVWU
XKSJIWPTVJJOOOJXTEWEUXMVKQXULPIIERYHUYK
ASKLVVAHPMENGEBMGHNWLRQUACMWOOVHOSCLAAA
DDFEFBDDBFCCFFCBDCEBCCBFBEFBEEEBBEEFFCD
XWVWWVWXVWXTVRXWYVMOXTYVTYVMWXTYNVRXWVA
FMBZGMBAEMBERMBVUMBOCMBMLMBAVMBUGMBCMBZ
PPOOJIIJLKKLGGHHFEFFNMNMRRRRDCDDAABBAAA
ZBYQOWLWUUEAEBDKOTNWVOBPZLAHULDSUSFSILN
OMHCOBRWELMMBHJDEOQFWSSWFRHVAJFWVYBEKMA
MVKHRAPAMVWLFHILLJRMEBDAZIJTAPAVOQDBDWK
MWCOJSXSLTQOSPNPSBXLPADHOFMMBKMSOUATEPB
TKVECLBMCQFEQZCHVCGICTJSLMPDQAERHWHYJAA
YUNSJYHBMUMYKRWYHXYQUFJFPAJYIBEBCJXTBOW
MNPIINPLMJPLJNLIJNLILIMJJPLOJPLOLKMNPIN
SGBZEFMZLJQXBGYPWSLCBCGWZZNLSLXLBOMGAAA
MDEGLGKKNLGKDEGKMKCMGKKCKHLGMDEGGMNLGJG
QSSSRSQSSSRQRQSSSRQQRRQSQSSSSQSSRSQQSSS
ESSGESSGIHHMHHMLMCIHIKDQBGLLHMCIKRPHMCA
WSSSUVTXXTSVSTWXUWSUUXXTVUUUXVSUVTTWVUV
KZACEQIUBSMROWBDYLNZGTQTRTEJFRQWOXRXCPR
AVFOWDLMIRXPEWQWTCKEPYSTDKLBOFJIMJQYBKD
LPPQMHLQMJLKLQGJMILPGJOHPONNNNMHPQPOHMJ
NNUVSNQNNUTTVONPSPPVTTNNTKKSPPVKUVMRNUA
IJEIJBKEJGEDJHIBDBDJICIDEGAJDIDJFAEHJBI
TPBLJJLBRRCRQDHGCIDPBDJPMHCODKKPQOBLAAA
DBMFRAQUIKGZBLLVHWIVQUHVHRDVKGXVWUYPUZG
UQTOQRUQRQSPUORTUPOOSUTOOSOQPTQQTPTRTTU
ZIVYQFFMJABUPESAEXWALLURWZHMWHNSMLEIZYA
HGIGPGKMKCICRJCDCDSCCCCIIEPHDCSKMSDCSKP
IFNNKKIRSTKHNNRJNNRJIFNNIGMIEENOPSTKIRS
JSAUSAUSIANJAUSJUSJCEMLINJSALIANMLIANJS
CRFZKQINPZLHFTJADFWZSPBYTGOENBTMKJBTJAT
LQQMPIMIMLPQJKQPINQJJNKLMJNMQOIMJQJLOOJ
GHKJIJJKIIJJHKJFJKGHKIGIKIGIGHJGHJGGJIH
CFQYWALZYUQSHPLYYUKWBQLRGPEIHGFQQGHGSIM
SXDYWKHNNDGEHYAQWFKMTLMECEUOZUWPPKKHNIA
PLEXFBEEMJTGTDYMIFZROQJBMJTGNYTJDFWTTJS
XLPZWNFASAXWJTYRSUBEXPXQJDSDECBQNFAMFVP
ELFAHJXCOQFNIJBJXLIUHMEZYUVJXFIGDQSGXXF
ILJKKKKNNOJLLNLHMJKLJNNNHOHNNLJLLKKMJNM
RBIZSNCXHBOWDSAGOSAKKPUKNFCKRLNZWGZOSAK
KANYHREOBWGFBWGFZBWGJYHRPHPNBWGFHPNWGFU
EGIIGHHHIFIEHHEFIFGFHEFIEGIIIIIFFIEGHHH
HFHIKFFHJJJIKKFJEKKJIIHKIJHKFHGKJHGGGGE
ZLNYUXTRTRZLKOFQOZIWHLOZIGGMNYKOFQIGMHL
ATOGTJBRFRBOZOFQBOLUIEUEOXIHKMPXLRWTJBR
SODDMQEFLLDJFNPOGMHFFNJRJRQGRNOSDQGCLRM
IJONEVEFUUUIEMTPFTTXXLXENQUXXJTEPUYMELH
BHTDBGLGOZBOSIDDVNAYMFHERLEITBIJLYRLFHJ
HHFSSKDVAINTVVEMLUOOLEYJGTTKLZCLCVVEIDT
UEWQGJQQQPTCLFUKKVFFFXQTLFUKQTJCEOHUMOA
JDCFDCFIIGNJFIGNMDFJMMDFIMMDDFJDFJDCFIG
HNNDEEUJGDKNTOQEJTDBBETHQEGGDGRTJJPAMAQ
IMOPKSMRMOPRIQITOPKLLKPOSSRSRMKRLKMOUIQ
HSDUKMIMWUVERASDZCNZHMWCPSEIMSVLTYGFAAA
JVZRZQSWPMRGJOVMPHDGXUAVIVMKYHGGFHWHLJO
NOHKKLKIONKHLMNKIHLOPJLLLMPMKLMPHHKPNLL
PEEQVEEWLEEMHEEIREESNEEOTEEUJEEKXEFEEGA
LEHXNEHNTEHXWEHKJEHZKESEMEHNKEHKLEHSEHD
ROPQTOWXOWXRQUTQXROPOPQUWXROUTQWPQUTQWW
OKPLTLIIZQNWIYTUJPZXLQPXQQIITVUKNMLPQAA
SHRGTMHMGQHGHGPOKSOLHLKSHMHLRRGQOLRRGTM
WWZXXYZZXWXZXWXYZZXXZZXXWYXWZZXXXZXWXYZ
WOGMTONNPAULQWVLOOQDLTAEOCCFLERXCTBZFKA
HHLFHLFLXUHHXLXFFLJXLXFMUHHLLJXLLFLJXLX
HHXXDXSQYZLABBVKNVUCINGHWBVEIDXSZVILQME
DAAEPAAQLAAMRAASFAAGNAAOHAAIJAAKTBAACAA
HJHJHJHJHLMIMGGJHGILLGILJIIIJMJIIMIGHJG
UDGTQRWPIGFVWWQFOSXLILGVHKPBHYUCIOUCATA
JHDHEHHIIJBJHFJEGGFEEBBHBFFGGFIJJBFFCJG
PCCQNCCOFCCGTCCULCCMJCCKHCCIRCCSDCCEAAA
FEEECCCDLLLLHGHGQRRRJIJJMNMMOOPOAABBAAA
XOAPKOACSOACLOANTOAOBOAHKOAEIOAQXGOAUAA
FEHTVFISHHGFNLOXSRFFXOIHJGFNFPKOTNWNXTV
SODMEUNPSEUNLSPSDCSOUFKVKUGLPLGEUGLLSPS
LJEGIGNRDNLJGTKFSRGTKFHONREKHOIGEGMDSRA
NMQUBORWIYBQWOLEOJKBKTRYDQREXECKAWIZAAA
ANHZTIVSZAOGRVWZZOKEITTGWLLNGBSMVWZGMSI
QFFRSFFTIFFJKFFLWFFXMFFNUFFVOFFPGFFHAAA
YJJZMJJNOJJPSJJTUJJVAJJBWJJXQJJRCJKJJLA
JQIKNMJQQIKZMJQIXNMJKZXZZXZVZVGLIKZXZVG
HDGGCDIGFFIHIIIHICIGFIFGEFDCEHEEIFGEIHH
LKLKQRRRPPOOCDDDGHHGEFEENNNMJJIISTBAAAA
TLDGRGTLFGRGJSFGSDJSULVKQHOGVKKSKSSDGQH
XZWWOWSSZQQZZOXUXQUVQZXQXOUZQRVUSTYQQAA
YUWOLQYUNVILVILLNNVIRGNNLLQYGNNVILLQYUW
RAFMUOVQFNZAOYYTSGUNLFZAMHXAMAHEHFZOUPA
IWXYYFZDSHPIDIWKDDLMMDEDHJYSELMIIRUSYTH
ORSPVPOORTVQWPVRWSQWQRROTXVWPRVQORWTOPV
KLFBGKIAFMHHHEGAKMKGBACKACBKAIHAAKJFMJK
IJIIOOPPNNMNLLLLGHHHCCDDEFEERQRRTTSABAA
WRRNSLMLJSWRLWJSLWLWJQULTQJQULSLMLOULWA
FCQILEBNKKIETMZJHUQITFNHHPMQOECIHPMQWWB
UAIADAILAAINPAIDUAIMTAIFWAIGFAIBKPAIQAA
TCCUHCCIJCCKLCCMNCCOPCCQRCCSFCCGVDCCEAA
OHGLHJWWKJRUIOSMNOHGIOSMMHJWHGLNMNIMHJA
NMNNLKLLIIJJOOOORQQREEEFCCCDHGHHTSTABAA
UPOVFSNSMLXWXWWTPNVMOVYHNSUPWTPNVMFTFSA
QEVPNNFRQKNDOQLKSIOUXQTTFIEHTRFUUGNGXEM
HKTOKKTEGKTZYKTFXKTVKKTNCKTTPKTPCKTRAAA
FSGYGJEYBWVQYTGJAIZWAGWPZUONVQUEDMZENIJ
EITUNJZUGCCFNSPIUENSBBRPZUPLAQRBBRVOGWJ
JIIJHGHHDCDDPOOONMNMQQRRKLKKEEEFTSBABAA
HFKHKHIIIIGKKHFKGKHFFKHIIGKHHIIJJGIIGAA
EEEEEEEEEEEEEEEEEEEEEEEEEEEEEEEEEEEEEEE
ENPCHNKISIJJMDROPCHNJJFLFLGHROENGHKPMDA
TFWORIDDTHUNYHPIGVNKRRJSWHYPKXSUUNWSNOA
MZZNFAIIHFGRKVXNITMXBSQAEYTXXBVWBVWHOPB
PNPPMPNPKMPNPPSNKQOKOKMPNPPSQOKMPSNSNSJ
EIOMHGEFKIHOEJOOHIINOMEMEMOIDLKLDLJLDMM
PMGMGMINNGWVXHTPMINGHTPMMGMIINGWJXHTPMG
JJJIDCCCHGHHRRQRNMMMOPOOFFEFKLKKSSSABAB
HBDAOKMRQNNKKPRIXDPNQNNKKQSPTZIMJNMZYYT
HSLUJPFHPFHSTJPFNTJPKIKNKNTJFHSLGKIKNTA
OZOLPRLRHGHFBFVHKUNFKUNFHPECGPJDPAEMNJX
IMDLIDZRMDLVEIDZLVWGGEIDWGEIDLVWVWGEIMD
IPJCHMXEBJYJMSOEOMSOKGZNLDNJIBNQTJWDNEW
NNNMIJJJEFEEGGHHKKKLCDDDQQRQPOOPSSSAABB
POMBBLSOYPSNWVERYFCCYFCCLGDOJTDSINJUCUK
IIKLLNLLIILJPKOKOKNPNPKNLLIKIKIILJPKLLN
KKLLGHHGRRRQEEFEJIJINNMMCCCCOPPPABBBAAA
RVQWDHCIDERVUADATBRDUZYJMLZHRSUDECINUST
DJLKYJXKWUKITVXVEVTNCEUZWRCXSSIMXVRQXCQ
GAKNKNHANHAKAKBOAKNHHAKBBMGAKBOABBMGAKA
CSOBOIHHFERQQENBFHFOBLGFQBGQBSDFQQLNBKQ
IEQJJNMQMQISJREIQJNMEIEQNMQICJREREIEQJN
BAVNRZACZGTJHYJZTPNWMUBNYJZPJNCOXOBTNXU
EKKPFHEJIOKMLIPLHHHHPHEMIIKELIKKLMFOMFO
HIHGADNGFBOMUEFBLJQYSAHJUCXCCEIEBIWEPLS
OHHPWHHXUHHVSHHTMHHNYHHZKHHLQHHRAHHIHHJ
ETULLETQMJJRMJJRTPUFETQFTQMQRTQMRTQMQOU
JUNQFJKEMTHEUFBQZIWNOWNLMQDNFUFBDZOXCPS
WXRAGFQZPNCITKXXVPNVZATRSHNBJLNCPSYNAAA
LEJBFBFCBBEFMJGGNGHHCFHMGBHNGIEGBMHHBCB
BCBFBFBACEEFFEEEDEAAEAADFDAAEAAAEAEEFDD
IHAZQQVOHAZAMUGUHKLGZCTZWNOZELZNTKGHLIB
WAPUQDWWVAQMUKDTYCUKXPCWPDGVBFPXAJHJUWS
EEFFHHGGNMMNPPPPQRRRKLKLJIIICCCDSSAAABA
NHHQGMQDWRSEYPRJRMRKHZIJHQPKEHTJUNBUDJY
PUFJFCUEANYLJEWNZVBTNCBMKIQJIRBNXGBYAAA
NRQHGPTVKNJCWFSHOWCQNFLRGEPECQGOPWKWTNF
QPQPOOPOPPOOQPPOQQOQOOPQOQQOOOPQQPPQOQP
AGPOQGPGXGPMGGPGOGPMQGPSMGPOTGPHZGPAGPO
DCCDLKKLJIJIGHHHNNNMRRQRFEFEPPOPABAABAA
IMDBGHLICFJDBJFCBKDIDAIBMFJFBHDGICHELJM
CIUTGDSULIHCSIRJURTSNNJLTJOGSINOJTBHJUS
OATCLBCBDKUDIOAMYHUTBCRZMDVGCLMRNCLMJBF
JMUOJMUOKWUQNTGESWJDXJVCUYZPKBUFTKRDWNR
PBHVSPRICHQGKUCHIPUBYXSQJPABEOVYQTKKRYD
ERYTZXPRYDVICCBASFLSFMEMDVQTLCYLGOEUIUA
KHLKJHFIZHRFRQGSZUQUVRAFRRZURNBNZOWUBWD
DCDDHHGGOPPOIJJJQQRQMNMMEFEELLKLABBABBA
PMMMMMTMNQMPUUPMTMUVSTROROPUPUTOMPSTOUU
QCIHRAAMWXSVEZBNIETEEDMGIJEPYCSIYCKWFPX
QVAYKHVQJMIMFNXIWDRDFYOJMBXTHQKHOKJXGHJ
IIGEFDDHBGLJJJJIEHBLCIIKHLLBLBHCLHBCLDL
EGHGBGHGGEGHHCDBBBHHCBGEGGFCHGFECFGBHCC
KKKLRRRQEEFEMNMNOOOOCDDCIJIIHGGGSSSABAA
LKKLEEEFHHHGCCCCOPPOIIIINMNNRQQRABAABAA
SOTUOOKMUOLSMKTOTNNOUKPRMTKUORUMVOTNNMT
LIKGGNQONNJOJOMMMMJKHSIHNPHKIHJRIGNNJOM
GGAFBDHFAEFGGDACCFHGFFGHEHEAGDGBFDGBHEE
PPOOHHGHQRQQJJJJNNMMCCDCEFEELLLKTTABABA
LLUNNLTTTRPORSRULUNLLTTRLOORRPSQSRURQTR
RRQQCCCDJIJIHHGGNNNMPOPOKKKKEEFFBBAAAAA
IDLIAOKNKGASDPVDDNEHTXYLZGNFNGEUTTHZGNF
HCCINCCOFCCGTCCURCCSJCCKPCCQLCCMDCCEAAA
HYULIGQNRGJHTRGJGJHYNYTRJHYUQNYTYTRGQNY
IHJMJNMJJMKKNNGIGNMMIGMKHJMKIGMKGKGNGIH
EMHHJLDFFEAEDAKAFCGAFCGALJDFAJFBFIEBEAH
DHCFEAEHLCFDFKAEGGMLEKCGFEEBKBFEHBHJDIF
VSSWHSSIBSSCXSSYZSSADSSEJSSKFSSGLSTSSUA
INZCMOMHLJHPWBPFIJKDSWINVIPESFRTDEFNDBD
BFCTNMQIAXDEKEQXPTJKKUVPMBNQRQYWFZSQXNC
RZEARNGWBIWWJTTILIBMCMPEILYBFSJFMMZSLIB
UJJVSJJTQJJRMJJNOJJPAJJBYJJZWJJXKJJLAAA
IHIIHIHIIHIIIIHIIHHJIJHHIJHJHIIIHJHJIII
HPNVYNWXOWOUQYHWIIWSOIUVVSXDIWJZRZHJZSE
NAVSTAVGWAVTAAVUDAVOBAVWDAVTIAVBIRAVZAA
QHLQWIDXFVXRFQNBOUMTROUMPJTRZHQBTIHEVOW
VIVLMPDJNINOIUJQUPUJNWWKANSHLPNTGHTWAAA
PYGJYGJPGJPQJPQNSRPYNGPOQNGPRPYGXSRPQNG
UQNUNUQQUOTTSSVTTTSSVTNTSQQTRNUQNTSQQUO
OFHAPFUBWRPFVEKNYDOZUQEYIKETLQRBUBTVQIX
VVVATVVUZVVOHVVLGVVGPVVYPVVMVVVKXVVPXVV
TYOTBGDKKBYXYXBGDKTYVWJPJPROOTVWROBLPBA
FCCGTCCUHCCIRCCSJCCKPCCQLCCMNCCOVCDCCEA
GHHGCCDDLKLLFEFFPOOPIJIJMMNMQRQQSTBAAAA
QUFYTQUFUFYVVLFTTGQTLFTGGQTQFTGQQTQUVLF
RQRRDDCDHHHGEEFFJJIJPPOPKLLKMMNNBBAAAAA
PJQQRTTWUVHSSHRSXUVHWRTTHFPTSXXUHSHRTTW
GMSBMDURQYAHONAQGUWTOCAGUUMVMKZCKKIXRMM
JPNSONUXUAVTBCFJHONUENJJXINVFNGAEVXHCQV
CFSMIFJGBUQTFXFYWKYMKONEQOERUHWSWIALVCL
KAFRZAFYEAFPTAFOOAFGYAFLQAFRYAFLKAFLAFR
TOTSRTOKSURTTSURKQTOOKQTOTSUURTOTOKQTOT
XSNFOBORESYYYMOPIPLYSYYJBYDAXFKGBNUVNDF
JPJFMORCLKTOMMFFSEHIECMXICNCWRSWZFKTOXN
NMVWUUQWRUUQNMSUNNMVWSWWVOPNRUUQTWNRAAA
GQSRDEJZYLERCJRJYHAMLFNSEJZUNUXQQTOFZMF
TKMKKKPRXKKMKQOQMYWXXMNKRYTXQTPMKONSLLK
EXKCROIEHYKASLJKJDVUQDEOGHYKAOGLMBVBKNY
PYJJOJHGYAMVFVLGFZOXIEUOMFEEJXESXIVLGYF
DIEJEDEIJEGDEEEJGEGFFGDIDIEJFHGEGFGDFHE
XFHLWXFHUWXFFHLZJIQUVJIQQUWXYEVJEVJIQUW
UFFVQFFRIFFJWFFXKFFLSFFTOFFPMFFNYFGFFHA
ABACCDCFFABDDFDAAEACABFADFCCCAFDCEAEFCA
XAOBOAWFHJQFYGSGSBHZFFQSPIDYAVCOXADNAAA
XPHNMLVQGIQSXSGTJKRWUGRIHSTMWPNTUQNJXSG
POWXUEDZMRHGCPMEMEMRSXXYOXUEWXCPHGOXYPO
PLPRKJWIUHHVKQKVKMFOKGNHQHNKWSFGNKKKQKV
TQZXYYFJFNVWOHZUTGZEXMMVPWWFDJVRQLTOPTG
KLMJMGQDUKPCMJWHPCUEQDUKUEKLFDMGWHXUMSA
FCCGTCCUJCCKHCCIPCCQLCCMRCCSNCCOVCCDCCE
RSQVVSVXXRSQSVXXXXRSXQUVUVSVVXXRQUVSQVQ
HXLQMXVWGMWDWMNWHIYWRPIBUPJOHAFUFCYTWLA
DDDDDCEFDEFFFFEDFEDDFEDDCCCDDDCFDDFCEEF
RQRRIJIIGHGGLLKKPOPPNNMNEFFFCCDDAAAAAAA
EMWCOIXSKBOPTGXILYOBNYWISZEQQJWWAXNBAAA
NWKTTHRTTSTFUGLNGLNWWVSTRGNURTSTUGLNWWA
IIJJNMNMRRQRGGGHPOOPFEEECCDDKLLLABABABA
UZSSSVYZWZUZYZVXZUZSZVXUVXUYSSVYZSSVYZV
VOOBBUVOFEMOVEOGISVEOGFEXSNSOBISMOQCXSA
PPLMMKLNKPMMMMMKJNOMLNPPLMPLJPJNPOKPLJP
LAJWUGEBZIOXPOQKKPXBUUUQIFALPWBHLKITQIP
ZQRIGCDAHCQOGVLNUOMBENHYOOMBYRLPMHLOOMB
VNWWSRSJKJXLLJPUSUQULTXVLLSVKPSRSSTQLQN
LLKKKLKLKKKKKKKKKKLKLKLLLLLKKKKLKKLKKLL
RQRQOPOOMMNMDCCCHHHGLKKKFEEEIJIITSTBBAB
BMMCPMMQDMMEVMMWZMMAXMMYTMMURMMSNMMOAAA
RMTNTQPNLNKSTRTLLPKTNTKTQPSLNMRTSQKTPTR
RQWRRRRQSRVTRQQSVTQRUTRRUUSRQSRQRQRQRUT
OVZMRWYTRYPXGZSYSDSPXFQDLAWZHXEMFIATKAA
ECPKICPVDCPGXCPQICPGBCPLICPVGCPSGCPMCPV
CDDDJIJJNNNMLKKKOOPPRRQQGHHHEEEFTTTBAAB
RMMSDMMEVMMWPMMQTMMUZMMABMMCXMMYFMMNMMO
QIYZQIYNSIYUHIYOJIYLNIYFZIYBIIYPNIYYINI
HTZNQICJMDOYWYKQWLJCTQTUDJTEVKHSUTAMOUA
IWIECJKWDTBHXUMPHOBKMTISPZNMIRXIJKBTMVU
YYQSROLPIYNNHXSCMZWRZIXDUTHSQWHVUQQOLPW
CCDCRRQQNMNNIJJJGGHGFEFFOPOOKLKLSABABAA
FEHGEHGGFGIHGIHGHHGEHGEEIHGHGFFHFGGFGGH
SKNDDKNRXKNBLKNLFKNQHKNJXKNPQKNUPKNFKNL
CCCDOPOOFEEFGGHGJJJJMNMMLKKKRQRQTTBBBAA
JEVQKRGIPTHSRGFXJFAEIBSICXTXNHDRZHGCAIU
NAPQMDOMQNAPCZFEAGWHNXKPAPEKANDMFFXCZBV
RSRPZPRVVZPOXRWYOWUPTQVWQYVZNZWQSZTWRTA
HHHHQRQRDCDCLKKKIIIINMMMOOOPFEFETTTAAAA
IIFMSXYMDVTGGDFYJJYRFLFCMJXOCJEXHYEYYXQ
QBBRIBBJEBBFGBBHSBBTMBBNOBBPKBBLUCBBDAA
XUAALUAZXUAGZUAUTUADKUAGCUAUFUAURUAOUAR
NEKPBEPMAKPGLLJAPIEMPHGFCEIMLAKIDFLOGLM
PMHBUIXSTKRYWQUNAQOSPBKEIFZVCAABFDFQUNQ
PMNLMNLMNPMNLMLNOQPMPMNPMNPMMLNPQPMNLML
CCCCLLKLOPOPNNMNEEEEIJIIHGHHQQQRTABABAB
TWQVRMFEHJXQHYHFCAUBPTWQBIDDBLETWUFUPKB
IIIFMGPDMGPDNLHIDIDNDEOFIFDEDEGGLGPGHLK
IAFOATXFWASBDPLAIQTKAMVMOIISEFDPCMKPBYM
GTKRJNKGRPOFOBJNQSOBOFGGCLLQOFGGLSBJGNB
LLKLPPOOQQRRHHGGIIJIMMMMFEEECCDCSSSABAA
MTMBRYQZPSJNDDQOJCORRTSKUZIAVRBLMMWXJCO
RTRSWSVSRSRRVRTVRRWSSVVRVSUVTUTVTVTUVSV
JLOERBPLFICVEXPTNEXPJCWBKPDFBOSPIBRCSNM
RAASHAAILAAMNAAOFAAGJAAKPAAQDAAETAABAAC
UTEBSUNEPXBKCSDWQSEIIQOVRCMXNAKYPSAWAAA
VIHXJKIEZNDCOBVLNWMAGGDBTQHSLNATMDVGZJL
SYOVHYHYHYOERYOIUYOVHYOJUYOFJYODYYOWYOE
VVGEECPFGECGOXECJEHIDLXEXEJEHIOXCGLXDLA
HJJGGGHHIGGHGIHGHIKGKHJHHHIFGJIIFFJFKGK
OBBPEBBFKBBLIBBJMBBNSBBTQBBRGBBHCBBDAAA
EFFFDDDDMNNMKLLKRRQQPPPPHHGHJIJISBBAAAA
QTWQMXQTLWUNLTMSPNVQQOWNWQTRPNVQWQTRPLU
KTRNOSMNNJJJPRINMPNLNQOPNTTKKLSKLOIJRNO
UGLVBEAKOBDENTJCHJXDNQPVTFXLZTMHVUUQPVH
VSCEHLWSOAMONOJZKZGFGMSRVSCEYUQDUKAPEVA
LPONLNPOOLMMNMNMLNLPMPOOOMMLMONLMNLPNLM
YIBAZTVQZTPVNCDSWGRCBZEHOKATLGFEXWGRFZE
SBBTOBBPGBBHEBBFQBBRIBBJKBBLMBBNUBBCBBD
RMGOINRPHPRUUJRMRUINGOJMJMUPUPMPRPRGUJA
PRQSRQQQQSRQTPSTQPRQRRQPSTSSQQTPPPRRQPR
MHHGLLFKGOJPGFLOOEEIJNFIOPFHHOOLHGLJGEO
VRSURTVRRUQURRRRUURUUUTUUQTUURUVURSQRRU
AGABGABBBFGGFBEDFBEDGBCGDFBDGBGGGGFGBCG
KRHIMHFMXUEKEBDXKMXLLCWNDIFKIQIDMSTKKBM
SSTTTUSTSUSVSVVSSTTSSUVSTTTSSVUSSVVSSVS
KMLLMMLDAMLLXMLRLMLLUMLBRMLLCMLSVMLTMLZ
KZGCZNYHBTMRSINLVMTWUCTEMLPCBSMRBCUAKLA
WMSTMMSRPMSQSMSQCMSPYMSDGMSKDMSBQMSLMSS
QSRRRNPTRMRNQTQSMNSSSPORSPMNSSSPRRSPTQT
YVWYXXVWYYXXVYVWYXXVYVYVVWYYXVWXWYYXYVY
IJJHJJHJJJIJJHHIJHJIJJHHIHIIIIJIIIHJHJH
RNSUSUNINIMSLVRNOTLVMNRLRLOTMSUJSIPOMNA
HSQNPOJIMSMHTKKQNNGTQHGPGKOMMLIRRKNSTPG
FHTGGIDTQKLGDTFHKLGITFHTLGIDIDTFTGPHTGP
GTISSSKKKRQMQPVGFNSOMIRUTJQFRLSTUUVTQJR
MINMMJKLNMLIKHMJLIJNKLMIHJKHINHJJNNHLIN
JLKRSUMIKRKOROYPLORLMILOXTTXYPSUKOXTXRO
KFFLSFFTQFFRWFFXUFFVMFFNOFFPIFFJYFGFFHA
XUMHHUOXLFELTEONXTIWLQSNNRRXHOVTWHRCWCL
GFJOBFJPZFJROFJBZFJZKFJVZFJTYFJXDFJNFJN
XILYVDEIDVZQHLSKZTCGTCGHOBLFSSLICMIJYCR
OJNBPZQPOGLHDAGTDPSIPZQPTGZOGZFGLEFADUR
CIAAHJFCIAADIHJFFCIAJFCIAADIADIHDIHIHIJ
GBBHSBBTQBBRIBBJKBBLMBBNEBBFOBBPUCBBDAA
TPLSPLSGBRMNLSGGRMNRSGGBNROFGGBRGBRMNRO
RNXNVNKYYFKQQYLRMJFGMYHJXMRVJQYXNHITQUM
KIJOQNOPOKJQLLJKOQQHPPMQKHIKPINLHPOKIPO
FFFFPOOPLLKKDDDCGHGHJJJIQRQQMNNMTBBABAA
TTTMPTTHXTTUDTTMRTTDCTTULTTVCTTURTTRTTX
FQUFRQUCNQUFPQUWSQUWRQUCHQUQNQULZQUDQUW
EJZLKZMDQUJYRMWFEJIIZTKVFFRUPQUGMHLZXZT
WLHTLHQGTVDEHQGWGWLHQGWLDEABHTVDLHTVDEA
FATAQHEATDALTUJPUEQTLRJPZHWLMLTOHLBDAAA
LKKLNNNNOPPPFEFEDCCCQQRQIIJIGGGGBABBABB
HBFHBGFCGFCIFCIHDBGFCIHBIHBFDDBGHDDBFHC
EZYBSKBYSKBYOADGTLTESPHDFXCODSVNJKVOVVT
CLLDYLLZSLLTOLLPULLVQLLRWLLXALLBELMLLNA
KIGIFLFFIIHIJLGJJIJGGGJKILHFHKIIFIGHKJJ
OMVNLMVDKMVCXMVEDMVYXMVMRMVXQMVXSMVJAAA
MYYIAYYGWYYSHYYBHYYJTYYXFYYENYYYDYYDYTY
UDNJDUZAROAEOFDYHRERBOFDPAFXSKACFYPBPKA
ONMOOMONMMPPPOPNMMMMMMNMOONNNPOPMPPNMOO
MOLPJRQMRQMRQMQIOHRQMRPNOLJRQIMOPNOLJOH
PVNLWBWUJCUWHKOPSQGBUIKYYCIRLPCSROOSSKH
NQSPPPPPSRLPPNNQLPPPPPPNLSRLRLPPPPNNNQS
DRHKSKDBTKTCKVFSBNUTQCVJCTMNNTBJJVNUDDD
KNPCSEYPNJIWVPFFFSNJGASHXDVYWFTCSJJGUQC
PPPORQQQDDDDMMMNHHGHLKKKIJJIFEEETTSAAAB
AWLQMLOFKIWSAFUDIRODPFTKZIOAPHXTQZEGZAA
USRTQVSWUSQUSWUSWRQQSTRVQQSTQUVUVUWRTUS
IBBJEBBFGBBHMBBNOBBPQBBRSBBTKBBLUBBCBBD
NTMNKPRSMNOLNOKPRSPNRLNOKOQORPKOOLRPNNT
QPNNQWVUTOKQKQSUTWTONOLQUTOTOMSKSQLLLQT
SLYWYTQMWIGIDEKUDQGGHDDPTNUQOHSPVVNHSPG
VKKWBKKCXKKYRKKSTKKUNKKOZKKAPKKQDLKKMAA
LYUAGYUFMYUTUYUKGYUQTYUMFYUUEYUEPYUQYUW
ETHTEYJCERVKEPAUERVKGXKMKDCPDNNORJLVSEX
WLLXCLLDQLLROLLPSLLTALLBULLVYLLZMLLNAAA
DZMRARDLERYJRYGEJVVEJIDZLLCJESHAJFRDMUD
QRQQFFFFJIIJOPPOCCDCNNMMLKKLHHGHSSSBBAA
DGDGEEEGGDGCEGEDCEEDEECGDDEECGFCEDECEED
UEMVTACWFDLYNLTIUFKFUQDLPPDZZPUTBWIJAAA
IGWFBGWHJGWCIGWNUGWPBGWGHGWTCGWCQGWXGWS
QNTBMKTIOGUQDLRYVJZIXCHYOQFVYODJTSWSRIA
USSTSTUTTUTXSVXWXSUUTTRRXRTSWWXXRTUSRUS
RGXHRISWQYMFGGKLWLBJWPXMLLHNDTCCMWBENPS
FWMLYOQBLQRBOQBRXHUZKFUDUAXEZRURBMBRKGC
QQQRHGGGLLKLIIIJPOOOEFFEDCDCMNMMTTBBBBA
PPGFQIOHCJIEQIOHPJPPIEHKHPJKMHPJPCJIEAA
EMPYHMPZLMPMHMPYXMPIKMPVTMPADMPKEDMPMPI
QLKPDIQJXVTPXDYCRAVKRDCVFDBVFDBVQZSTBSZ
EHHKKLFMLJJJKHICIJHJFIIMGJFLEFHKIIMFHHD
RRKSMKEMCYPHMYHYPUDLIRNKARRKQWSICITVDXV
JFUWRFUVDFUQLFUSLFUYDFUBFFUWXFUFGFULFUA
HRELRLGUUOSJUOSJLKIFFEDCLGUORELTQLKIFED
FFGCCBQBUSIFFHPOBLLFHVJOQANHOTQQQFGQRTU
POPPDDCCHGGGNNNNJIJJRRQQEEFELLLKSAABBAA
DCVKIDHBLSMFVSBUBJHJTIUJQAGGFFNJOGKSKGO
UEQQIEQIWEQXAEQZHEQAPEQFYEQDVEQOQSEQRAA
MQZSXPYHDJKKNYCYRBXBKKXYCGJKJQVRYIFWWQE
NQPKFUVINQPKIVKTRRGRLDJDRJRVORRDQFIFQSQ
VLHALDCHMSAYRRGTVXQMVRGTFADXSLGQZYQJVGN
YZWRTQZXVTRWZZZVXRWWWZRZRSPYWVYZWQVYUSW
IIIJFEEEHGHHMMNMQQQRLLKLPPPPCDDCTSSBBBA
UTRUAGSGSGCRCTUTCRFQUGCTFQUGIGWERUIMIGA
BLEJJONBKMJJILKMJJONMJJOLEJENBLEONBLKMJ
GBBHQBBROBBPSBBTIBBJEBBFKBBLMBBNUBBCBBD
NPXTVNTWENJGRCUFLPQTCZPNNUPLXMFWECRJWOK
SONFTOWSPFQXTIPLETTIWSPFNFVHPLSOVHNMTOA
HAGNSQCBMKMXSRQONBQGFFCUQVECGQEZGDKFCUP
RSURBSUPXSUUFSUAASUMHSUUISUKFSUBASASSUF
TUTVXDMWWMBCDLNJPBZDVZUXSTHTCLMIJKZEULS
YRXTTTQYTTTQTQYRRXTRXYTTVXYTYTTTQYRXTRS
LAAMRAASHAAIFAAGJAAKPAAQDAAENAAOTAABAAC
IXTBHXTHUXTFHXTXSXTESXTRMXTVEXTUPXTWAAA
KHNLQWYOZIOMTJXYLFRQQLFJAZRZNVZLBDXWAAA
OONMLJNJOOLJNJKMNKKNNMMKKMOLMKKKKNOOLNK
IIIJFFFELLLKCDDDGGGHRRRQOPPPNNMMTTSBBBB
MMNNEFEFQRRQLKLLIJIIDCDCHHHGPOOPSSAAABA
NMGNHDKNWXQUQUNMDWXQNHDKXQUNMGNHUNMGNHD
WHQTTKUEVIIEBBMCGOCBCRMWNPWOOIFVENCSQNN
JAAKLAAMRAASNAAOPAAQDAAEFAAGHAAITABAACA
RCPGSHQEJOYAIYMEWOGVLJREVVPTHVFLMQXXTKB
DMCFMMCUOMCBQMCWVMCFWMCUVMCUJMCTLMCVAAA
TXEDNHQYUFNMCLRYDDFLYOVULGJGYUGNGHLMCPT
JEUVVQUPRXCPIFTCZIMEZJGHGRLUMEFPLDLXLAR
FQSKFXVKYFPEORYQSCAQNEZQLGLNRKMHLGLNFJC
SRKSQPSSSMRQSKQLLMQRROQOQRQRPQSQOLMRKOS
JHWSHWSCEVXWSCEVWHPSHPSFVXWHWSCECEVXWHP
EHGDOIQHMCPINGOIGDAQPIEHQHEJEJMCAQKFBBA
OUITWBZYFYFSOAJNRSBPNEIKTRSBJYIMHGCADPP
OHCONHPDDIKOIKOHPDEDHPDEHCOIDEDIEDIKOHC
BGAGGGBDGGBEFDEAADCGGBDFGCFGEDAFGCFGFDE
AHBJNBNFPBEEAIJJNFAIJLPBEEAHOPNBJJQGJLA
XYUYSXVSVYVUWWYVTXXWUTWTVTYYWSTTWXVWSYS
LFUEEGLWJVTTTOWFWEIUMTQFVKIJFVOMUVTJUFV
VFDRQZAZCJPLZAZNGLOLBDYRAREMGPOBFOMCGCA
DCPFFFPKLFVDZTXOOKTLLUSJHTCNNCHZKIDECQL
CFYBGCGGBOWGHTWKBKKGCKZVSQADYRQKEHEUGCG
NDJVQZQEOTQJUPQJRRHEPGITYLQQKGQRKZOTLJA
XCBYZYSIDZSYHLYERNGJYVMHIDTLTLDUOJGATPH
FBPZFXQPPJMISRZZZZDZBYMQKHXTKTLXPTCITMA
POPOJJIIQRRRNNMMGGGHCDDCKKKKFEEFTSBAAAA
MMKIPMKVLMKTLMKEBMKVBMKCXMKTLMKWHNMKTAA
ZXEHGDWWQWJFKTGFHEBYJFABNGUSDPRAWHACBSF
QWYHWCHSFTFUJCPGYHUIWXECBGKNGBROIFRRAAI
KNMMFJIMIIHFIQMMKHMNNKHIMLGIPILKMRIFLOP
UBPWTOJEIFXKZVPZGXOKHIUHTYEHMCFIYMHIUHT
INLMPROQGHPGHPGIFJBLINLMGILHMLMGHPGINLM
FCLMGZSJOIPLMYAJRSALJVADMTDLGZSJOCGCLNY
NPDMIYVHMLPMJHPZMLMOHHICKPBMGFXBNHRZAAA
NNMMCDDDEEEEGHHGQQRQLKKKOOOOIJJJTBBAAAA
NJPGJPGLQLLJLLJPPONJJPONPGLMIQLLLJPONJP
PVIGDFJUDIRDTRLPIRRGGOFQQHDDUJVMMSEIPCI
RCCSHCCIFCCGLCCMPCCQNCCOTCCUJCCKVCDCCEA
QLRSPKORSONNLMMSLLPPNOLLMQNLROLMNNQLQPN
FCIHXAEHIGZBNVVLKUHNWCQRCBRFAQXTATAAKNU
RJILGVRLFFPQPQQGTIPQPQFFGQJOQQGQFFFPQFF
IVYALVYIOVYKLVYCPVYTKVYOUVYXDVYFMVUVYVA
ORRPOQPOPOPONQQOOOOROONQRPPQPOOOPQOQORP
AHPENAUODMJQKFBTOBAWWPDYHXENNOLLDSYBDAA
QFSLKDNLGSNQDNLGLGSNPKDNGPKDNQFSNLGSNQF
RLQKLJHGTGPBTMQGDWSBVJZFPDFOTPRYHUZGXQA
CSSBFXAAGZJDECXQWKUVAPRPBGJLQMMUSGZJYDG
YVMAKFZUZPNWPLUTHVTGYWCVGZIFCUYSTRPSUUN
SVGDGVGKXVGMIVGLKVGIDVGOWVGPNVGWTVGPVGN
UHWHOQIIIILHNSOQWHPULHQUQUUHKUUKPURPKUA
NBLOYBLEFBLNDBLENBLBLBLUFBLJGBLOHBLEAAA
ROECEGPFOECKBSEGIPROFIPRSEGPGPFIPFIPROE
YNUZAJDHBKLLEJZGDXANBKLLFEXCDEKQFPUHTRA
TQSMWQSXVQSMPQSIYQSRLQSSLQSYYQSLDPQSQSG
YMWTMMXYMUPWTTNPNMWMRYROLPUNWMTRPNXLUMM
UCKMYHOYONAMWDPGYOGOZAHROHEMCNNGHAQOGOQ
RROLMRSRSRROOLPKLPKURSRRROLPONMRSONMRSA
NFPPFMGFHQHROQHLOJFMNHKNJMIIRIJOPONHRPQ
QNKPLQKMLQMNPNQOMMLPKOQOOONOLMPMLNKQLQM
JQESOFVGEKBYYLTKQELYNYMHURIHLMEQPNTFVGQ
XBCJIJKTMEETORAGXSRAZEDBSFLPPNLCXDMWAAA
GXYIVDIIWQKBRPTHOCBEKPUIPQEYBAHMQVAOCBE
WUYUSVRSSTWVZSVWSVRWWVUSSQPSUSRQVSRSXWS
YXUBNQJCMRWAJSHFSEFGDDYDKMEBHUCRITVNDNA
IFFJQFFRMFFNWFFXUFFVKFFLSFFTOFFPYFGFFHA
OQNSUSQSQNSUUNRUTOOQRUSQOOQNSUNRNSUNRUS
JLJMKKKIMMIKKILJJMMIILJKLJMMIKKKMIKKKIL
TKFRFSQRINPJKPHIFIQFIEEQRNKFJURTREHJMOI
MLMLLMKLKLKLLLMKLMLLLMLMLKLMKLMLMLLMKLK
ZIXILOZGETTIHFXNZGQTFRHXETTITTINBHFXNAA
WWRTXIWWRTQFIWOKWRTQOKLXWOKLLXIWKLXIWWR
NOLOPDOGEFIEOKDQDHPPGNLELKEDEOINQQOEJEQ
SRRQUPNONTUUTUUNUUTSQSQTOUOUOOPSSTNPTST
ZEOEFEOFPEOTWEOMDEOUNEOOEEOWVEOULEOREOX
XUTSVTWTVTUTXTXUUTVTTSUTXVXVWTXTUTXVXVA
QRRQNNURSJNJKTPVIUMNROTLJMKQLKLKQOUONWI
ZTHUYOJDJVHBIRAAKNFQSPSKVVXDHKRGTOCFYOJ
XTIPOTIRWTIOHTIQLTILUTIOUTIOYTISNTIUTIM
RURTSTRRRRUTRRURTURRTRRUUSTRURRUUTURUTU
RRRQHHHGKKKKOOPPMMNNEFEECCCCIJJIBAAAAAA
HQHPRGOUQPVNQVXLYYJNYGKTTSUMGQUUKPJMKPJ
LMQQPNNQQQLLOQKMNQKPLPOLOLLMKPLPKMOLLPN
HKESKUFIGQYZOYMQLYTYZSAFMBZCITHEQYNLTUA
RQLRQLRLLRLMMLPRMQMLQMLPPRQLLPRQLNMQMAA
AEVFEEVUAEVJBEVKHEVUJEVDAEVUJEVDHEVIEVQ
UPIWZGVLFYDNWQPKCBDJZEVPBXXFRFYWTURBHWT
ANJPZINJFNJQWNJJHNJSBNJKGNJAINJSPNJJNJI
ATTBYTTZKTTLITTJWTTXCTTDETTFGTTHMTTUTTV
JSSKBSSCDSSEVSSWXSSYFSSGZSSAHSSITSSUAAA
LAAMFAAGHAAIJAAKPAAQDAAENAAORAASTABAACA
YLIAVIJKNZWBNLWGIRAEEIMKIHJQDXAMOKIJZMS
OXNXNXWELXWZYXWHVXWVFXWLGXWIWXWQKXWRXWC
OJTXWJTCVJTEVJTESJTXAJTFHJTNGJTLTJTJTZA
HGORUQLJTQLHLHGLTPJKJKTQHRHGORUQLJOOOTP
MUGSMWIMPPSSQUVMTWKPVGUPSTTRSPRVPJQQRGQ
LHLJVVQZEPPVSWNDEMNPOPDGUGBUTVHGURLCHLE
OLNFEIJQKIOLIJQKQKEKXEIJJQKEEKIOKEKIOLN
AIXSCPQLMGMCCNTQQRIWNZIVIPELEMMSZYGPMPA
SWRKRKTOFVIKHTHHHHLUIRSWLUMWTOHTIKIHIRA
DQQEFQQGTQQUHQQIBQQCZQQAVQQWXQQYJQQRQQS
VMFQHWSVDGIXYSXQELSQEIOGJLHMVWVUJFLDEJF
WBQHMSHGFOHVBSIPMOSZIXCVXBLGGFBGJHYWBQH
NWVCXPHSRTYKOJOWQNQXQGCKPFSRCMYRYHPLOGU
IBFCQXFELOJOPOWDNWRSYNQDFHLVHGGMRHRHGGM
LULVEHRBHHUBDKJHHVRNPFLVUMSFHUBFVCVZDFY
NOULCJCBJIMXESUPUNJWZIBGQKNBFPDCXOOOOOM
MRGHJLIMHUQFMMRGOJLISOJLLIMMGHUQIMMRGHU
XGGYNGGOTGGULGGMVGGWPGGQRGGSJGGKZGGHGGI
JDFJGKBJBJLDGPHQGPHQGPHQQKHMGKBJFGPHQKA
JAMJEQXVQZARFJDRAVMNFKAWPTQXWBDBZYQHCAA
JHHHHGIIIJFJJJGJIGHJFGIIJIFGGEIJJHGFHHF
ICIFDGCEHCFDDGGIGHGEFGEDEIFHFHCGEICDEFI
MHLCVMRPBJOAWOWGTYOJORTCEDMCNGAROJDIMRX
UTUTTTUTUSSTUTTUSTUUTTUUTUSSUSTUUSUTUTT
KBBLMBBNSBBTIBBJQBBROBBPEBBFGBBHUCBBDAA
ZOMJIBMSDGJAOVOQSMPQDAEDWWCWPQDXLMWYGPN
UJJVYJJZAJJBQJJROJJPMJJNSJJTWJJXCJKJJLA
NOMMNOLMNOLMLOOMLOMLOLOOMOMLLNOONLNOMNL
TVLJXETFUGFPGFYSFQUGJIMXTEWUPSOGSHOMGGT
HCCIPCCQFCCGTCCUJCCKRCCSNCCOLCCMDCCEAAA
ZHWUWUXBHYHWNTWVZIXKDJDZXITWUFFMVYKKEAA
IGPNKZTTZTTFQNONNPILSSNDWUPXZMVQFDLJCCM
HISLKPHTUNIJJAIRPBCCGNKILMMDNRLNSGELDAA
WCBFWNWGRXLCNYVSXRHFFXLRFIUTKERSYXQWKLR
ZQFBDTBQZZAYOOMABOELTPCOUPFZASBNWPYLBCF
PAAQHAAIFAAGLAAMNAAORAASDAAEJAAKBAACAAA
XUWISSWYSLLSIVHSMIVPSCMMYXGHUPXSHDIUMYX
HJFROYUFYBOXKKKVMLEUNYREBNQZNYREGBLIXAJ
DGORHKIGTKCLRJTHGNPGHOPEGHHDBMKTEJBSJCB
VAURIMFQOAIALHUFUFTDMWZZQSWNQCDKMMOPMAL
PFMNMFPKPKPFFPKPKPFMFMNLPMFPJPMFHOJPMAA
MSVUPUJVKFQOETESESTGVUKFQOPFNVPUJVETGMS
IRSVXLOAXNCNWXFVHDJHMZGWSLARWXFVDPARXLU
PTRNUNNONVMWYCTEGEEYXENAGLGNNRAZGSCTCIA
LPILPKMOMKKJLQJKOKIMNLLKIRLMLRKPLIJILMI
FNNFKNEPHOHGJJLJOHIJJOGFGJGIMLIFDENONDH
EMFYMMFFNMFPMMFVJMFWYMFBWMFXEMFFWMFEMFV
MDQRATDIIRLLZLFTLDQEPCDXCIFURFSFWCRTAAA
YHHZUHHVMHHNWHHXQHHRKHHLOHHPSHHTAHHIHHJ
SGJVJOHCLCJOVLCJOHCCGJVLHCCBCCBJJVLCJOH
TWXTJGVSXWOEPNOTVSLJOTJGXTPNWXXWLJIKWXA
SMNMKVQYEFDVPLMJYZAZNWSCYLUKKVQYITGGKLH
KKNDJNENPNOHMPMQOCJKMCGPRCRJNRGGEKCIMIR
FDDJDJCDEFJDGDEIJCJEDGICIFCICGEGICHGJGE
FHOSIIRGGFHOTGIISCHHGIIRRGFHIRGFOSCHOSC
NCERJAIUSVTRVSZMFDMXPMHVIVQCFHDRGJXGFMM
QDDRODDPKDDLGDDHSDDTUDDVIDDJMDDNWEDDFAA
PXWXSNXQJQLPQTWJXQTWTWJQQLPXNXQTWJQLPXW
RIISPIIQXIIYZIIANIIOTIIUVIIWLIIMBIIJIIK
UDDVKDDLODDPIDDJQDDRMDDNGDDHSDDTWDEDDFA
SONRRRTPONRNTPSOOMNPPSRRNSTOOMNPNRNTPSO
MXKOOIETMBFIBNRWRLVNWWWUOVYVVNSRGTTCQCS
LNSQJKNIOJKNQOJKQTTQTTQOKNIISQTTNSQTQOJ
PGQIQIGUNNONWRJSGUNNONSOSOHRHRWRJSKJQWA
EFEFKLLKOPOPDCDCNNMNQRQRJIJJHGGHSTSAAAA
ILMEMRBONSPVEWBBHRZLKCJDSKCJHPVFPTLWAFO
DTHZOTLTRTHFDTHKUTHNRTHCKTHTLTHQTTHPTHJ
EEDJIHGIFLDHKFEIJHLKGIKHIJMGHHHEHFLIDJJ
BDOFLBSDSDDEGTBDDEKGOFORORLBBCGTKGVVVHS
HIGFPWQNSXHIQRPWWQNOIGFQFQRPXHIGGFQRPWQ
OLUFSKARMMWFDQUZIEDCBWNAFYPFJWKQYZGUDQU
RJKNEIMOVRXUQLIDTGSCELYIZPHBDRSXEMQPLHA
BADFDBABCBADBDDBBEEDBBABAEFBFDACDFDCADD
CVPUVRPAYJQFVKGNSLVGTGGCJQEYJQEYEUIDFPF
CTTDKTTLETTFATTBYTTZGTTHWTTXITTJMTUTTVA
VMTQFKSWNOYVDIMGOWZINOJSKPJUAJZANNOYHVE
YWUSZWVWRZYZUYZSRWUUWSRRSZVWWXWWSYUUTZY
GVJHMGVGJAFWXGZFSZONFXGZMGVGLMFXJXLTAAA
TLPQNXQMGZSPWGHIPBXPYBDVGFNFZHBKKXGFWOQ
JODKRLJOOLFNFHJLJLRKRKLPSFFHDKOLIDSFNID
XVJAVPZCVPZCZVOPKCRWFXGQZRLCAHJUHTFQFDR
IIJJOOPPMMNMKLLKFFEFQQQRGGHHDCCCTABABAB
LLKLDCDDHGHGQRRQPOOOMNMMJIJIEEFETBBABAA
HAAIDAAEFAAGRAASPAAQJAAKLAAMNAAOTBAACAA
ZCWPYEGDJVMRFHJTOZDIHCIHLSXNDBTEAKTPVAA
IDJEEJBBJEJBBBDCJBBDEIDJBDCIDJEJKKEIDAA
FBRAOEZBAVJXOGWBMGRJBOOWDJPYDMGRHRMJHMD
KMGSIVNOVNOKOKRKNOKRSVFPGSVFRKMGKRKMGSV
XJADTAYKRWKBYVKOPQIEHEUISRPQXRYLNPWIVEE
SXRVUVRXUURUUXTUVWUTTSRUUTTUUXSSSWUUWSS
UEAWNEASTEABBEAQSEALPEABXEAVPEAFHEAPEAB
VUSRPFJZBTAFHZNFYOWXOWXLEERCLFUCYODGZOC
CCBDCDDCDBBCCDCCDBCCCDBDCDCCDDDCCDBCBCC
LEFEJKGJDFJLDLDGLLIDELKBGGDFJKJLFJJLILJ
QMSSPPOMSSQNRNPPQNRNOMONONNMNMMRMOQQQQM
VYBFVRLHURNKPADWKLSLNQAHEQAGXNZQPVFMRUR
KLLLQRRQJJIIEFEFNNNNGGHGDCDCPOPOTSTBAAB
CMDPPGFKLFEPPGFNKNLLNCNKLONCJHKLKLIHEPP
NUSEJWRVDLRSSTXYNDBMJKRAJACAKRAXGKSAFOS
OHBWRUKAHBEUBXRDAZMBPCMQTFNXMHZOVVHBFBC
QJJKKKSMJKMNOPOPPINMSPJOLRTJMORQNJMSRRS
OBERQDHJURDHPDKMKIEYYKRMHHKIDGFZYEXABLZ
TQTTTSSRTQQRTRSSSSTTRTTTRRQSSSTTTQQQQQT
KPQCHGIQBRQPCNLAIYSFPLWHRMISVHPROKGYAHZ
QRSSTQUOSUUTSQOTTOURTTPTRUPPOTORRQSRTSS
QTVVVTTVVVTVTTVWTVVTWVQTTVWVVTVQVQTVWVQ
BWBQLPDKCZCOEGBYXQZPAKOFTHVADWJNZBDIAAA
EFFAUFFOBFFWNFFFIFFKQFFOTFFUQFNFJFFEFFT
JRUGHRUKSRUFRRUBBRUMFRUSBRUTGRURZRUSAAA
ZEVWIYOWLZTLYJCNHRLZGLCZABTAEBRIMGQOFWG
VYXVYXUUVWYXXVYWUXXVXVVYYXUUWUUVVYVYUUX
NNKMJNIINNILIKJLIHHMJMNNMNLKGNNKIHHMHGG
PIPHIPPPKPIPPQQQIQPQQQQHPIPHPQQQIOKPIQP
FHJGCEEFFBBBBIDLLKCBLFEBBKGGGIGCBHDLFIF
SGTQLRUWQYEPPXPSLWJYWSOPHMILYTVHSKTMSML
HOVTNHLIJTHOLIQOSMJTTRSMVQTRVTOILJVQOLJ
HAAIJAAKPAAQNAAOFAAGRAASDAAELAAMTABAACA
ZESGWESGPESORESKAESOQESGWESYKEPEHESUESR
QLLRULLVALLBYLLZWLLXSLLTOLLPCLLDELLMLLN
TUXINDQFGTAKYXVQBAPCIOBQTHNZFPTUHWLNZAR
QSUVSUVKOOQRVKOOUNQSOQROKOOQUVKOQUNQSUA
NMMNQQQQIIJILLKKOOPPEFFEHGHHDDCDBBBBBBB
AAZEFNSLSLLPVKGCGNSCJLXGIJYYXKRWXIVGRAA
THOXNAYQSTGJWFXPDLZFFWZMZWTLWPVWJTFGWWK
CYZICLXLMYOMLYNSXISLLIJPLMKGPVKSCPXAXUL
POQQURMTUONTRPNQUORVNQVUOPMWTVPTTOOUOAA
PKXDPRDVHKFNZQQWKQGZRCPIUZCCRNSHPQUWAAA
ZAWVQTXHJXQJFCIYNBBLCRKSTWKZRDKANDCCYPQ
ZERCOHXPQRBUYHLRTYHLIJFNFZTKKIMDAVKRGAE
KHRMPWKTVJSFTHFLXRLNQTKIFHPWPQMSSVIJPXM
ELXGVJXJESKHLCUCCKKXINNQMCUGPUXSDLCUECS
AECBKNSICBKNODAEQODAECBKDAECBKNSJDQODAA
QHHRMHHNSHHTKHHLUHHVYHHZOHHPWHHXAHIHHJA
MUWUSFKLQZNBADQGAWUBWWZNMHZYTYQOGPSADQG
QPKXPPKGLPKBZPKKRPKZAPKIZPKUJPKHVPKZPKM
WSAZZWZESAZWZEERWZEEEERHAZWZZAIWIWSAIWS
CLBMSSKQJLOIMYEAGSENDDPSZJOONOWHJITAKIT
PTRZVSFKJILLUEMDUIVUVLWUXEMJXVLWPYZNJDK
FDHAAXBVYRDBNENBJYHTIWWGPRHNGQALNMDNENB
RQRQJIIJMMNMHGGGFFFFPOPODDDDLKKKAAAAAAA
SQHSGHMLLDGGPRTEPPQSLOISSIJLIPNPESQDKEI
HBDJNIHCHHDLJCANDLODCODLALJMCFLAKHCFHCB
LXWVQNQYRJABXDSJYDTBGWFJWWSTXWVYXGOPNOF
KTSMLTPZTSMIMIOJKKTSTSMIPZTNVQSXYXHLNJY
PPSVWVMMVPWVSVPQSMVSMMSMVSTUTUPPPQOMRUA
EXKVQXKBOXKYGXKYGXKUZXKFEXKCMXKTJXQXXKE
PEEQJEEKTEEUVEEWLEEMHEEIREESNEEOXFEEGAA
HGGHQQRQMMMMPPOOEEFEKKLLIIJJCDDCTSBBBBB
PCRRRCRVTCRPTCRPICRNWCRIPCRILCRMTCRQCRT
LJIHJLKJJIHJLHLLKJLHKKHLLHLIJLHJIKLJJIH
NIIOTIIUZIIAVIIWPIIQRIISLIIMXIIYJIIKAAA
OOKMRNIOLJSONRPSIKMNSRQQMQSRQIKIOKNMQSN
YHFRXGETCSEGSONHGMOAERMTNHEEFLKLSOFTAAA
KIFDDLILFDFLFEMMNMFEMMHEFLDLGHNMILGHEMI
KTDQBDNBWNNMZKIOTKBKQXWWAQRNBKDHYUYVNDE
XKKXKKQVOUNLVXTTLULWPLKKQWXWTQOLUMVNOKP
KZEAWZXXBBSZKGNOHJCWJMFZHHFGOBJNEEMLXBV
ALOSGOAMQYHIVBZBKMCCYKHDIPDJHBYRPSIJAAA
KKFEIILGFIILKLKKGJIHFKJHKKFEDIHGJHJGJDI
JSSUXIVOPWTMWVGWJRNRGGJGKRVHRIMIWITFNIO
QXFEEXFMCXFKSXFZYXEXDXFJHXFIVXFNQXFFXFJ
JNBGBNGAHACCCKKDDACJBNFJAMOAGEIBAGLNPQH
SVEWOOEWJFBFFENJKFQOJDFSGGOWWVKKWJTCBLG
DUNHKUNHNUNKQUNPFUNNTUNEZUNPNUNKGUNGUNN
TTBLJEGBXPFDUIPUTATYFTXNRVXYLYYGGUKZPTQ
BMMCXMMYRMMSDMMEPMMQZMMATMMUVMMWNMMOAAA
KWQPPIVDKWQPEUKUUJQQHIKGWKYFFDKYLQFOWFB
LAAMFAAGHAAIDAAENAAOPAAQJAAKRAASTAABAAC
QBBRKBBLIBBJEBBFMBBNGBBHSBBTOBBPUBCBBDA
IAETCAEVPAEGDAEKKAEHDAEEQAEVOAERAUAEVAA
IJJIEFFEKLLLNMNNQRQRCDCDPPPPGHHHSSSAAAA
UNNVANNBWNNXQNNRENNFSNNTCNNDYNNZONNPAAA
NJJNMNNLINMNJIJKKKLJMJIKMKKLJIJKJIKMNJJ
ONCAAFOEUIGOEJUCMRSKBMTUKQCIIQPBCSJROGM
INQLOOIRJPNPRINQPOSRIPNQLIPNIRRJNQLINQL
PROMMNRRNRRPRRPRRPROQSRRSRRPRPQSPQSRRPQ
IGWXWUOCAGHPANJLCDECOJVXHINGYFFVINUPSRA
WQTQTXTRVROTVTOVWSQQTWQUVOPQPQPTWQUOXUW
READJQMWRECAHZYAZSZCQMWSXFUUXPTBGLTIGGU
UQKSKBMJIAASIXFKKQJJALEMLWSJFKMGUPBWCAA
KMMMMMMMKKLLLLKLMMMMMMLKLLKKMMMMMMLLKMM
MPNPOPMPPNMOOMNPNPNMPMPNNOPMPNPNMOMNMOM
FGHFHFIHHIEIIHHIGFFGEIEIEEEEJGHIEIEEEJG
VXRRXIMRRQXYXAVBNGCFRROLPGGHGNZKEWNINDE
ZVZDWRRBSLMBKRKZFOGPBXVKDOAXXGZFBXZSWYS
EEFHFHDFHHDGDGEEGGIFDEHHDFGGDEDEIGIHDEA
ROXUPYMWOWYVMUVNRSMNWQRQWLLLLRLRXXVPPLR
IKJLGLJJMKHJLGLGIGIKLHLMJHLMMLKLJIMHJHI
RPRNONRRNRSPSPRQRNOQOPNRSOONROOPRQSOQRO
MFNNCJEGNOQMMDIGPMPLJJDEIJGCQEMKCHFODJG
OINLOFLJIOFKOOOOJHFJLOLFFLIFGGMMHGHIGMO
KLJJKJKLJLKKKIKLLJJLJKLKLKIKIKLJJJLKLKI
EDKNVJQNUQRPZQEYAQWSQEYSEWTSAVFQNEXBBZO
TIKLAHRQALKLFCWNOSUHSIDIJUPBEPCOJVGWNZZ
POPOPNNNNOORNRNORNPOPOQPPOPOPONRQPRNNPO
VKATKATWTWGHOPUFWGHOHOPUPVKAATWGGHOPUFC
UJMVXUOWGFKHWUSQIIXUOWUJMVWUGHGFSQMWGHA
RHPNNILSSSGKKTHWQGWWWQGTLRTQKFVLWOSGRFK
PWNMVTXCSIXLZBTEOORCWMUAEKIXYXXZQRITDHH
QLMPPQOQPONOQOQLLMPOMPONNPQONNPQOQLMNNP
MIHCQEDGAAPUIJFTTIRPXHCGIJFTHSOXPLWZVGS
JEEKNEEOREESLEEMTEEUPEEQHEEIVEEWXEFEEGA
BCGYQQGIGIYYQXGNHOXXHPRYFGHNQXNEYGLLEFX
HXVUKESOJRYVWQOIDDRTZEMCEBNNVINHRDBPSKA
INYNEDHYZXERDYRHNXNINYTDDPQZRYMEYHTIOYD
IFFJMFFNSFFTKFFLUFFVQFFRWFFXOFFPYFGFFHA
XVYVTSMPYVTQVUNONOPRPRNSONXVNSTSMPYNONA
KSLZJKVEXYHVNCXFUKGIMRBOYNWCXWBDEFBAGMR
SHHTMHHNQHHRUHHVOHHPKHHLYHHZWHHXAHIHHJA
LOJKKKRNOORIKJMRPMNORQLLNPRPLOPKNMMPLIN
ZIEDKSQGTPSNVFIVCMTFCIDZSNFNCHEGTYWYLYT
NURRPQRQPQRQSUVWNSUVNURRRSNRQMSUSNSUVAA
RTVUTVRUTTWVRURUVUTVRUXURUTTWVXVXUWRRUA
EJIAHEQLFKJPZUEKIABFEUXFPXOBSUPCITSBCPX
KKXODTZUKKXONJQJOJAUAUFEQSYKQBVAZLJLKVP
FMHRQHJLEOOTJTQLHOEEDMRJLRIDTMIFLNIKBQH
GJZJETJZOJZKWJZZYJZUTJZJKJZWEJZZBJZCJZD
GPOCNJKGGQKJOVASCXUNIQJGTXSISKWIJLEUOJT
KRVFLRVWARVOWRVFKRVCVRVRTRVTWRVEZRVBAAA
JPPHIHIMIILOQJLNMQLHHIMRIGOQPIKGPHNRRHP
YTSVVUSVRRSWVYTRXUVTWTTUTZVSSUXXUVXXXYY
LIIMXIIYRIISVIIWZIIAPIIQNIIOTIIUBIJIIKA
FQPYBVBMXGOBITQSTIQLPPLEHWDMPYXEFWYJOAA
QQQRGGGHIJJIOOOOFFFFNNMNLKKLDDDCTBBAAAA
UWUWWUUVUWWWWWVUUVWUVUVUWVWWWVVWUWVUWVU
SVIHSNSKMIIVIIJKKVVJTBPJOTUVIBINHNBIHFJ
NECYVECRSECMSECMAECJIECGXECKQECVGECLECU
RKSPPYFIFFIXXHHJPXRJJMIBXPUPIOPFJXEJDLX
QEVOHMTWZACXFVRCOGRWJDFIMPEYQVFGSFBTMOA
TSTSUSTSSSWTXUWXXVTTTVSSTWVSTVSSVUTVUWX
ZWTZGWGGEIFPWMMBTWKUDUJVQNCYCQNCFIPIWYA
KLMPOPKLNKNKPOMMKKONMPOOKMMNNOOLLMPONOK
PNNEHJIPNHFKPDHILLKNELELHMGNIIPHNLJHELP
TOOUBOOCFOOGDOOEVOOWXOOYZOOAROOSHPOOQAA
QSSSCQSSFCQSPIKCIKCNNFCQCNGNNGNFKCNGNFC
SPPTWPPXAPPBCPPDYPPZGPPHEPPFUPPVQPPRAAA
CXXDKXXLEXXFMXXNIXXJOXXPAXXBGXXHQXXYXXZ
TGGULGGMXGGYRGGSNGGOPGGQVGGWJGGKZGGHGGI
AMIFMDCOPNDJXRSWDNUEMDCOQBEOIAMHBHNHIJR
YYXTRSOVZUOVTRQRTTSZVVVZTXUTZUXYVVRUVZS
MZVKNVYRITUQLTRDBJSDAJCARXJCMZVKRMIZXIH
LLJKLKLJJKJJJJKLJJJKKLLKJKJJJJKLKLLLLLL
CPPDWPPXGPPHEPPFUPPVAPPBSPPTYPPZQPPRAAA
WKCLRBHXSPSFWKELVGLGMWJRLXQMBCKUFWKCIUQ
LPVULJXLSTUXNOPXRPPNQJWMTXPPLPVURVPWWMU
THISVKYTYHVKSMYHMHPTMHPTSMYHUNNXSMHPKSU
JBFQVRFUGSESJUNOXHKKNLNWLPCKCNXPGWEHSEA
KSEQZPQQHQLGATEUXZQQLKPQKPQMUHLNVGVTSXQ
JDFSILETETLDLMRQELJDPSLMRQELFSICLDUOPSA
SBBTQBBRGBBHEBBFIBBJKBBLOBBPMBBNUCBBDAA
CYKPMHWLBRBNJVWKGLYYODFHTWOJUPMYLJQACYA
SXILAXINMXIBHXIPBCXICXIRNXITWXIDDXIQXIU
MNXIFRXZWOCZJTJRBBOBXNVGSDLVBUPYWPZUWCJ
OJJPSJJTAJJBMJJNWJJXYJJZQJJRUJJVCJKJJLA
BVSZZZAQQNIDZLSKORHFGFFRLYRIGFFRWAXLXYZ
YGYFSNRHVSDGVVBEVKXDFSAOVBEEADTNBZXIMTQ
NGHRZGHOPGHQJGHJEGHQQGHXKGHEZVGHVGHLGHW
ROFKOFKILROFPLLRHOPLKKKHKHOPLLROKKHOPLL
EEHHFIHDJHEEJFEGIHFIHHJFDFFCEGDJHDDFCJH
OVWIMIDSDRXPLRUFVWIDOVWIDSEBUSHKRMIDUSH
LFRXFDLBPBTWHDWMNMGWNMGWLAGCPBTWHVCVCVN
FRDXQZALPFCWAPTWKWCEKWTGVSAIVSAIYUZNSRD
XNWTEXZMCYPFWMSYGZEPPTPBPEDVLFQOAPGEGZE
JIJIGGHHDDDCFEEEKKLLOOOONMNMQRRQSSBBBBA
LMROLMRIIMRBDMRVRMROLMRIZMRJWMRMDMRPMRF
KKKLIJLJKLKIKIIILJKKILILIIILJJIJILJJJKI
TTTRTRSRRSRRUTTTTTTTTUUTTTRSQQTUQTUUUTT
YYZWYZWZWZYXWWWZXYZXXWYYZZYXZWZYWYZXZXW
RGMNLRRGNHRIMNKIRIHQKIFKNONNFKNHHQOINOA
OQQOPNRNRONNNRPPQNORTOTOROSTOPRPNRMRMTR
BCSLGGWPTHQNOUMAXFMQKKGXKGOSHPAXFPHTAAA
SPNQSPNQNOROSTRMRMNPPSPNRMNPQTRNSNORNNQ
HDOSKFSGGGTGGTGLFKJIILHHAAFKLHCOONGTRBF
EMJLGDHLLJMCAGAIHDJGLFBDHFLHIHEHCLEGLLE
LOMKTOLPOLPKSJSLSLOMMKTOKTOLLPKTJSLOMKT
PPPOFFEEQRQQIIIJCCDDGHGGKLLKNMMNTBABABA
FSQOXGVBYPGJQBNKNJRGRGLEXADSAHWKMCYCAAA
HLLRYLLRALLUTLLZSLLWYLLROLLOBLLHRLLNLLR
OGXONUIASXTQVOQSAUHEQRANIUDJOVTIEWKKASO
MBGUBSTVITBXZJPACVPPXHAGTVXBWLYDSPPCFTX
RWSSIJRTHIMLYANCMLWZGVBUBBDCCUGUAYKNWZF
IBAFPHTMLKXFGEELCAEOGNXRCAEOCWLMQBXAKDL
SPPTWPPXCPPDUPPVYPPZEPPFGPPHAPPBIPPQPPR
SLWDJFGJDJWKFGJVFJFGRFJFGSLWGLORWDJWEWG
LLLKHHGGEFFFMMNMOPOPCCDCJJJJQRQQSTBBBBA
RSRQSSSRQSRRRRRRRSSRRSRSQRQRRRSRRSSSQRR
LOUOVGHDKKNGTOASYLOUPPBEFLTMKGXIQEOLFYW
TLWUOVWJMLQQNNKMRXQNKWPOURRMQQKKMLUVIKR
LEXQHMDPUUAFHOJLFJFGPPSUTGUTQCOHWJLTLTH
ADZBICXDZOMSZOMSBGXWMAQIRQRFDTLTSMFCVAK
RSRRTYVSUTSYWXYWXSXVWWSXVTSTXRWXRWSTUTW
DDBJBHKKKKGEFJJEJJEIJJEIFDDBKHGJBHKKGEJ
LMFMLDFJDNILELILJLMNEMJJJKMDINKENMKINII
MMNMCDCDPOOOFEEFKLLKJIJJGHHGQQQRTBBABAA
KLKFIXWURITNCFRTTSMPLNEPPFUBIKAYNQUIXWU
PKXIKNJPITOTOXTEGHLRRPTOTIQPHSPKPFWNPSG
QRNROPQRRQQRNPOPONRQOORNRORROPRPNPQPQQQ
FLEFFEDHFHKHDKKHEEHFGDLEHHDFHDEIHEEKHEG
POKPEEIJPPOKFFOEOKPIFOEEIJPPEIJPJPPOEEI
QMVDEHGIKKMZKMZTJCZNUSGHSGZZUJLIETELLMV
OMROZFZPCAABLJSSGAHRLAWTVKMUABLCCVLALHX
HIAYBOFTOFZWWRZIPVBSVUZPJRLXHXMQOVTVCQX
RNNWPTSXSRRNNNWYNPTSWNPTSXSRTSXSXSRRRNN
XJDLAGDJPDVLGRLIRENUVMBLJTCHDSZQMXVCYAA
EXXTGIFVLZBQBJQMEMDMAPWDMDMHJAHMGYONWIH
LAAMRAASFAAGPAAQNAAOHAAIDAAEJAAKTBAACAA
KUNTVKQKQKUNRUNNVKQKXRUNNTXRKQKUUNTXRUN
WOMYYCPPNFYZRMFQDLNEZOWJZUULQZKNVELNZUU
PHFKNJCSESOXRNOPXUTPKQXXSCCPPVSNXIYCSPE
QUXGRHNEERHNJRBWTHTKNJSNAWIYAVDGOJBJMEN
GNHFDEGIHFKLFDLLFJKHIMJJLIDGJKLFLEKLEKM
VVUUTMXUVUUNUNWTTWTVNWTMTVVUWTMXUUNWTVV
IHRQOHKYRQOHYQKYETSNKYETSNYFYFRNRNXYIHA
TFWJXMXXPQVPFKPJGLRMFKPJJJDQDQIGSTFWJJA
MOWRHCKWKTTBCZEOXIMRAHGBJMPNYVTTHAYAAAA
PPOOGGGHNMNMEFEFLLLLCCDCJIIJQRQRSSBABBA
JAAKHAAILAAMDAAEFAAGRAASNAAOPAAQTBAACAA
MCIKDMDODQGVANPWXAXSJUISIZXUILYFDNOBAAA
MNRWESQEENUGIVFMKOQINUVKGWSNJIVEGKTJUTJ
SFKLLHQKMMKGGMEMSGORHKRLRFTELSDSKGMMMKS
RMSKMSKMKMJMSKMJMJMPJJPOJPOMPOMROMRMRMS
BWQDKBQYFDQSXKLPTBGSCIOABGSOOWSYRRANNYU
YQTPKWMXPIILFTYOJSCGTONFLMBFXIELKUYCAAA
IHKHHHHHHJJHHJIIJHIIJHJJJHIHHKJJIHIJKJJ
RZFIZGXREVODGQSNLDUDZXXVRCOUOUTPHKNYMMM
EGVQUNPPLTRACDFIWLOQJBEUWQAFPLQPXKYNAAA
AAOJQIFSZEHBCLVHUXFUQGJHIHSIJXCQNDOFSOO
UEDBTYEDDDPPRQUHNPJLTKRMZJQYZTONPCPFUUB
QMSPPTSKOLSQTOOURQNTKMLOUKPQUKKMMOOSRLR
FCVZNTXDZTUHEUWKDROTUPHKOMDWUSCAXTQAOSH
CHTKKGMVARWMVQXQPKNFIXHCEGCMUROLMSJMVLO
QFLHLHGBEFMHIRRCKEFMOLFLGQFLDIRRECOLFLH
JJIIIIJJKKKIJIIKIIJJJJIJIIKIJIKJIIIJKJI
PDRORODEODEXQMOQQTUPTUPDDRODMOQTOQTUPDR
ZULJMSTFNZMKTNZSJCANWMDJCNIQWUKLMKLAZEK
DLVSUJPDOHLQGTOHIGTOULLPIGTODRRKRUDLAAA
BSNDJVOGXIUKYBDWYNKPRPEKRLHRHZOFJXYNYPL
UOKUOYTUNQSLSXXVLQXOSVWSUYYMQXTSMTVQVWQ
PDRGRJNIKGLXKCLZXUUFWZCIVKGLVLZSCRVQBOA
QQQRDDCDFFFFPOPONNMMGGHGKKLLJIIJSSTABBB
WFIZVFIYEFINAFICNFIBFFIRJFIAVFITNFIBFIH
EFEEPOPOKKLKCCDDGHGGNNNNRRQRIJJJSTSAAAA
MKJLSQOMJJSSTKQSTRQQJKRRMKPPULNTOSQOUJN
EQQKMPRIHNIKMGEQIKMGKMMPRIFKFKHNQKQQQFQ
DIPWVBXQBXHDERBKKLSOBHGYYWYLJBXHXXMCYQP
BOQCEGJMJMIHQCCKCKMDKNBOIHOHMDHKHKQHEGA
NMMNPOOPDDCCGHGGIIIIEEEELKKLRRQRTTBAAAA
KTOBNOIYJXJRBYBKWCHAARKAIWHPEQTKONPWHPI
OKFHOPOKNJHOHEJJHOPOPOKFKFHEFNJHFHEJHOP
JIFMHFIJJJNMIDGKNMNHDGKJJNMNLFKMMNHFKMI
NETFVQGSNVNJQTPPRQGURAEKFBQFSMVOIOEVOMG
BBCDBDBDBDCBCCBBBDBCCBCBDCCBDBCCCCBCBCC
WWHCTDDNMDMFCGKCQQTRVPFIFDKVBTYBXKPOFIT
GEHCGEHCDFCEGDFCEEDGEEDGFCEDEDCCHDFCCCA
CMJAGIKFUOZPSMDGXEFLKANNDHKXDSJKKANNKPP
ULTHSEBWUVFKLSBEKQQLTHUVSBEHVSEBEJSFVSE
KMRJRJROROLKKRKRLKRKJROLOLKRMKMRMRJRKRM
DDCCIJJJEEFEMNMNRQRQPPPPLLKKGGGHSBAABAA
ZPOORJGMWFPDXZJQGMEHNXVAUYCHCVBIDKSJQJP
HOHYRGEVVFKQACPFBILFGITJIKZWALVJHSALWFI
MOFCCDKPNAMRPQEBBOLPRGRDDLOGPHFNGJCEPED
LLJYEZABKNMQZNIKMFTDECCHACQHUECCOWRTADO
BRHTCRHRDRHPORHZERHRORHKTRHJWRHSLNRHDAA
WHAWQNDJUHSNBHSCUIDGSKGRLROJOMHDIWSGRAY
VMMWPMMQDMMEZMMATMMUBMMCRMMSXMMYFNMMOAA
NOKOBDJNPJNJOKJPNCMNNROBJFIRRNLBBBJDICR
QTORNQQTORSVTORSRSVMRUNQMRUNQQTOUMRUNQQ
MWYSFROSZPBWPUAGCOWAPWKBJQUOPZPBOEAIWFC
RARVYNIRASDFXDSHVJEEHRRYUPBDIREHNPOZFCK
GDQNUNYRRAUSOSVLOXHROOXHLRNWYTKHZXFZKYU
UTPSPNQUSSRTRSWTRPSSSOPRZWURYWWPTZNPUQZ
MNUUGOZAWXJVXOMKNIECNQFZHPCUPIHFSSGEAAA
ILLJJIJJJKLKKLKLKLIJLIJKJKLKIJJJLKLIKIJ
RTGIYRTGNLTNTYRTGIUMUMNLLTNYIUMNMNLTGIU
RMBNUNAFCHOSNRLSANARSJLUHJHHSIACFLAHQUO
NMKLNNKKKKKNKNMKONNKNKKKOOONKKNMNOOOONN
EHIBBHKEGKDEIJGECBNHGECBCKFBEIJGNHNNHNN
KONSBRQQNSBRVKONRQQPSBRQONSBQPGFQQPGVKO
RUCELTUTDLSDQLNDHIRFDMMLFJGRTRCHQOKGTIQ
LUNHHMVLQHVQOYUVHPIQLURNQKOSNSXOVXTWOOH
ELZRTKGRKLEGZGMHHDJPZUHKUBIQASDQNKXUKYA
XJTCBMNXTKJXWUEKJDZORPEOHXSMGHAHPGKCAAA
PJXGLYSTFZIOLUSRXIEYGINAENCWDEUEVBYLJUX
MNTQYLZZULWIIAWPMELOKYPUYYPJMBQWLSILNCI
RWRSVVWTTXRWUVVWSRTWVWTXXRWRWTXRWRSRSRT
LKVXSJWJNPSVQSTTQOTVUJWOJOSJSJWXJNMTQTS
KOQXONVRONVROQXQWLONXOWWQXQRWKOQWKOQXQA
RTVWVWKYMURUKYTJKYNWTJRTNWMQRUKYMQHKIYA
PSQURRTPXPVXXVWSSSPUSWVXPUTRUXXSUVRSSPT
KRYDLTHESTPEYLFTTCFWCDRXEUCTAGOEDRXSQCW
UZJVPIYPROFGSQPZNYBNZWQKLDRBXSCDBUWMSEX
YQUDPTEWZKURYGLAWXCIZSNUFHIVPEJAFTOUJAA
ZBRFMRJBUYVOLPEETMRJVHCACKXEQQKPKQGVQDU
XPLJJTJVMIRPXKPTPLPKTWWXVQTXPXUXKMKRQSM
JIIJRRRRLKLKHGGGDDCCFFFFPPPPMNNMTSBABAA
NSNUNQQUUTSUUNUSUQSNUTOUTNRUNPRTSRRNUON
XKLHJFZTHKLTVDBAICPTIXOKTEFEHYBWZRFJCLA
DSUNXSUHNSUTZSULESUSMSUNKSUVTSUHKSUKSUV
ZLJVFIFOADUNSOGACRTYXDVRKGVNKFLIVRKTSOA
BWWLZRPUFUFXDBKYRGGAKXKNAEXKCYZLTJWCOYS
XRSXIWRIFLBRSNKKLNIWJTWRVROWZQJPXFBLLIH
TKKUXKKYBKKCPKKQRKKSVKKWNKKOZKKADLKKMAA
IRDJGNZPFTPOGCUSFAZLCZTJDAVBWCVQACZTMYQ
IIGHFFSNHQRSNHQRIGHKHKHPQRSFGGHJFGGGGHJ
KKKKOOOOEFEECCDCQRRQGGHGJIIINMNMABBBAAA
KGEIIMGONKCDNDIGOHOIDOKKEJMNIOFFFIKGKME
LSMQRTRTSMMLTRKLPQQLLQLRMSNTQMTMTKQSLOS
EZPLFBXQEAIMBNMZZQVTGEHLIQALEFNRHUNFRZB
FPUBMBLQAYYWOIFDYFNJFNJXKXVZMEMLYCXSXZQ
BMNPACLHYRTVUXQXBSUFZSUIWDKBNHRSZKLMAAA
IJFJDJEDEIGDDJDDDDGFGGEIDIIGJFFEFFFIGDH
OODXEHRRCNJQGMNCFLSCSEKYBSSWDXFWPFEJAYH
QGMUFBTHAHOBBHGZYKPITAQEDJOWJXEJLUYVNKA
NEZYEJLQZVVJEAHRXOWHXOWHYHBVSXRCDVXPQXQ
YOZUODBOCDHDLPRQBUBLALTTYOCKYOCKRTTRIRG
FQQGVQQWDQQEBQQCXQQYZQQATQQUHQQIJRQQSAA
OCDDEIIOTLDTQIOREDMJDQTGPEFWSLVCMKKDIAA
YUYRZPUSWTXZUYYXXZPUWXUYUSPRTXZWYRRTWZQ
TLQRWWTSQRWSLQRWWWWTTSPSRWSWSWWWWSWWTSP
DOVYXUCZQIEKUVPKROEAOHSTGJCHPZDBJQDZCCS
FGEIGJHEJEEEEEHHHIJJEHHGIGEGFFFFFIFFFEF
NMMMFEEEGHGHKKKKRRQROOPPIJJJDDCCTBAABAA
ZSUZUZTTSUZTPZUZTTSRZUZSZTTSTSRPXPZUZSU
SXTXRUQUUXQRXQRXTXRUUQUXXTXRQRXSXRUQUXQ
JIIJFFFEDDDCMNNNQRQRPOPPHHGGLLLKSAAAAAA
ABDAADCCBADCADDAACBCCBAABABBCDBACBAAABD
SIZALNKBTMRWXQJRLSSJQJYPOTTYAFMBTSMFUQV
LLXQKRHGYANBFRMEACYBKZEKHWYOPVQCEXPVDZI
NMJIDNMFMJILLEGDGDNMFNMJILEGIFNMJILEGDN
ZQQAHQQIXQQYFQQGTQQUVQQWDQQEBQQCRQQSAAA
POCGMUHDOMUHHDPWDPWPWPOCOCGTOOMUUHDPWPO
QPHRLCISSLROOMLLAJPQRTHPSHLLEERAPBHNQMS
LJAFALYRKQGNSVAHMPYENEJUNMSSLVGWQMPYKSP
OWTOSFBJLMGCNUVUGUGPRWEAOKQMKQMCBBSJRYA
VURQSNQPNQPNSUYXTXXTNQPNUYXVUSNQUSUYXAA
NSLLQGNLKIOHKMGGSSNSHTKIOHSSNLKMGGRKHTA
CQGFYWAHZQDMOFHBQZJUZJUARFABFIBTFGLGOWR
PAAQJAAKHAAIFAAGDAAELAAMNAAORAASTBAACAA
THZDNHZJRHZUEHZGZHZFWHZMFHZKHHZGNHZKHZU
MSNUSOBBHRUHPBLGWNMCPSVLUCTACSOBTEHBRQS
NMMNFEEEDDDDRRRQLKLLGHGGIJJIOOOOBAAAAAA
VTTNLUHIWJLWQQCODJNULHEPFJCDLHEPLSCCCPE
RLRPXTNYYMZWTPNYWLYTLRZWQOLXYXORWQMVSUQ
ATOSSNJOMCDZJNRKCBAKIHEASZLUVGGYAIYKAAA
SJGFGKFGGSJGFGEGEGSJKFGEFNJLGEGSGFNJGFN
LLKLMMMMDDCCHHGGFFEFRQRQOPOPIJIIBAABAAB
TJLKQHNTOORQPKLIQLUTTLNNKSRNNLHOIKTRNJQ
RAJXQXWYTNCWDNAWWRIXFWBNCWKMZECFITISGNL
NMREGRCRABBHSCAFHKXFYLUKFBNWKXFIPLEDNCM
WUDKFFFRNVDQCIEJSRYHDBROJWRBQQCYFCCHAAA
QSHSHSSJHOQSPOUMUMNVKMKLKLFQFQPONVPNHOA
NVEDGJRDEXGULURUGSIOXFSNFSNVOLURLTGQOPA
TDLHQDPQBRZEBOIVEUHKHIWESAQWZGSEMZQGMQI
RRRQMMMNKLLLJIJJPPOODCCCEEEFGHHHBBABBAB
FKWGKISPCUGHGJPLGEFCAEXCSVQFQYMCJERMUPY
SSPPOQMVTMUQNMTONTOPNTOPVMNTRUTQVUTTNNM
MUIQHYOFYNBHMNLPBUDTGFWIBMRFMCOWOMKEJLB
HKHPMAHBEFADPLVWZVCDOYUACBPYUYXJEJHAHBJ
KHHLQHHRYHHZWHHXOHHPSHHTUHHVMHHNIHHJAAA
WHXUUILOLQFOUYQIIOUWOXZLZRHLLOLZOKYLFHU
XFTJXRQRGUOGETHHTPEEEGUOVEGUOGREFJCXAAA
UWUXIGZDFCUOPOZNHWKOXLFDPLLQAXJMLTVHPZA
RTSJPZCPFHZQCTACFNVJEIGMYYBGUDEBEAHBPMY
JJIJOOOOMNMMDCCCQRRRFFFELKLLHGGGBBBBBBB
OUESDAAJTBFRGBPERUAOPIQDSOSPTFITEGBKFQT
UUJKSXHYJRAMLMJMZSUFZMCUQDSBHYNHZSXAEZL
AHAFKIJCKIJCMJIQRFKIHAFDHHAHSHHAKEMJIQI
DOEDGJGYEABBEABBKOOURWVOOFVFFVYULWCWOTM
OOGIYKHPZBNXDEEPMZRRJCATYWPWZBPFZBPFTEH
HGHHJJJJPPPOKKKKQRRRDDCCFFFEMMNMTSSBABB
MMMNOPOOLLLKGGHGIIIICDDCFFEEQQRQSSTAAAB
XFTREFTNEFTMNFTRVFTLFFTSEFTVTFTKTFTJNFT
IJIJLKLKHHGHNMMMQQQREEFFDDDDOPPPBABABAA
MDDNSDDTGDDHODDPQDDRIDDJUDDVKDDLWDEDDFA
POOPPNPNOOPOOPOONPNPOPNPPNPNOOPNPNPNPNP
JKXGRIMDYMXCYSTHXPCNMXGKUYABMXGKLICBJQD
FQEOAQQIOTAEINIRNCRFEPHKRBFNNJRFFKBMMPN
DPOEDEHGPGDEGGDEDEDFGDEDKIIQIQJDHGFHGFH
CCDDIIIJEEEEPOOPMMMNLKKKHGGGRRQQTBBBBBA
RVYWWJOJGWQMTQLPGDOJUSGDRYZJCMZQKGFOWSJ
POPPNMNMHHHGQQQQEEFEKKLLIIJJDDDDSSTBABA
YXTIQRXHFTYRRKJFFHURMHFYHGHMIWNFUXVQYMU
EGSCGDBBLXOESTDSEFKDHRWHGHSFMQVRQDJYAAA
YQYBJBQKLDEQZWJBORWZVUBUSUIAHPZOVUBUMAY
VPGWVZPGTPGKUPGNZPGDQPGIKPGNSPGYOPGYPGB
GGASJGABDGAQIGAYSGACVGAAGGAASGAEJGAJGAG
VLRUUMPNGUTPMKUWJJJXUKLTRUKLUKLTRUKLRUK
JHPSIVKGZRSEHPTNKISREXYCURZDEVIAKVZNAAA
RYLZUPXZLZQYYUPXYLZQZQYUVRYLQYUPIMVRYAA
OIKMJNJOGKHNKHMDGFMIEIHGDJLGNOHJMFINHJK
MNNONNMNNMONMOMOMNOONOONMMNNONNOMMOMNNO
POWOILDJRDBCNLNXAECOTGSVNMHUCCYJPRFTOWA
SUNQWSUNNQXHFSMWSMWSUNQXQXHPMPFSPFSMWSU
PRKRMOGKRSPSQWNOKHTLOSRPNJJVLJHNVVGQKGQ
KGPRBSWKCAJXIEBXPCJQPIWQDCMLEDDPEYFZFEZ
CKSDGKSIRKSDMKSATKSVJKSJWKSPYKSHSKSDKSW
EKIFEADDBALDLDIBIBAFAFEAIFLFBIBALFCFBIA
LLLJKJKLLKKLKLJKLJKJKLLJKJKLLKKLLJKLKLJ
TWXUBGQEXUWMDGHNXUWMWXUWVTSVQCEKSNXDGHA
QJSDVSORSYXDXZPWLRFHEHCUSTTERIJHNGEVHIR
YWXYWYXYXYYWXWYYXYWYYWYWYWWYWYYWYYXWXYA
FADDDFHAAFBADCGGBADCDDDFHAGBHCAFGBEFHCA
QHKGQHKSGHKWYHKVJHKGOHKKTHKJCHKCVHIHKJA
IRGQQQKSTIQLLTLKNNJQQSRIRHQNSSNTLMKMIOL
MHKFFFHJGFFFFGGIHKFGGIGFIGFFFFFHKFGGGIG
LLGLLIKJJLLLLGLIHKGGGJLLGLIKKGGJLLLGGJL
FGBDCJMCGCKIMHGCDIFGBDMHKILDLDCJDGMEDIA
LEEYZFQCEYWLVTZVWLZFGMLEZVGMQCVTWIDDDLE
PJQOJPJQJPKQNIQTIJPJPKJOJQOOTIRTTTLIIJA
KKWRWROZQTIIVVMNOZWTWTQTIIVVBFGEGEFAKKA
QLLSVJNJVMWOWOQLOQLLSPVJMWOQLSPVLLSPVJN
QTKUJKVQQYXWWKTRIHYXRTXJJHNQUKKITQHVMPJ
USSSSUVUTSUSSURTSUSSSUSVSVRSTVUSUUTRRRT
HFJBSYYHWYZCGODUYXGMMAELPSCNTKAPBFBZCJD
HHHHMNMNCDDCJJJJPPPPEFFFLLLKQRQRABBABBA
NJTLZUCPRZZSZSZLSSHNMPKMPHMPZSZLPKMYNSS
MLJJJNFJICIEJANIEJAFFPGAFIJKKBIFAFJIIFE
KZRMRVXJPNVVIKIVOFFGNFTLTLHBSCRGANIHXIL
MHHNWHHXUHHVOHHPQHHRSHHTKHHLYHHZIHHJAAA
QLJPOFIWHVXIAANRDBTOTQHIGSCCMHVXVAHRWMI
DCCCFFFFRQRQPPOOIJJIHHHGMNNNKKLKTTABBAA
HSQVQXDNTZLSQAXBAJEDNSBODPJSVNSBGAXEKVC
PQJPQQSPOPQPQRMSLPOQPNLSSSSRSNJORJNOSPQ
JJJJLLLKCCCCMNMNOPOOGHGGQQRRFFFEBABBABB
OLQQLQQPRNLVQNMRMRRNRRNLQQPQPQNMQPQNMRR
SDDTQDDRKDDLIDDJMDDNGDDHUDDVODDPEDDFAAA
ONFGQCBJGQGCQCBJGQGCGULGWPMEFGJLCSGQOAA
FCJDDIBHIBHFDFLHCIBKHCJCDFLHLJIEKCIBKFA
IOCWZEIDLCTCQUSHESSKAXQTADXVDXVLVNHVLFE
VLKKVLKUVLKARLKHRLKELLKKVLKLLLKXQLKOLKL
HVMUOVMWTVMQAVMYGVMKWVMIVVMEEVMITVMYAAA
LPKSIPIURTLPGORTJQADDCLSHJQABFDCBFDCLST
CSYLGSYHVSYQGSYGXSYLZSYZJSYRDSYAQSYDXSY
DJTNLOEKGHHIJOESPSKOFPTMPSKOINEMTMTHILN
NUYMFUDPJGVRYTHJBTDOGATLCXLHRDQUQABTDOM
ANMLSTIMOSFBDYUCYHBYARIHGRLYRAEZIMZRIAS
NLRTTOQWVSHLSTWJVOUNJJHHWSSISULLIWNLLUP
QSQTQSQTQTRRRQQTSSTRRQQTTQSRSTRSTTRRTQS
ERAXKVOBXJJFOOFXJEELLPEGEPVEDUUQIDSHYYE
RRQQEEFFKLKLHHHGDDDCOPPPIIJJNMNMTSTBBBB
KIHKMLHNNKHHNJNNNJINHNJKKIHNMIIMHLJNMKM
JKENLJHGGAGIBYWNNWABXQEJIGAXFUCTTRWIKLL
IGJHKJKMIMJKHKHMGGGIMJHMMHIIMKMGGGIMHLG
UJLOKHSQTNHKKMUUNOKKKLNOOGGTQJKNOHSNLNH
XEJTSCHKXGOWNREBEIVGMTKBFZATHVNQXVHGORA
DADPIGNDDPVHLNNVBAOVOVTLLBAOVHQTVATRMAA
HONIGOHGNOMFPNMNKJJNGNHKFHQPNJGHPFIGHLP
QSYQYQZHWVTMTMVTQHZSVQWVZSXRZHQHXRLHVQA
JLDQNOLHDMLENSMJLKRDORNLEERNQQOKKMJLDIN
MPMNNOPOMNPOMNOMOMPMMNPMONOOMNPOOPPPOOM
QNAWCXOWCZUYWGTZFKDEXVKIZUYWHRWRKTZFJBM
EEPOEEPONKJASAMRCSEECECSEEPOAMRJKEEPSAM
KLLLHGGHRRQQNMNMCCCDOOPPJJIJEEFETTBBBBB
GLCXALCDVLCBYLCRBLCUGLCHGLCHBLCMYLCKLCY
TLUULSRVLLPLPLORMMSLMSLLOSOTSLLPLOROSOT
DWVAWCHGLORGEZWVYDNBRVAOUYECLAKUFKULAKU
PDXFAQRRKMHZAIHZZSWAFWVAZMBPSUXAAWIMHPK
BNWXSNWVVNWTPNWPSNWDUNWCYNWQBNWCDNWQNWS
DIFGGHEDHEDEEEIHHFDEFGGHHDHHHIDHEGEDHHD
SJWMPRPGOKSPGLLLPQUOIINOLMVIMITSESSSGQP
MDDNUDDVGDDHIDDJSDDTODDPKDDLQDDRWDEDDFA
OQRHLNKRJOLNMQOQRMQOQOQRQRHINKRMOLNKRMQ
LLQQLKXNLQQTQQTLLLLQTLLLXNQRTLKXQTLKXNQ
GGHGOOPPRRRQEFEEMMNNCCDDLKLKIIIIBABABAA
OJGFGOGSWULLFTJIIVPKEFOGVNFOLQKEKRPMGRW
CKJFAKJVGKJFKKJBKKJOUKJDRKJBFKJMKKUKJWA
JGKKDGKRUGTGFGKBJGKQKGKXDGKOJGKLQGKTGKG
BIYFXBEVXVTHIXEIGHUYSPVRLNVLEQQEZFBNPHZ
MDDNHMLHNJDOHGPNOKLJOIGLLPPOPJDMNDNNPHP
VSQTQPSNTNNWRTNNNWQNSTPTTNOPOPTSTNOPTSA
