Average for To be, or not TO be: that IS THE QUESTION: is 1.400000, word count is 10, current best is 
Setting best
Average for WHETHER 'TIS NOBLER in the mind to suffer is 1.428571, word count is 7, current best is 
Setting best
Average for THE slings AND ARROWS of outrageous FORTUNE, is 1.571429, word count is 7, current best is 
Setting best
Average for OR TO take arms against A SEA OF TROUBLES, is 1.666667, word count is 9, current best is 
Setting best
Average for AND by OPPOSING END THEM? To DIE: TO SLEEP; is 1.777778, word count is 9, current best is 
Setting best
Average for NO MORE; AND BY A SLEEP TO say WE END is 1.888889, word count is 9, current best is 
Setting best
Average for The heart-ache AND THE thousand NATURAL shocks is 1.428571, word count is 7, current best is 
Setting best
Average for THAT FLESH IS HEIR TO, 'TIS a CONSUMMATION is 1.857143, word count is 7, current best is 
Setting best
Average for DEVOUTLY TO be wish'D. TO die, TO sleep; is 1.555556, word count is 9, current best is 
Setting best
Average for TO SLEEP: perchance TO DREAM: AY, there'S THE rub; is 1.700000, word count is 10, current best is 
Setting best
10
Average for ONCE UPON a midnight DREARY, WHILE I PONDERED weak AND WEARY, is 1.727273, word count is 11, current best is 
Setting best
Average for OVER many A QUAINT AND curious VOLUME OF FORGOTTEN LORE, is 1.800000, word count is 10, current best is 
Setting best
Average for While I NODDED, NEARLY NAPPING, SUDDENLY THERE CAME a TAPPING, is 1.800000, word count is 10, current best is 
Setting best
Average for As OF some one GENTLY rapping, rapping AT MY CHAMBER door. is 1.454545, word count is 11, current best is 
Setting best
Average for 'Tis SOME VISITOR,' I MUTTERED, 'TAPPING AT my CHAMBER door - is 1.700000, word count is 10, current best is 
Setting best
Average for ONLY THIS, and NOTHING more.' is 1.600000, word count is 5, current best is 
Setting best
Average for AH, DISTINCTLY I REMEMBER IT WAS IN THE BLEAK DECEMBER, is 2.000000, word count is 10, current best is 
Setting best
Average for AND EACH separate dying EMBER WROUGHT its GHOST UPON the floor. is 1.545455, word count is 11, current best is 
Average for EAGERLY I WISHED the MORROW; - vainly I HAD SOUGHT TO BORROW is 1.800000, word count is 10, current best is 
Average for FROM MY books SURCEASE of SORROW - sorrow FOR THE lost Lenore - is 1.545455, word count is 11, current best is 
Average for FOR the RARE and RADIANT MAIDEN whom THE angels NAME LENORE - is 1.636364, word count is 11, current best is 
Average for NAMELESS HERE FOR EVERMORE. is 2.000000, word count is 4, current best is 
Average for AND THE SILKEN sad UNCERTAIN RUSTLING OF EACH PURPLE curtain is 1.888889, word count is 9, current best is 
Average for Thrilled me - FILLED me with FANTASTIC TERRORS NEVER FELT BEFORE; is 1.600000, word count is 10, current best is 
Average for SO that NOW, TO still THE beating OF MY heart, I stood REPEATING is 1.583333, word count is 12, current best is 
Average for 'Tis SOME VISITOR ENTREATING ENTRANCE AT MY chamber door - is 1.666667, word count is 9, current best is 
Average for Some late visitor ENTREATING ENTRANCE at my CHAMBER DOOR; - is 1.444444, word count is 9, current best is 
Average for This IT IS, and NOTHING MORE,' is 1.666667, word count is 6, current best is 
Average for PRESENTLY MY soul GREW STRONGER; hesitating THEN NO LONGER, is 1.777778, word count is 9, current best is 
Average for 'SIR,' SAID I, 'OR MADAM, truly YOUR FORGIVENESS I IMPLORE; is 1.900000, word count is 10, current best is 
Average for BUT THE fact IS I was napping, AND SO gently YOU came rapping, is 1.538462, word count is 13, current best is 
Average for AND so FAINTLY YOU CAME TAPPING, tapping at MY CHAMBER door, is 1.636364, word count is 11, current best is 
Average for That I SCARCE WAS SURE I HEARD YOU' - here I OPENED WIDE the DOOR; - is 1.785714, word count is 14, current best is 
Average for DARKNESS there, and NOTHING MORE. is 1.600000, word count is 5, current best is 
Average for Deep INTO THAT darkness PEERING, LONG I stood THERE WONDERING, FEARING, is 1.727273, word count is 11, current best is 
Average for DOUBTING, DREAMING DREAMS NO MORTAL EVER DARED to dream BEFORE; is 1.800000, word count is 10, current best is 
Average for BUT THE SILENCE was UNBROKEN, AND THE darkness GAVE NO token, is 1.727273, word count is 11, current best is 
Average for AND THE ONLY WORD THERE SPOKEN was THE WHISPERED WORD, 'Lenore!' is 1.818182, word count is 11, current best is 
Average for This I whispered, AND AN ECHO MURMURED back the WORD, 'LENORE!' is 1.636364, word count is 11, current best is 
Average for Merely THIS and NOTHING MORE. is 1.600000, word count is 5, current best is 
Average for Back INTO the CHAMBER TURNING, ALL MY soul WITHIN me burning, is 1.545455, word count is 11, current best is 
Average for SOON AGAIN I HEARD A tapping SOMEWHAT LOUDER than BEFORE. is 1.800000, word count is 10, current best is 
Average for 'Surely,' SAID I, 'SURELY that is SOMETHING at my WINDOW LATTICE; is 1.545455, word count is 11, current best is 
Average for LET ME SEE then, WHAT THEREAT IS, AND THIS MYSTERY EXPLORE - is 1.909091, word count is 11, current best is 
Average for LET MY HEART BE still A MOMENT AND this mystery EXPLORE; - is 1.727273, word count is 11, current best is 
Average for 'TIS the WIND AND NOTHING MORE!' is 1.833333, word count is 6, current best is 
Average for OPEN HERE I flung the SHUTTER, WHEN, with MANY A FLIRT AND flutter, is 1.692308, word count is 13, current best is 
Average for IN THERE STEPPED a STATELY RAVEN OF THE SAINTLY DAYS OF yore. is 1.833333, word count is 12, current best is 
Average for NOT THE LEAST obeisance MADE HE; NOT a minute STOPPED OR stayed HE; is 1.692308, word count is 13, current best is 
Average for BUT, WITH mien OF LORD or lady, PERCHED above MY chamber door - is 1.500000, word count is 12, current best is 
Average for PERCHED UPON a BUST OF Pallas just ABOVE my CHAMBER door - is 1.545455, word count is 11, current best is 
Average for PERCHED, and SAT, and NOTHING MORE. is 1.666667, word count is 6, current best is 
7
Average for THEN THIS ebony BIRD BEGUILING MY sad FANCY INTO SMILING, is 1.800000, word count is 10, current best is 
Setting best
Average for By the GRAVE AND STERN DECORUM OF the countenance IT WORE, is 1.636364, word count is 11, current best is 
Setting best
Average for 'THOUGH THY crest BE SHORN AND SHAVEN, THOU,' I SAID, 'art sure NO CRAVEN. is 1.785714, word count is 14, current best is 
Setting best
Average for Ghastly GRIM AND ANCIENT RAVEN WANDERING FROM THE NIGHTLY SHORE - is 1.900000, word count is 10, current best is 
Setting best
Average for Tell me what THY LORDLY name IS on THE NIGHT's PLUTONIAN SHORE!' is 1.538462, word count is 13, current best is 
Setting best
Average for QUOTH THE RAVEN, 'NEVERMORE.' is 2.000000, word count is 4, current best is 
Setting best
Average for MUCH I MARVELLED this UNGAINLY FOWL to HEAR discourse SO PLAINLY, is 1.727273, word count is 11, current best is 
Average for Though ITS ANSWER LITTLE meaning - little RELEVANCY BORE; is 1.625000, word count is 8, current best is 
Average for For WE CANNOT HELP agreeing that NO living human being is 1.444444, word count is 9, current best is 
Average for EVER yet WAS blessed WITH SEEING bird ABOVE HIS chamber door - is 1.545455, word count is 11, current best is 
Average for BIRD OR BEAST ABOVE THE sculptured BUST ABOVE his chamber DOOR, is 1.727273, word count is 11, current best is 
Average for With SUCH NAME as 'NEVERMORE.' is 1.600000, word count is 5, current best is 
Average for BUT THE RAVEN, SITTING lonely on the PLACID BUST, SPOKE ONLY, is 1.727273, word count is 11, current best is 
Average for That one WORD, as IF HIS SOUL in that ONE WORD HE did outpour. is 1.500000, word count is 14, current best is 
Average for NOTHING further THEN HE UTTERED - NOT A FEATHER THEN he fluttered - is 1.727273, word count is 11, current best is 
Average for TILL I SCARCELY more than muttered 'Other FRIENDS have flown before - is 1.363636, word count is 11, current best is 
Average for ON the MORROW he will LEAVE me, as MY hopes HAVE FLOWN BEFORE.' is 1.538462, word count is 13, current best is 
Average for THEN THE bird SAID, 'NEVERMORE.' is 1.800000, word count is 5, current best is 
Average for STARTLED AT THE stillness broken BY reply SO APTLY SPOKEN, is 1.700000, word count is 10, current best is 
Average for 'DOUBTLESS,' SAID I, 'WHAT IT utters IS ITS ONLY stock and STORE, is 1.750000, word count is 12, current best is 
Average for CAUGHT FROM SOME unhappy MASTER WHOM UNMERCIFUL DISASTER is 1.857143, word count is 7, current best is 
Average for FOLLOWED FAST and followed FASTER till HIS SONGS ONE BURDEN BORE - is 1.727273, word count is 11, current best is 
Average for TILL the dirges of HIS hope that melancholy BURDEN BORE is 1.333333, word count is 9, current best is 
Average for OF "NEVER-NEVERMORE."' is 2.000000, word count is 3, current best is 
Average for BUT THE RAVEN STILL beguiling ALL my SAD SOUL INTO SMILING, is 1.818182, word count is 11, current best is 
Average for STRAIGHT I WHEELED a CUSHIONED seat in front OF BIRD and BUST AND DOOR; is 1.642857, word count is 14, current best is 
Average for Then, UPON THE velvet sinking, I BETOOK MYSELF TO linking is 1.666667, word count is 9, current best is 
Average for FANCY UNTO FANCY, THINKING what THIS OMINOUS BIRD OF YORE - is 1.900000, word count is 10, current best is 
Average for What THIS GRIM, UNGAINLY, ghastly, gaunt, AND OMINOUS bird OF YORE is 1.600000, word count is 10, current best is 
Average for MEANT IN CROAKING 'NEVERMORE.' is 2.000000, word count is 4, current best is 
Average for THIS I SAT ENGAGED IN GUESSING, but no SYLLABLE expressing is 1.777778, word count is 9, current best is 
Average for To the fowl whose FIERY EYES now burned INTO MY BOSOM'S CORE; is 1.538462, word count is 13, current best is 
Average for This AND MORE I SAT DIVINING, WITH MY HEAD AT EASE reclining is 1.909091, word count is 11, current best is 
Average for ON THE CUSHION'S velvet LINING that THE LAMP-light GLOATED O'ER, is 1.769231, word count is 13, current best is 
Average for BUT WHOSE velvet VIOLET LINING WITH THE lamp-light GLOATING O'er, is 1.666667, word count is 12, current best is 
Average for HE SHALL press, AH, nevermore! is 1.600000, word count is 5, current best is 
Average for THEN, methought, THE air GREW DENSER, perfumed FROM AN UNSEEN CENSER is 1.700000, word count is 10, current best is 
Average for SWUNG BY SERAPHIM WHOSE FOOT-FALLS tinkled ON the tufted FLOOR. is 1.727273, word count is 11, current best is 
Average for 'WRETCH,' I CRIED, 'thy GOD HATH lent thee - BY THESE ANGELS HE has SENT thee is 1.714286, word count is 14, current best is 
Average for Respite - respite and nepenthe FROM THY MEMORIES OF Lenore! is 1.444444, word count is 9, current best is 
Average for QUAFF, OH QUAFF THIS KIND NEPENTHE, AND forget THIS LOST Lenore!' is 1.818182, word count is 11, current best is 
Average for Quoth THE RAVEN, 'NEVERMORE.' is 1.750000, word count is 4, current best is 
Average for 'PROPHET!' SAID I, 'THING OF EVIL! - prophet still, IF BIRD or DEVIL! - is 1.750000, word count is 12, current best is 
Average for WHETHER TEMPTER sent, or WHETHER TEMPEST TOSSED THEE HERE ashore, is 1.700000, word count is 10, current best is 
Average for Desolate YET ALL UNDAUNTED, on THIS desert land enchanted - is 1.444444, word count is 9, current best is 
Average for ON THIS home BY HORROR HAUNTED - tell ME TRULY, I IMPLORE - is 1.818182, word count is 11, current best is 
Average for IS THERE - IS THERE balm IN GILEAD? - TELL me - TELL ME, I IMPLORE!' is 1.846154, word count is 13, current best is 
Average for QUOTH THE RAVEN, 'NEVERMORE.' is 2.000000, word count is 4, current best is 
Average for 'PROPHET!' SAID I, 'THING OF EVIL! - PROPHET STILL, IF BIRD OR DEVIL! is 2.000000, word count is 12, current best is 
Average for BY THAT HEAVEN that BENDS above us - BY that God WE both ADORE - is 1.538462, word count is 13, current best is 
Average for TELL THIS SOUL WITH sorrow laden if, WITHIN the distant AIDENN, is 1.545455, word count is 11, current best is 
Average for IT SHALL clasp A SAINTED MAIDEN WHOM the ANGELS name LENORE - is 1.727273, word count is 11, current best is 
Average for Clasp A RARE and radiant MAIDEN, WHOM the ANGELS NAME LENORE?' is 1.636364, word count is 11, current best is 
Average for QUOTH THE raven, 'NEVERMORE.' is 1.750000, word count is 4, current best is 
Average for 'BE THAT WORD our sign OF PARTING, BIRD or FIEND!' I SHRIEKED UPSTARTING - is 1.769231, word count is 13, current best is 
Average for 'GET thee back INTO THE tempest AND the NIGHT'S PLUTONIAN SHORE! is 1.666667, word count is 12, current best is 
Average for LEAVE NO BLACK PLUME AS a TOKEN OF that LIE THY SOUL hath spoken! is 1.714286, word count is 14, current best is 
Average for LEAVE MY loneliness unbroken! - QUIT THE bust above MY door! is 1.500000, word count is 10, current best is 
Average for Take THY beak from OUT MY heart, AND take THY form FROM OFF MY DOOR!' is 1.600000, word count is 15, current best is 
Average for QUOTH THE raven, 'Nevermore.' is 1.500000, word count is 4, current best is 
Average for AND THE raven, NEVER FLITTING, still IS SITTING, STILL IS SITTING is 1.800000, word count is 10, current best is 
Average for ON THE pallid bust OF PALLAS JUST above MY chamber DOOR; is 1.636364, word count is 11, current best is 
Average for AND his EYES HAVE ALL THE seeming OF a DEMON'S THAT IS DREAMING, is 1.785714, word count is 14, current best is 
Average for AND THE lamp-LIGHT o'ER him STREAMING throws his shadow ON the FLOOR; is 1.500000, word count is 14, current best is 
Average for AND MY soul FROM OUT that shadow that LIES floating ON THE FLOOR is 1.583333, word count is 12, current best is 
Average for SHALL be LIFTED - nevermore! is 1.500000, word count is 4, current best is 
6
Average for WHOSE woods these are I THINK I know.  is 1.500000, word count is 8, current best is 
Setting best
Average for HIS HOUSE IS IN the VILLAGE, though;  is 1.714286, word count is 7, current best is 
Setting best
Average for HE WILL NOT see ME stopping here  is 1.571429, word count is 7, current best is 
Setting best
Average for To WATCH HIS woods fill UP WITH SNOW.  is 1.625000, word count is 8, current best is 
Setting best
Average for MY LITTLE HORSE must THINK it'S QUEER  is 1.750000, word count is 8, current best is 
Setting best
Average for To STOP WITHOUT a farmhouse NEAR  is 1.500000, word count is 6, current best is 
Setting best
Average for BETWEEN THE WOODS AND FROZEN LAKE  is 2.000000, word count is 6, current best is 
Setting best
Average for THE DARKEST EVENING OF the YEAR.  is 1.833333, word count is 6, current best is 
Average for HE GIVES HIS HARNESS BELLS A SHAKE  is 2.000000, word count is 7, current best is 
Average for TO ASK IF THERE'S SOME mistake.  is 1.857143, word count is 7, current best is 
Average for THE ONLY other sound'S THE SWEEP  is 1.714286, word count is 7, current best is 
Average for Of EASY wind AND DOWNY FLAKE.  is 1.666667, word count is 6, current best is 
Average for THE WOODS are lovely, DARK, AND DEEP,  is 1.714286, word count is 7, current best is 
Average for But I HAVE PROMISES to KEEP,  is 1.666667, word count is 6, current best is 
Average for AND miles to GO before I SLEEP,  is 1.571429, word count is 7, current best is 
Average for AND miles TO go BEFORE I SLEEP. is 1.714286, word count is 7, current best is 
7
Average for ALL the WORLD'S A stage, is 1.666667, word count is 6, current best is 
Setting best
Average for AND ALL THE MEN AND WOMEN MERELY PLAYERS; is 2.000000, word count is 8, current best is 
Setting best
Average for THEY HAVE THEIR EXITS AND THEIR entrances, is 1.857143, word count is 7, current best is 
Average for And ONE man IN HIS TIME PLAYS MANY parts, is 1.666667, word count is 9, current best is 
Average for HIS acts BEING seven AGES. At FIRST, THE infant, is 1.555556, word count is 9, current best is 
Average for Mewling AND puking in the NURSE'S ARMS. is 1.500000, word count is 8, current best is 
Average for THEN the whining SCHOOLBOY, WITH his SATCHEL is 1.500000, word count is 6, current best is 
Average for AND shining morning FACE, CREEPING LIKE SNAIL is 1.666667, word count is 6, current best is 
Average for UNWILLINGLY to school. And then THE LOVER, is 1.428571, word count is 7, current best is 
Average for SIGHING LIKE FURNACE, WITH A woeful ballad is 1.833333, word count is 6, current best is 
Average for MADE to HIS MISTRESS' eyebrow. THEN a SOLDIER, is 1.625000, word count is 8, current best is 
Average for Full OF STRANGE OATHS AND bearded LIKE THE PARD, is 1.777778, word count is 9, current best is 
Average for Jealous IN honor, SUDDEN AND QUICK in QUARREL, is 1.625000, word count is 8, current best is 
Average for Seeking the BUBBLE reputation is 1.333333, word count is 3, current best is 
Average for EVEN IN THE CANNON'S MOUTH. AND THEN THE JUSTICE, is 2.000000, word count is 10, current best is 
Average for IN fair round belly WITH GOOD CAPON LINED, is 1.625000, word count is 8, current best is 
Average for With eyes SEVERE AND BEARD OF formal cut, is 1.500000, word count is 8, current best is 
Average for FULL of WISE saws AND MODERN INSTANCES; is 1.714286, word count is 7, current best is 
Average for AND so he plays HIS PART. The SIXTH AGE shifts is 1.555556, word count is 9, current best is 
Average for INTO THE lean AND SLIPPERED pantaloon, is 1.666667, word count is 6, current best is 
Average for WITH spectacles on nose and POUCH on SIDE; is 1.375000, word count is 8, current best is 
Average for HIS YOUTHFUL HOSE, WELL saved, A WORLD TOO wide is 1.875000, word count is 8, current best is 
Average for For his shrunk shank, and HIS BIG MANLY voice, is 1.333333, word count is 9, current best is 
Average for TURNING AGAIN TOWARD CHILDISH TREBLE, PIPES is 2.000000, word count is 5, current best is 
Average for AND WHISTLES IN HIS SOUND. LAST SCENE OF ALL, is 2.000000, word count is 9, current best is 
Average for THAT ENDS THIS STRANGE EVENTFUL HISTORY, is 2.000000, word count is 6, current best is 
Average for IS SECOND CHILDISHNESS AND MERE OBLIVION, is 2.000000, word count is 6, current best is 
Average for Sans TEETH, SANS eyes, SANS TASTE, SANS everything. is 1.625000, word count is 8, current best is 
2
Average for THERE is ANOTHER SKY, is 1.750000, word count is 4, current best is 
Setting best
Average for EVER SERENE and FAIR, is 1.750000, word count is 4, current best is 
Setting best
Average for AND there is another SUNSHINE, is 1.400000, word count is 5, current best is 
Setting best
Average for THOUGH IT BE darkness THERE; is 1.800000, word count is 5, current best is 
Setting best
Average for NEVER mind FADED FORESTS, AUSTIN, is 1.800000, word count is 5, current best is 
Setting best
Average for NEVER MIND SILENT FIELDS - is 2.000000, word count is 4, current best is 
Setting best
Average for HERE is A LITTLE forest, is 1.600000, word count is 5, current best is 
Average for Whose LEAF IS ever GREEN; is 1.600000, word count is 5, current best is 
Average for HERE IS A brighter garden, is 1.600000, word count is 5, current best is 
Average for WHERE not A FROST has been; is 1.500000, word count is 6, current best is 
Average for In ITS unfading FLOWERS is 1.333333, word count is 3, current best is 
Average for I HEAR THE BRIGHT bee HUM: is 1.833333, word count is 6, current best is 
Average for PRITHEE, my brother, is 1.333333, word count is 3, current best is 
Average for Into MY GARDEN come! is 1.500000, word count is 4, current best is 
6
Average for 'TWAS THE night BEFORE CHRISTMAS, WHEN ALL THROUGH THE HOUSE is 1.888889, word count is 9, current best is 
Setting best
Average for NOT a CREATURE WAS STIRRING, NOT even A MOUSE; is 1.777778, word count is 9, current best is 
Setting best
Average for THE stockings WERE HUNG BY the chimney with CARE, is 1.555556, word count is 9, current best is 
Setting best
Average for IN HOPES that ST. NICHOLAS soon would be THERE; is 1.555556, word count is 9, current best is 
Setting best
Average for THE CHILDREN WERE NESTLED all snug IN their BEDS; is 1.666667, word count is 9, current best is 
Setting best
Average for WHILE VISIONS OF SUGAR-plums DANCED IN their HEADS; is 1.777778, word count is 9, current best is 
Setting best
Average for And MAMMA IN HER 'KERCHIEF, AND I in my CAP, is 1.700000, word count is 10, current best is 
Setting best
Average for HAD JUST settled our BRAINS FOR A long WINTER's NAP, is 1.636364, word count is 11, current best is 
Setting best
Average for WHEN out on THE LAWN there arose SUCH A CLATTER, is 1.600000, word count is 10, current best is 
Setting best
Average for I sprang FROM my BED TO see what WAS the MATTER. is 1.545455, word count is 11, current best is 
Setting best
Average for AWAY to the WINDOW I FLEW LIKE A flash, is 1.666667, word count is 9, current best is 
Setting best
Average for TORE OPEN THE SHUTTERS and THREW UP THE sash. is 1.777778, word count is 9, current best is 
Setting best
Average for The moon ON the breast of the NEW-FALLEN SNOW, is 1.400000, word count is 10, current best is 
Setting best
Average for GAVE A lustre OF MIDDAY to objects BELOW, is 1.625000, word count is 8, current best is 
Setting best
Average for WHEN WHAT TO my wondering EYES DID APPEAR, is 1.750000, word count is 8, current best is 
Setting best
Average for BUT A MINIATURE sleigh AND EIGHT TINY rein-deer, is 1.666667, word count is 9, current best is 
Setting best
Average for WITH A LITTLE old driver SO LIVELY and QUICK, is 1.666667, word count is 9, current best is 
Setting best
Average for I KNEW IN A moment HE MUST BE ST. Nick. is 1.800000, word count is 10, current best is 
Setting best
Average for More RAPID than eagles HIS COURSERS they came, is 1.375000, word count is 8, current best is 
Setting best
Average for AND HE WHISTLED, AND shouted, AND called THEM BY NAME: is 1.800000, word count is 10, current best is 
Setting best
Average for "NOW, DASHER! NOW, DANCER! NOW Prancer AND VIXEN! is 1.875000, word count is 8, current best is 
Setting best
Average for ON, COMET! on, CUPID! on, DONDER AND Blixen! is 1.625000, word count is 8, current best is 
Setting best
Average for TO the top OF THE PORCH! TO THE TOP OF THE WALL! is 1.833333, word count is 12, current best is 
Setting best
Average for NOW DASH AWAY! DASH AWAY! DASH AWAY all!" is 1.875000, word count is 8, current best is 
Setting best
Average for AS leaves THAT before the wild hurricane fly, is 1.250000, word count is 8, current best is 
Setting best
Average for WHEN THEY MEET with AN OBSTACLE, MOUNT TO THE SKY; is 1.900000, word count is 10, current best is 
Setting best
Average for So UP TO THE HOUSETOP THE coursers THEY FLEW is 1.750000, word count is 8, current best is 
Setting best
Average for With THE SLEIGH full OF toys, and St. Nicholas too- is 1.300000, word count is 10, current best is 
Setting best
Average for And THEN, IN A twinkling, I HEARD ON the ROOF is 1.666667, word count is 9, current best is 
Setting best
Average for THE PRANCING AND PAWING OF EACH little hoof. is 1.750000, word count is 8, current best is 
Setting best
Average for As I drew in my head, AND WAS TURNING AROUND, is 1.500000, word count is 10, current best is 
Setting best
Average for Down THE CHIMNEY St. Nicholas CAME WITH A BOUND. is 1.666667, word count is 9, current best is 
Setting best
Average for HE WAS dressed ALL IN fur, FROM his HEAD TO HIS FOOT, is 1.750000, word count is 12, current best is 
Setting best
Average for And his CLOTHES WERE ALL tarnished WITH ASHES AND SOOT; is 1.700000, word count is 10, current best is 
Setting best
Average for A BUNDLE OF toys he HAD flung ON his BACK, is 1.600000, word count is 10, current best is 
Setting best
Average for AND HE LOOKED LIKE A PEDLER JUST OPENING his PACK. is 1.900000, word count is 10, current best is 
Setting best
Average for HIS eyes-HOW THEY TWINKLED! HIS dimples, how merry! is 1.555556, word count is 9, current best is 
Setting best
Average for HIS CHEEKS were LIKE roses, HIS NOSE LIKE A CHERRY! is 1.800000, word count is 10, current best is 
Setting best
Average for HIS DROLL little MOUTH was drawn UP LIKE A BOW, is 1.700000, word count is 10, current best is 
Setting best
Average for And THE BEARD ON his chin WAS AS white AS the SNOW; is 1.583333, word count is 12, current best is 
Setting best
Average for THE STUMP OF a PIPE HE HELD TIGHT IN HIS teeth, is 1.818182, word count is 11, current best is 
Setting best
Average for And THE SMOKE, it ENCIRCLED HIS head like a WREATH; is 1.500000, word count is 10, current best is 
Setting best
Average for HE HAD a BROAD FACE AND A LITTLE round belly is 1.777778, word count is 9, current best is 
Setting best
Average for That SHOOK WHEN HE LAUGHED, like a bowl full of JELLY. is 1.454545, word count is 11, current best is 
Setting best
Average for HE WAS CHUBBY AND PLUMP, A RIGHT JOLLY OLD elf, is 1.900000, word count is 10, current best is 
Setting best
Average for AND I LAUGHED when I SAW him, IN SPITE OF MYSELF; is 1.818182, word count is 11, current best is 
Setting best
Average for A wink of HIS EYE AND a TWIST OF his HEAD is 1.600000, word count is 10, current best is 
Setting best
Average for SOON gave ME TO KNOW I HAD nothing TO DREAD; is 1.800000, word count is 10, current best is 
Setting best
Average for He SPOKE NOT A WORD, BUT WENT STRAIGHT TO his WORK, is 1.818182, word count is 11, current best is 
Setting best
Average for AND filled ALL the STOCKINGS; THEN TURNED WITH A JERK, is 1.800000, word count is 10, current best is 
Setting best
Average for AND laying HIS finger ASIDE OF his NOSE, is 1.625000, word count is 8, current best is 
Setting best
Average for AND GIVING a nod, UP the chimney HE ROSE; is 1.555556, word count is 9, current best is 
Setting best
Average for HE sprang to HIS SLEIGH, TO HIS team GAVE a WHISTLE, is 1.636364, word count is 11, current best is 
Setting best
Average for AND AWAY THEY all flew LIKE THE DOWN OF A thistle. is 1.727273, word count is 11, current best is 
Setting best
Average for BUT I HEARD HIM exclaim, ERE HE DROVE OUT OF SIGHT- is 1.909091, word count is 11, current best is 
Setting best
Average for "HAPPY CHRISTMAS TO all, AND TO ALL A GOOD night!" is 1.800000, word count is 10, current best is 
Setting best
56
Average for I'll tell YOU the STORY OF CLOONY THE Clown is 1.666667, word count is 9, current best is 
Setting best
Average for Who worked IN A circus THAT came THROUGH town. is 1.444444, word count is 9, current best is 
Setting best
Average for HIS SHOES WERE TOO BIG AND his hat WAS too SMALL, is 1.727273, word count is 11, current best is 
Setting best
Average for BUT HE just WASN'T, just WASN'T FUNNY at ALL. is 1.727273, word count is 11, current best is 
Setting best
Average for HE HAD A TROMBONE TO play LOUD silly TUNES, is 1.777778, word count is 9, current best is 
Setting best
Average for HE HAD a GREEN DOG and A THOUSAND BALLOONS. is 1.777778, word count is 9, current best is 
Setting best
Average for He was floppy AND sloppy AND SKINNY AND TALL, is 1.555556, word count is 9, current best is 
Setting best
Average for But HE just WASN'T, JUST wasn'T FUNNY AT ALL. is 1.727273, word count is 11, current best is 
Setting best
Average for AND every time HE did A TRICK, is 1.571429, word count is 7, current best is 
Setting best
Average for EVERYONE FELT A LITTLE sick. is 1.800000, word count is 5, current best is 
Setting best
Average for AND EVERY TIME HE told a JOKE, is 1.714286, word count is 7, current best is 
Setting best
Average for Folks sighed as IF THEIR HEARTS were broke. is 1.375000, word count is 8, current best is 
Setting best
Average for AND every TIME he LOST A SHOE, is 1.714286, word count is 7, current best is 
Setting best
Average for EVERYONE LOOKED AWFULLY BLUE. is 2.000000, word count is 4, current best is 
Setting best
Average for And EVERY time HE STOOD ON HIS HEAD, is 1.750000, word count is 8, current best is 
Average for Everyone screamed, "GO BACK TO BED!" is 1.666667, word count is 6, current best is 
Average for AND every time he MADE A LEAP, is 1.571429, word count is 7, current best is 
Average for EVERYBODY fell asleep. is 1.333333, word count is 3, current best is 
Average for AND every time HE ATE HIS TIE, is 1.714286, word count is 7, current best is 
Average for EVERYONE BEGAN TO CRY. is 2.000000, word count is 4, current best is 
Average for And Cloony COULD NOT make ANY MONEY is 1.500000, word count is 6, current best is 
Average for SIMPLY BECAUSE HE WAS NOT FUNNY. is 2.000000, word count is 6, current best is 
Average for ONE day he SAID, "I'll TELL THIS TOWN is 1.625000, word count is 8, current best is 
Average for HOW it FEELS TO BE AN UNFUNNY CLOWN." is 1.875000, word count is 8, current best is 
Average for AND HE told THEM ALL WHY HE LOOKED SO SAD, is 1.900000, word count is 10, current best is 
Average for AND he TOLD them all why HE felt SO BAD. is 1.500000, word count is 10, current best is 
Average for HE TOLD OF Pain AND Rain and COLD, is 1.625000, word count is 8, current best is 
Average for He TOLD OF DARKNESS IN his soul, is 1.571429, word count is 7, current best is 
Average for AND AFTER HE finished his TALE OF WOE, is 1.750000, word count is 8, current best is 
Average for DID EVERYONE cry? Oh no, no, NO, is 1.428571, word count is 7, current best is 
Average for They LAUGHED UNTIL THEY SHOOK the trees is 1.666667, word count is 6, current best is 
Average for WITH "Hah-Hah-Hahs" AND "HEE-HEE-HEES." is 1.625000, word count is 8, current best is 
Average for THEY LAUGHED WITH HOWLS AND YOWLS and shrieks, is 1.750000, word count is 8, current best is 
Average for THEY laughed all day, they LAUGHED all WEEK, is 1.375000, word count is 8, current best is 
Average for THEY LAUGHED UNTIL THEY had a FIT, is 1.714286, word count is 7, current best is 
Average for THEY LAUGHED UNTIL THEIR jackets SPLIT. is 1.833333, word count is 6, current best is 
Average for The LAUGHTER SPREAD for MILES AROUND is 1.600000, word count is 5, current best is 
Average for To EVERY CITY, EVERY TOWN, is 1.800000, word count is 5, current best is 
Average for OVER MOUNTAINS, 'CROSS the SEA, is 1.800000, word count is 5, current best is 
Average for FROM Saint Tropez TO MUN San NEE. is 1.571429, word count is 7, current best is 
Average for And SOON THE WHOLE WORLD rang with LAUGHTER, is 1.625000, word count is 8, current best is 
Average for LASTING TILL forever AFTER, is 1.750000, word count is 4, current best is 
Average for WHILE Cloony stood in the CIRCUS TENT, is 1.428571, word count is 7, current best is 
Average for WITH HIS HEAD DROOPED low AND HIS SHOULDERS BENT. is 1.888889, word count is 9, current best is 
Average for AND HE SAID,"THAT IS NOT WHAT I MEANT - is 2.000000, word count is 9, current best is 
Average for I'M FUNNY JUST BY ACCIDENT." is 2.000000, word count is 6, current best is 
Average for AND while THE WORLD LAUGHED OUTSIDE. is 1.833333, word count is 6, current best is 
Average for CLOONY THE Clown SAT DOWN AND cried. is 1.714286, word count is 7, current best is 
14
Average for NAKED you ARE simple AS ONE OF YOUR HANDS; is 1.777778, word count is 9, current best is 
Setting best
Average for SMOOTH, earthy, small, transparent, ROUND. is 1.400000, word count is 5, current best is 
Setting best
Average for YOU'VE MOON-LINES, apple pathways is 1.800000, word count is 5, current best is 
Setting best
Average for NAKED you ARE SLENDER as a NAKED GRAIN OF WHEAT. is 1.700000, word count is 10, current best is 
Setting best
Average for NAKED you ARE BLUE AS A NIGHT in CUBA; is 1.777778, word count is 9, current best is 
Setting best
Average for YOU'VE vines AND STARS IN YOUR HAIR. is 1.875000, word count is 8, current best is 
Setting best
Average for NAKED YOU ARE spacious and yellow is 1.600000, word count is 5, current best is 
Setting best
Average for AS SUMMER IN A GOLDEN church. is 1.833333, word count is 6, current best is 
Setting best
Average for Naked YOU are tiny AS ONE OF your nails; is 1.444444, word count is 9, current best is 
Setting best
Average for Curved, subtle, ROSY, TILL the DAY is BORN is 1.428571, word count is 7, current best is 
Setting best
Average for AND YOU WITHDRAW to THE underground WORLD. is 1.714286, word count is 7, current best is 
Setting best
Average for As IF down A LONG tunnel of CLOTHING AND of chores; is 1.454545, word count is 11, current best is 
Setting best
Average for Your clear light DIMS, gets DRESSED, DROPS ITS leaves, is 1.444444, word count is 9, current best is 
Setting best
Average for And becomes a NAKED HAND again. is 1.333333, word count is 6, current best is 
Setting best
14
Average for The SHADES of night were falling FAST, is 1.285714, word count is 7, current best is 
Setting best
Average for AS THROUGH AN ALPINE village passed is 1.800000, word count is 5, current best is 
Setting best
Average for A YOUTH, WHO bore, 'MID SNOW AND ICE, is 1.875000, word count is 8, current best is 
Setting best
Average for A BANNER with THE STRANGE DEVICE, is 1.833333, word count is 6, current best is 
Setting best
Average for EXCELSIOR! is 2.000000, word count is 1, current best is 
Setting best
Average for HIS brow WAS SAD; HIS EYE BENEATH, is 1.857143, word count is 7, current best is 
Average for Flashed like A FALCHION from ITS sheath, is 1.428571, word count is 7, current best is 
Average for AND LIKE a SILVER CLARION rung is 1.800000, word count is 5, current best is 
Average for THE ACCENTS OF that UNKNOWN TONGUE, is 1.833333, word count is 6, current best is 
Average for EXCELSIOR! is 2.000000, word count is 1, current best is 
Average for In HAPPY HOMES he SAW THE LIGHT is 1.666667, word count is 6, current best is 
Average for OF HOUSEHOLD FIRES GLEAM WARM AND BRIGHT; is 2.000000, word count is 7, current best is 
Average for ABOVE, the SPECTRAL GLACIERS SHONE, is 1.800000, word count is 5, current best is 
Average for AND FROM HIS LIPS escaped A groan, is 1.714286, word count is 7, current best is 
Average for EXCELSIOR! is 2.000000, word count is 1, current best is 
Average for "TRY NOT THE Pass!" THE OLD MAN SAID: is 1.875000, word count is 8, current best is 
Average for "Dark LOWERS the TEMPEST overhead, is 1.400000, word count is 5, current best is 
Average for The ROARING torrent is DEEP AND WIDE! is 1.571429, word count is 7, current best is 
Average for And LOUD that clarion VOICE replied, is 1.333333, word count is 6, current best is 
Average for EXCELSIOR! is 2.000000, word count is 1, current best is 
Average for "OH stay," THE MAIDEN SAID, "AND REST is 1.833333, word count is 6, current best is 
Average for Thy weary HEAD upon THIS breast!" is 1.333333, word count is 6, current best is 
Average for A tear stood IN his bright blue EYE, is 1.375000, word count is 8, current best is 
Average for BUT STILL he answered, WITH a SIGH, is 1.571429, word count is 7, current best is 
Average for EXCELSIOR! is 2.000000, word count is 1, current best is 
Average for "BEWARE the PINE-TREE's withered BRANCH! is 1.571429, word count is 7, current best is 
Average for BEWARE THE AWFUL AVALANCHE!" is 2.000000, word count is 4, current best is 
Average for THIS was THE peasant'S last Good-NIGHT, is 1.500000, word count is 8, current best is 
Average for A VOICE REPLIED, FAR UP the HEIGHT, is 1.857143, word count is 7, current best is 
Average for EXCELSIOR! is 2.000000, word count is 1, current best is 
Average for AT BREAK OF DAY, AS HEAVENWARD is 2.000000, word count is 5, current best is 
Average for The pious monks of SAINT BERNARD is 1.200000, word count is 5, current best is 
Average for UTTERED THE OFT-repeated prayer, is 1.600000, word count is 5, current best is 
Average for A VOICE CRIED THROUGH THE STARTLED AIR, is 2.000000, word count is 7, current best is 
Average for Excelsior! is 1.000000, word count is 1, current best is 
Average for A TRAVELLER, BY THE FAITHFUL HOUND, is 2.000000, word count is 6, current best is 
Average for HALF-BURIED in THE snow was FOUND, is 1.571429, word count is 7, current best is 
Average for STILL grasping in his HAND OF ICE is 1.500000, word count is 6, current best is 
Average for THAT BANNER with THE STRANGE DEVICE, is 1.833333, word count is 6, current best is 
Average for EXCELSIOR! is 2.000000, word count is 1, current best is 
Average for THERE IN the twilight COLD AND GRAY, is 1.714286, word count is 7, current best is 
Average for Lifeless, but BEAUTIFUL, HE LAY, is 1.600000, word count is 5, current best is 
Average for And FROM the SKY, SERENE AND FAR, is 1.714286, word count is 7, current best is 
Average for A VOICE fell, like A FALLING STAR, is 1.714286, word count is 7, current best is 
Average for Excelsior! is 1.000000, word count is 1, current best is 
5
