Case #1:
GGG
CCC
JJJ
Case #2:
CODE
CODE
CJAM
Case #3:
CA
KE
Case #4:
BBB
AAA
Case #5:
FFGA
HHDC
HHBE
Case #6:
JBE
KCD
HLA
GIF
Case #7:
AAAA
BBBB
CCCC
Case #8:
CCDD
CCAE
BBAE
Case #9:
AAA
Case #10:
AABB
CCCD
EEFD
Case #11:
AABBCC
DDDEEF
Case #12:
DDD
DDD
CAE
BAF
Case #13:
AB
Case #14:
LEGK
DJFC
HIBA
Case #15:
FFF
EBA
EBA
ECD
Case #16:
FCC
FCC
BBA
DEA
Case #17:
AAAA
CCCC
EEDB
Case #18:
CFD
GEA
BIL
JKH
Case #19:
DDD
BBB
AEE
FFC
Case #20:
HHJ
EFG
CIB
AKD
Case #21:
BBBA
BBBA
CCDE
Case #22:
A
A
B
B
C
C
D
D
E
E
F
F
Case #23:
FDAI
HCBE
HGBE
Case #24:
CCJJ
CCJJ
CCJJ
Case #25:
EDB
ECA
Case #26:
BBB
DFF
DEE
CCA
Case #27:
AJG
LDH
CEI
FBK
Case #28:
FFF
FFF
ECC
BDA
Case #29:
DDD
CCA
CCE
BBF
Case #30:
GGG
EEE
CCA
FBD
Case #31:
FCDJ
KEGB
ALIH
Case #32:
DB
AC
Case #33:
AABBCCDDEEFF
Case #34:
DAAA
DBBB
CEEE
Case #35:
DDD
DDD
CCE
FBA
Case #36:
EE
DD
BB
AA
CC
CC
Case #37:
AAAA
BBBB
CCCC
Case #38:
BBB
EEA
CCA
DDF
Case #39:
EFB
CHJ
LKD
GIA
Case #40:
ACCC
AEEE
BBDF
Case #41:
AB
AB
Case #42:
EEEE
CDGG
BAFF
Case #43:
CC
AB
Case #44:
BBB
BBB
EDD
CAF
Case #45:
DDDD
EEAC
BBAC
Case #46:
EFFF
CHII
BDAG
Case #47:
FFFF
ADDD
EBCC
Case #48:
AGCC
HDIF
EBIF
Case #49:
AA
AA
Case #50:
BBHC
EEDA
IFGJ
Case #51:
CBA
Case #52:
AKK
CEJ
HDF
GIB
Case #53:
AAAA
BBBB
CCCC
Case #54:
AA
Case #55:
DDD
BBA
EFA
EFC
Case #56:
AHHH
FEII
CDGB
Case #57:
BAIE
KHJD
LFGC
Case #58:
DDD
BBB
FEE
CAA
Case #59:
ACB
AEF
AED
AED
Case #60:
DDDE
BBBC
AAAC
Case #61:
B
A
Case #62:
ABCC
ABDD
AEDD
Case #63:
AAB
CCB
CCD
EEF
Case #64:
AA
AA
AA
BB
Case #65:
AAB
Case #66:
EEEE
FDDD
ABCC
Case #67:
ABCD
ABCD
ABCD
Case #68:
AAAA
BBBB
CCCC
Case #69:
FFF
DCA
DEA
DEB
Case #70:
KHJB
DIAC
GLEF
Case #71:
JGBC
DIFK
EHAK
Case #72:
CCC
DDD
FFE
AAB
Case #73:
AAC
BBC
Case #74:
ABC
DBC
DBE
Case #75:
AAB
CCB
DDE
FFE
Case #76:
HFAE
DGJB
DIKC
Case #77:
DCC
FBG
AEG
AEG
Case #78:
CBE
FAD
Case #79:
AAA
BBF
EDC
EDC
Case #80:
DDDD
BBAE
BBAC
Case #81:
BBBB
AAAA
Case #82:
AAAA
CCCE
DDBE
Case #83:
ABCD
ABCD
ABCD
Case #84:
BBA
DDC
Case #85:
A
Case #86:
GBH
DCJ
KAF
LEI
Case #87:
BCCC
BAAA
DDDE
Case #88:
GKA
JEL
DIH
FCB
Case #89:
AA
BB
CC
DD
EE
FF
Case #90:
DAAA
DCCC
DEBB
Case #91:
CEEE
DBBB
ABBB
Case #92:
AAA
AAA
Case #93:
CCC
AED
ABD
ABD
Case #94:
FEE
FDD
BBA
BBC
Case #95:
A
A
Case #96:
DDCC
DDCC
BBAE
Case #97:
ABCD
ABCD
ABCD
Case #98:
ADD
BDD
CCE
Case #99:
EEEE
BBBB
ACCD
Case #100:
CCC
EEE
FFF
DBA
